Log file open, 07/12/18 12:43:52
LogWindows: Failed to load 'aqProf.dll' (GetLastError=126)
LogWindows: File 'aqProf.dll' does not exist
LogWindows: Failed to load 'VtuneApi.dll' (GetLastError=126)
LogWindows: File 'VtuneApi.dll' does not exist
LogWindows: Failed to load 'VtuneApi32e.dll' (GetLastError=126)
LogWindows: File 'VtuneApi32e.dll' does not exist
LogInit: Display: Running engine for game: MultiplayerShootout
LogPlatformFile: Not using cached read wrapper
LogInit: Display: RandInit(-671146395) SRandInit(-671146395).
LogInit: Read version file with build ID '3944462'
LogInit: Overriding engine version to CL 4033788, compatible CL 3944462
LogInit: Registered custom module enumerator with build ID '3944462'
LogTaskGraph: Started task graph with 5 named threads and 23 total threads with 3 sets of task threads.
LogStats: Stats thread started at 0.245003
LogD3D11RHI: Aftermath initialized
LogICUInternationalization: Display: ICU TimeZone Detection - Raw Offset: +1:00, Platform Override: ''
LogModuleManager: Display: Found up-to-date module file ../../../Engine/Plugins/2D/Paper2D/Binaries/Win64/UE4Editor-Paper2D.dll (API version 3944462).
LogModuleManager: Display: Found up-to-date module file ../../../Engine/Plugins/2D/Paper2D/Binaries/Win64/UE4Editor-Paper2DEditor.dll (API version 3944462).
LogModuleManager: Display: Found up-to-date module file ../../../Engine/Plugins/2D/Paper2D/Binaries/Win64/UE4Editor-PaperSpriteSheetImporter.dll (API version 3944462).
LogModuleManager: Display: Found up-to-date module file ../../../Engine/Plugins/2D/Paper2D/Binaries/Win64/UE4Editor-PaperTiledImporter.dll (API version 3944462).
LogModuleManager: Display: Found up-to-date module file ../../../Engine/Plugins/2D/Paper2D/Binaries/Win64/UE4Editor-SmartSnapping.dll (API version 3944462).
LogModuleManager: Display: Found up-to-date module file ../../../Engine/Plugins/Blendables/LightPropagationVolume/Binaries/Win64/UE4Editor-LightPropagationVolumeRuntime.dll (API version 3944462).
LogModuleManager: Display: Found up-to-date module file ../../../Engine/Plugins/Blendables/LightPropagationVolume/Binaries/Win64/UE4Editor-LightPropagationVolumeEditor.dll (API version 3944462).
LogModuleManager: Display: Found up-to-date module file ../../../Engine/Plugins/Developer/CLionSourceCodeAccess/Binaries/Win64/UE4Editor-CLionSourceCodeAccess.dll (API version 3944462).
LogModuleManager: Display: Found up-to-date module file ../../../Engine/Plugins/Developer/GitSourceControl/Binaries/Win64/UE4Editor-GitSourceControl.dll (API version 3944462).
LogModuleManager: Display: Found up-to-date module file ../../../Engine/Plugins/Developer/PerforceSourceControl/Binaries/Win64/UE4Editor-PerforceSourceControl.dll (API version 3944462).
LogModuleManager: Display: Found up-to-date module file ../../../Engine/Plugins/Developer/SubversionSourceControl/Binaries/Win64/UE4Editor-SubversionSourceControl.dll (API version 3944462).
LogModuleManager: Display: Found up-to-date module file ../../../Engine/Plugins/Developer/UObjectPlugin/Binaries/Win64/UE4Editor-UObjectPlugin.dll (API version 3944462).
LogModuleManager: Display: Found up-to-date module file ../../../Engine/Plugins/Developer/VisualStudioCodeSourceCodeAccess/Binaries/Win64/UE4Editor-VisualStudioCodeSourceCodeAccess.dll (API version 3944462).
LogModuleManager: Display: Found up-to-date module file ../../../Engine/Plugins/Developer/VisualStudioSourceCodeAccess/Binaries/Win64/UE4Editor-VisualStudioSourceCodeAccess.dll (API version 3944462).
LogModuleManager: Display: Found up-to-date module file ../../../Engine/Plugins/Editor/AssetManagerEditor/Binaries/Win64/UE4Editor-AssetManagerEditor.dll (API version 3944462).
LogModuleManager: Display: Found up-to-date module file ../../../Engine/Plugins/Editor/CryptoKeys/Binaries/Win64/UE4Editor-CryptoKeys.dll (API version 3944462).
LogModuleManager: Display: Found up-to-date module file ../../../Engine/Plugins/Editor/CryptoKeys/Binaries/Win64/UE4Editor-CryptoKeysOpenSSL.dll (API version 3944462).
LogModuleManager: Display: Found up-to-date module file ../../../Engine/Plugins/Editor/DataValidation/Binaries/Win64/UE4Editor-DataValidation.dll (API version 3944462).
LogModuleManager: Display: Found up-to-date module file ../../../Engine/Plugins/Editor/FacialAnimation/Binaries/Win64/UE4Editor-FacialAnimation.dll (API version 3944462).
LogModuleManager: Display: Found up-to-date module file ../../../Engine/Plugins/Editor/FacialAnimation/Binaries/Win64/UE4Editor-FacialAnimationEditor.dll (API version 3944462).
LogModuleManager: Display: Found up-to-date module file ../../../Engine/Plugins/Editor/GameplayTagsEditor/Binaries/Win64/UE4Editor-GameplayTagsEditor.dll (API version 3944462).
LogModuleManager: Display: Found up-to-date module file ../../../Engine/Plugins/Editor/MobileLauncherProfileWizard/Binaries/Win64/UE4Editor-MobileLauncherProfileWizard.dll (API version 3944462).
LogModuleManager: Display: Found up-to-date module file ../../../Engine/Plugins/Editor/PluginBrowser/Binaries/Win64/UE4Editor-PluginBrowser.dll (API version 3944462).
LogModuleManager: Display: Found up-to-date module file ../../../Engine/Plugins/Editor/SpeedTreeImporter/Binaries/Win64/UE4Editor-SpeedTreeImporter.dll (API version 3944462).
LogModuleManager: Display: Found up-to-date module file ../../../Engine/Plugins/Enterprise/DatasmithContent/Binaries/Win64/UE4Editor-DatasmithContent.dll (API version 3944462).
LogModuleManager: Display: Found up-to-date module file ../../../Engine/Plugins/Experimental/AlembicImporter/Binaries/Win64/UE4Editor-AlembicImporter.dll (API version 3944462).
LogModuleManager: Display: Found up-to-date module file ../../../Engine/Plugins/Experimental/AlembicImporter/Binaries/Win64/UE4Editor-AlembicLibrary.dll (API version 3944462).
LogModuleManager: Display: Found up-to-date module file ../../../Engine/Plugins/Experimental/CharacterAI/Binaries/Win64/UE4Editor-CharacterAI.dll (API version 3944462).
LogModuleManager: Display: Found up-to-date module file ../../../Engine/Plugins/Experimental/HTML5Networking/Binaries/Win64/UE4Editor-HTML5Networking.dll (API version 3944462).
LogModuleManager: Display: Found up-to-date module file ../../../Engine/Plugins/Media/AndroidMedia/Binaries/Win64/UE4Editor-AndroidMediaEditor.dll (API version 3944462).
LogModuleManager: Display: Found up-to-date module file ../../../Engine/Plugins/Media/AndroidMedia/Binaries/Win64/UE4Editor-AndroidMediaFactory.dll (API version 3944462).
LogModuleManager: Display: Found up-to-date module file ../../../Engine/Plugins/Media/AvfMedia/Binaries/Win64/UE4Editor-AvfMediaEditor.dll (API version 3944462).
LogModuleManager: Display: Found up-to-date module file ../../../Engine/Plugins/Media/AvfMedia/Binaries/Win64/UE4Editor-AvfMediaFactory.dll (API version 3944462).
LogModuleManager: Display: Found up-to-date module file ../../../Engine/Plugins/Media/AvfMedia/Binaries/Win64/UE4Editor-AvfMediaFactory.dll (API version 3944462).
LogModuleManager: Display: Found up-to-date module file ../../../Engine/Plugins/Media/ImgMedia/Binaries/Win64/UE4Editor-ImgMedia.dll (API version 3944462).
LogModuleManager: Display: Found up-to-date module file ../../../Engine/Plugins/Media/ImgMedia/Binaries/Win64/UE4Editor-ImgMediaEditor.dll (API version 3944462).
LogModuleManager: Display: Found up-to-date module file ../../../Engine/Plugins/Media/ImgMedia/Binaries/Win64/UE4Editor-ImgMediaFactory.dll (API version 3944462).
LogModuleManager: Display: Found up-to-date module file ../../../Engine/Plugins/Media/ImgMedia/Binaries/Win64/UE4Editor-ImgMediaFactory.dll (API version 3944462).
LogModuleManager: Display: Found up-to-date module file ../../../Engine/Plugins/Media/ImgMedia/Binaries/Win64/UE4Editor-OpenExrWrapper.dll (API version 3944462).
LogModuleManager: Display: Found up-to-date module file ../../../Engine/Plugins/Media/LinearTimecode/Binaries/Win64/UE4Editor-LinearTimecode.dll (API version 3944462).
LogModuleManager: Display: Found up-to-date module file ../../../Engine/Plugins/Media/MediaCompositing/Binaries/Win64/UE4Editor-MediaCompositing.dll (API version 3944462).
LogModuleManager: Display: Found up-to-date module file ../../../Engine/Plugins/Media/MediaCompositing/Binaries/Win64/UE4Editor-MediaCompositingEditor.dll (API version 3944462).
LogModuleManager: Display: Found up-to-date module file ../../../Engine/Plugins/Media/MediaPlayerEditor/Binaries/Win64/UE4Editor-MediaPlayerEditor.dll (API version 3944462).
LogModuleManager: Display: Found up-to-date module file ../../../Engine/Plugins/Media/WmfMedia/Binaries/Win64/UE4Editor-WmfMedia.dll (API version 3944462).
LogModuleManager: Display: Found up-to-date module file ../../../Engine/Plugins/Media/WmfMedia/Binaries/Win64/UE4Editor-WmfMediaEditor.dll (API version 3944462).
LogModuleManager: Display: Found up-to-date module file ../../../Engine/Plugins/Media/WmfMedia/Binaries/Win64/UE4Editor-WmfMediaFactory.dll (API version 3944462).
LogModuleManager: Display: Found up-to-date module file ../../../Engine/Plugins/Media/WmfMedia/Binaries/Win64/UE4Editor-WmfMediaFactory.dll (API version 3944462).
LogModuleManager: Display: Found up-to-date module file ../../../Engine/Plugins/Messaging/TcpMessaging/Binaries/Win64/UE4Editor-TcpMessaging.dll (API version 3944462).
LogModuleManager: Display: Found up-to-date module file ../../../Engine/Plugins/Messaging/UdpMessaging/Binaries/Win64/UE4Editor-UdpMessaging.dll (API version 3944462).
LogModuleManager: Display: Found up-to-date module file ../../../Engine/Plugins/MovieScene/ActorSequence/Binaries/Win64/UE4Editor-ActorSequence.dll (API version 3944462).
LogModuleManager: Display: Found up-to-date module file ../../../Engine/Plugins/MovieScene/LevelSequenceEditor/Binaries/Win64/UE4Editor-LevelSequenceEditor.dll (API version 3944462).
LogModuleManager: Display: Found up-to-date module file ../../../Engine/Plugins/MovieScene/MatineeToLevelSequence/Binaries/Win64/UE4Editor-MatineeToLevelSequence.dll (API version 3944462).
LogModuleManager: Display: Found up-to-date module file ../../../Engine/Plugins/NetcodeUnitTest/NetcodeUnitTest/Binaries/Win64/UE4Editor-NetcodeUnitTest.dll (API version 3944462).
LogModuleManager: Display: Found up-to-date module file ../../../Engine/Plugins/NetcodeUnitTest/NUTUnrealEngine4/Binaries/Win64/UE4Editor-NUTUnrealEngine4.dll (API version 3944462).
LogModuleManager: Display: Found up-to-date module file ../../../Engine/Plugins/Online/OnlineSubsystem/Binaries/Win64/UE4Editor-OnlineSubsystem.dll (API version 3944462).
LogModuleManager: Display: Found up-to-date module file ../../../Engine/Plugins/Runtime/AndroidPermission/Binaries/Win64/UE4Editor-AndroidPermission.dll (API version 3944462).
LogModuleManager: Display: Found up-to-date module file ../../../Engine/Plugins/Online/OnlineSubsystemNull/Binaries/Win64/UE4Editor-OnlineSubsystemNull.dll (API version 3944462).
LogModuleManager: Display: Found up-to-date module file ../../../Engine/Plugins/Online/OnlineSubsystemUtils/Binaries/Win64/UE4Editor-OnlineSubsystemUtils.dll (API version 3944462).
LogModuleManager: Display: Found up-to-date module file ../../../Engine/Plugins/Online/OnlineSubsystemUtils/Binaries/Win64/UE4Editor-OnlineBlueprintSupport.dll (API version 3944462).
LogModuleManager: Display: Found up-to-date module file ../../../Engine/Plugins/Runtime/AndroidDeviceProfileSelector/Binaries/Win64/UE4Editor-AndroidDeviceProfileSelector.dll (API version 3944462).
LogModuleManager: Display: Found up-to-date module file ../../../Engine/Plugins/Runtime/AppleARKit/Binaries/Win64/UE4Editor-AppleARKit.dll (API version 3944462).
LogModuleManager: Display: Found up-to-date module file ../../../Engine/Plugins/Runtime/ProceduralMeshComponent/Binaries/Win64/UE4Editor-ProceduralMeshComponent.dll (API version 3944462).
LogModuleManager: Display: Found up-to-date module file ../../../Engine/Plugins/Runtime/ProceduralMeshComponent/Binaries/Win64/UE4Editor-ProceduralMeshComponentEditor.dll (API version 3944462).
LogModuleManager: Display: Found up-to-date module file ../../../Engine/Plugins/Animation/LiveLink/Binaries/Win64/UE4Editor-LiveLink.dll (API version 3944462).
LogModuleManager: Display: Found up-to-date module file ../../../Engine/Plugins/Animation/LiveLink/Binaries/Win64/UE4Editor-LiveLinkEditor.dll (API version 3944462).
LogModuleManager: Display: Found up-to-date module file ../../../Engine/Plugins/Runtime/ArchVisCharacter/Binaries/Win64/UE4Editor-ArchVisCharacter.dll (API version 3944462).
LogModuleManager: Display: Found up-to-date module file ../../../Engine/Plugins/Runtime/AudioCapture/Binaries/Win64/UE4Editor-AudioCapture.dll (API version 3944462).
LogModuleManager: Display: Found up-to-date module file ../../../Engine/Plugins/Runtime/AudioCapture/Binaries/Win64/UE4Editor-AudioCaptureEditor.dll (API version 3944462).
LogModuleManager: Display: Found up-to-date module file ../../../Engine/Plugins/Runtime/CableComponent/Binaries/Win64/UE4Editor-CableComponent.dll (API version 3944462).
LogModuleManager: Display: Found up-to-date module file ../../../Engine/Plugins/Runtime/CustomMeshComponent/Binaries/Win64/UE4Editor-CustomMeshComponent.dll (API version 3944462).
LogModuleManager: Display: Found up-to-date module file ../../../Engine/Plugins/Runtime/ExampleDeviceProfileSelector/Binaries/Win64/UE4Editor-ExampleDeviceProfileSelector.dll (API version 3944462).
LogModuleManager: Display: Found up-to-date module file ../../../Engine/Plugins/Runtime/ImmediatePhysics/Binaries/Win64/UE4Editor-ImmediatePhysics.dll (API version 3944462).
LogModuleManager: Display: Found up-to-date module file ../../../Engine/Plugins/Runtime/ImmediatePhysics/Binaries/Win64/UE4Editor-ImmediatePhysicsEditor.dll (API version 3944462).
LogModuleManager: Display: Found up-to-date module file ../../../Engine/Plugins/Runtime/LocationServicesBPLibrary/Binaries/Win64/UE4Editor-LocationServicesBPLibrary.dll (API version 3944462).
LogModuleManager: Display: Found up-to-date module file ../../../Engine/Plugins/Runtime/MobilePatchingUtils/Binaries/Win64/UE4Editor-MobilePatchingUtils.dll (API version 3944462).
LogModuleManager: Display: Found up-to-date module file ../../../Engine/Plugins/Runtime/Oculus/OculusVR/Binaries/Win64/UE4Editor-OculusHMD.dll (API version 3944462).
LogModuleManager: Display: Found up-to-date module file ../../../Engine/Plugins/Runtime/Oculus/OculusVR/Binaries/Win64/UE4Editor-OculusInput.dll (API version 3944462).
LogModuleManager: Display: Found up-to-date module file ../../../Engine/Plugins/Runtime/Oculus/OculusVR/Binaries/Win64/UE4Editor-OculusEditor.dll (API version 3944462).
LogModuleManager: Display: Found up-to-date module file ../../../Engine/Plugins/Runtime/PhysXVehicles/Binaries/Win64/UE4Editor-PhysXVehicles.dll (API version 3944462).
LogModuleManager: Display: Found up-to-date module file ../../../Engine/Plugins/Runtime/PhysXVehicles/Binaries/Win64/UE4Editor-PhysXVehiclesEditor.dll (API version 3944462).
LogModuleManager: Display: Found up-to-date module file ../../../Engine/Plugins/Runtime/RuntimePhysXCooking/Binaries/Win64/UE4Editor-RuntimePhysXCooking.dll (API version 3944462).
LogModuleManager: Display: Found up-to-date module file ../../../Engine/Plugins/Runtime/Steam/SteamVR/Binaries/Win64/UE4Editor-SteamVR.dll (API version 3944462).
LogModuleManager: Display: Found up-to-date module file ../../../Engine/Plugins/Runtime/Steam/SteamVR/Binaries/Win64/UE4Editor-SteamVRController.dll (API version 3944462).
LogModuleManager: Display: Found up-to-date module file ../../../Engine/Plugins/Runtime/WindowsMoviePlayer/Binaries/Win64/UE4Editor-WindowsMoviePlayer.dll (API version 3944462).
LogPluginManager: Mounting plugin Paper2D
LogPluginManager: Mounting plugin LiveLink
LogPluginManager: Mounting plugin LightPropagationVolume
LogPluginManager: Mounting plugin CLionSourceCodeAccess
LogPluginManager: Mounting plugin CodeLiteSourceCodeAccess
LogPluginManager: Mounting plugin GitSourceControl
LogPluginManager: Mounting plugin KDevelopSourceCodeAccess
LogPluginManager: Mounting plugin NullSourceCodeAccess
LogPluginManager: Mounting plugin PerforceSourceControl
LogPluginManager: Mounting plugin SubversionSourceControl
LogPluginManager: Mounting plugin UObjectPlugin
LogPluginManager: Mounting plugin VisualStudioCodeSourceCodeAccess
LogPluginManager: Mounting plugin VisualStudioSourceCodeAccess
LogPluginManager: Mounting plugin XCodeSourceCodeAccess
LogPluginManager: Mounting plugin AssetManagerEditor
LogPluginManager: Mounting plugin CryptoKeys
LogPluginManager: Mounting plugin DataValidation
LogPluginManager: Mounting plugin FacialAnimation
LogPluginManager: Mounting plugin GameplayTagsEditor
LogPluginManager: Mounting plugin MobileLauncherProfileWizard
LogPluginManager: Mounting plugin PluginBrowser
LogPluginManager: Mounting plugin SpeedTreeImporter
LogPluginManager: Mounting plugin DatasmithContent
LogPluginManager: Mounting plugin AlembicImporter
LogPluginManager: Mounting plugin CharacterAI
LogPluginManager: Mounting plugin HTML5Networking
LogPluginManager: Mounting plugin AndroidMedia
LogPluginManager: Mounting plugin AvfMedia
LogPluginManager: Mounting plugin ImgMedia
LogPluginManager: Mounting plugin LinearTimecode
LogPluginManager: Mounting plugin MediaCompositing
LogPluginManager: Mounting plugin MediaPlayerEditor
LogPluginManager: Mounting plugin WmfMedia
LogPluginManager: Mounting plugin TcpMessaging
LogPluginManager: Mounting plugin UdpMessaging
LogPluginManager: Mounting plugin ActorSequence
LogPluginManager: Mounting plugin LevelSequenceEditor
LogPluginManager: Mounting plugin MatineeToLevelSequence
LogPluginManager: Mounting plugin NetcodeUnitTest
LogPluginManager: Mounting plugin NUTUnrealEngine4
LogPluginManager: Mounting plugin OnlineSubsystemGooglePlay
LogPluginManager: Mounting plugin OnlineSubsystemIOS
LogPluginManager: Mounting plugin OnlineSubsystem
LogPluginManager: Mounting plugin OnlineSubsystemNull
LogPluginManager: Mounting plugin OnlineSubsystemUtils
LogPluginManager: Mounting plugin AndroidDeviceProfileSelector
LogPluginManager: Mounting plugin AndroidMoviePlayer
LogPluginManager: Mounting plugin AndroidPermission
LogPluginManager: Mounting plugin AppleARKit
LogPluginManager: Mounting plugin AppleMoviePlayer
LogPluginManager: Mounting plugin ArchVisCharacter
LogPluginManager: Mounting plugin AudioCapture
LogPluginManager: Mounting plugin CableComponent
LogPluginManager: Mounting plugin CustomMeshComponent
LogPluginManager: Mounting plugin ExampleDeviceProfileSelector
LogPluginManager: Mounting plugin GoogleCloudMessaging
LogPluginManager: Mounting plugin ImmediatePhysics
LogPluginManager: Mounting plugin IOSDeviceProfileSelector
LogPluginManager: Mounting plugin LinuxDeviceProfileSelector
LogPluginManager: Mounting plugin LocationServicesBPLibrary
LogPluginManager: Mounting plugin MobilePatchingUtils
LogPluginManager: Mounting plugin OculusVR
LogPluginManager: Plugin shader directory ../../../Engine/Plugins/Runtime/Oculus/OculusVR/Shaders found
LogPluginManager: Mapping shader source directory ../../../Engine/Plugins/Runtime/Oculus/OculusVR/Shaders to virtual directory /Plugin/OculusVR
LogPluginManager: Mounting plugin PhysXVehicles
LogPluginManager: Mounting plugin ProceduralMeshComponent
LogPluginManager: Mounting plugin RuntimePhysXCooking
LogPluginManager: Mounting plugin SteamVR
LogPluginManager: Mounting plugin WindowsMoviePlayer
LogStreaming: Display: Took  0.570s to configure plugins.
LogInit: Using libcurl 7.47.1
LogInit:  - built for x86_64-pc-win32
LogInit:  - supports SSL with OpenSSL/1.0.2g
LogInit:  - supports HTTP deflate (compression) using libz 1.2.8
LogInit:  - other features:
LogInit:      CURL_VERSION_SSL
LogInit:      CURL_VERSION_LIBZ
LogInit:      CURL_VERSION_IPV6
LogInit:      CURL_VERSION_ASYNCHDNS
LogInit:      CURL_VERSION_LARGEFILE
LogInit:      CURL_VERSION_IDN
LogInit:  CurlRequestOptions (configurable via config and command line):
LogInit:  - bVerifyPeer = false  - Libcurl will NOT verify peer certificate
LogInit:  - bUseHttpProxy = false  - Libcurl will NOT use HTTP proxy
LogInit:  - bDontReuseConnections = false  - Libcurl will reuse connections
LogInit:  - CertBundlePath = nullptr  - Libcurl will use whatever was configured at build time.
LogInit:  - MaxHostConnections = 16  - Libcurl will limit the number of connections to a host
LogInit:  - LocalHostAddr = Default
LogModuleManager: Warning: No filename provided for module OnlineSubsystemSteam
LogModuleManager: Warning: ModuleManager: Unable to load module 'OnlineSubsystemSteam' because the file 'C:/Program Files/Epic Games/UE_4.19/Engine/Binaries/Win64/' was not found.
LogInit: WinSock: version 1.1 (2.2), MaxSocks=32767, MaxUdp=65467
LogInit: WinSock: I am DESKTOP-CM5Q3TF (192.168.8.102:0)
LogInit: Build: ++UE4+Release-4.19-CL-4033788
LogInit: Engine Version: 4.19.2-4033788+++UE4+Release-4.19
LogInit: Compatible Engine Version: 4.19.0-3944462+++UE4+Release-4.19
LogInit: Net CL: 3944462
LogDevObjectVersion: Number of dev versions registered: 18
LogDevObjectVersion:   Dev-Blueprints (B0D832E4-1F89-4F0D-ACCF-7EB736FD4AA2): 10
LogDevObjectVersion:   Dev-Build (E1C64328-A22C-4D53-A36C-8E866417BD8C): 0
LogDevObjectVersion:   Dev-Core (375EC13C-06E4-48FB-B500-84F0262A717E): 2
LogDevObjectVersion:   Dev-Editor (E4B068ED-F494-42E9-A231-DA0B2E46BB41): 23
LogDevObjectVersion:   Dev-Framework (CFFC743F-43B0-4480-9391-14DF171D2073): 33
LogDevObjectVersion:   Dev-Mobile (B02B49B5-BB20-44E9-A304-32B752E40360): 2
LogDevObjectVersion:   Dev-Networking (A4E4105C-59A1-49B5-A7C5-40C4547EDFEE): 0
LogDevObjectVersion:   Dev-Online (39C831C9-5AE6-47DC-9A44-9C173E1C8E7C): 0
LogDevObjectVersion:   Dev-Physics (78F01B33-EBEA-4F98-B9B4-84EACCB95AA2): 0
LogDevObjectVersion:   Dev-Platform (6631380F-2D4D-43E0-8009-CF276956A95A): 0
LogDevObjectVersion:   Dev-Rendering (12F88B9F-8875-4AFC-A67C-D90C383ABD29): 25
LogDevObjectVersion:   Dev-Sequencer (7B5AE74C-D270-4C10-A958-57980B212A5A): 6
LogDevObjectVersion:   Dev-VR (D7296918-1DD6-4BDD-9DE2-64A83CC13884): 1
LogDevObjectVersion:   Dev-LoadTimes (C2A15278-BFE7-4AFE-6C17-90FF531DF755): 1
LogDevObjectVersion:   Private-Geometry (6EACA3D4-40EC-4CC1-B786-8BED09428FC5): 2
LogDevObjectVersion:   Dev-AnimPhys (29E575DD-E0A3-4627-9D10-D276232CDCEA): 16
LogDevObjectVersion:   Dev-ReflectionCapture (6B266CEC-1EC7-4B8F-A30B-E4D90942FC07): 1
LogDevObjectVersion:   Dev-Automation (0DF73D61-A23F-47EA-B727-89E90C41499A): 1
LogInit: Compiled (64-bit): Apr 27 2018 02:06:57
LogInit: Compiled with Visual C++: 19.00.24215.01
LogInit: Build Configuration: Development
LogInit: Branch Name: ++UE4+Release-4.19
LogInit: Command Line:  
LogInit: Base Directory: C:/Program Files/Epic Games/UE_4.19/Engine/Binaries/Win64/
LogInit: Installed Engine Build: 1
LogStreaming: Display: Took  0.000s to delete old logs.
LogInit: Presizing for max 8388607 objects, including 0 objects not considered by GC, pre-allocating 0 bytes for permanent pool.
LogInit: Object subsystem initialized
[2018.07.12-10.43.53:108][  0]LogInit: Selected Device Profile: [Windows]
[2018.07.12-10.43.53:108][  0]LogInit: Applying CVar settings loaded from the selected device profile: [Windows]
[2018.07.12-10.43.53:130][  0]LogInit: Computer: DESKTOP-CM5Q3TF
[2018.07.12-10.43.53:130][  0]LogInit: User: Hampuz
[2018.07.12-10.43.53:130][  0]LogInit: CPU Page size=4096, Cores=4
[2018.07.12-10.43.53:130][  0]LogInit: High frequency timer resolution =3.914065 MHz
[2018.07.12-10.43.53:130][  0]LogMemory: Memory total: Physical=31.9GB (32GB approx)
[2018.07.12-10.43.53:130][  0]LogMemory: Platform Memory Stats for Windows
[2018.07.12-10.43.53:130][  0]LogMemory: Process Physical Memory: 274.80 MB used, 274.80 MB peak
[2018.07.12-10.43.53:130][  0]LogMemory: Process Virtual Memory: 264.87 MB used, 264.87 MB peak
[2018.07.12-10.43.53:131][  0]LogMemory: Physical Memory: 7675.26 MB used,  25031.87 MB free, 32707.13 MB total
[2018.07.12-10.43.53:131][  0]LogMemory: Virtual Memory: 659.57 MB used,  25031.87 MB free, 134217728.00 MB total
[2018.07.12-10.43.53:173][  0]LogInit: Using OS detected language (en-US).
[2018.07.12-10.43.53:173][  0]LogInit: Using OS detected locale (en-US).
[2018.07.12-10.43.53:178][  0]LogTextLocalizationManager: No specific localization for 'en-US' exists, so the 'en' localization will be used.
[2018.07.12-10.43.53:524][  0]LogStreaming: Display: Took  0.351s to EndInitTextLocalization.
[2018.07.12-10.43.53:524][  0]LogInit: Setting process to per monitor DPI aware
[2018.07.12-10.43.53:554][  0]LogSlate: New Slate User Created.  User Index 0, Is Virtual User: 0
[2018.07.12-10.43.53:554][  0]LogSlate: Slate User Registered.  User Index 0, Is Virtual User: 0
[2018.07.12-10.43.53:691][  0]LogD3D11RHI: D3D11 adapters:
[2018.07.12-10.43.53:744][  0]LogD3D11RHI:    0. 'NVIDIA GeForce GTX 980 Ti' (Feature Level 11_0)
[2018.07.12-10.43.53:744][  0]LogD3D11RHI:       6097/0/16353 MB DedicatedVideo/DedicatedSystem/SharedSystem, Outputs:3, VendorId:0x10de
[2018.07.12-10.43.53:745][  0]LogD3D11RHI:    1. 'Microsoft Basic Render Driver' (Feature Level 11_0)
[2018.07.12-10.43.53:745][  0]LogD3D11RHI:       0/0/16353 MB DedicatedVideo/DedicatedSystem/SharedSystem, Outputs:0, VendorId:0x1414
[2018.07.12-10.43.53:745][  0]LogD3D11RHI: Chosen D3D11 Adapter: 0
[2018.07.12-10.43.53:749][  0]LogD3D11RHI: Creating new Direct3DDevice
[2018.07.12-10.43.53:749][  0]LogD3D11RHI:     GPU DeviceId: 0x17c8 (for the marketing name, search the web for "GPU Device Id")
[2018.07.12-10.43.53:749][  0]LogWindows: EnumDisplayDevices:
[2018.07.12-10.43.53:749][  0]LogWindows:    0. 'NVIDIA GeForce GTX 980 Ti' (P:0 D:1)
[2018.07.12-10.43.53:749][  0]LogWindows:    1. 'NVIDIA GeForce GTX 980 Ti' (P:1 D:1)
[2018.07.12-10.43.53:749][  0]LogWindows:    2. 'NVIDIA GeForce GTX 980 Ti' (P:0 D:1)
[2018.07.12-10.43.53:749][  0]LogWindows:    3. 'NVIDIA GeForce GTX 980 Ti' (P:0 D:0)
[2018.07.12-10.43.53:749][  0]LogWindows: DebugString: FoundDriverCount:4 
[2018.07.12-10.43.53:749][  0]LogD3D11RHI:     Adapter Name: NVIDIA GeForce GTX 980 Ti
[2018.07.12-10.43.53:749][  0]LogD3D11RHI:   Driver Version: 397.93 (internal:24.21.13.9793, unified:397.93)
[2018.07.12-10.43.53:749][  0]LogD3D11RHI:      Driver Date: 5-22-2018
[2018.07.12-10.43.53:750][  0]LogRHI: Texture pool is 4268 MB (70% of 6097 MB)
[2018.07.12-10.43.53:763][  0]LogD3D11RHI: [Aftermath] Aftermath enabled and primed
[2018.07.12-10.43.53:763][  0]LogD3D11RHI: [Aftermath] Aftermath enabled and primed
[2018.07.12-10.43.53:763][  0]LogD3D11RHI: Async texture creation enabled
[2018.07.12-10.43.53:778][  0]LogD3D11RHI: GPU Timing Frequency: 1000.000000 (Debug: 2 2)
[2018.07.12-10.43.53:902][  0]LogShaderCompilers: Guid format shader working directory is 9 characters bigger than the processId version (D:/Unreal Projects/MultiplayerShootout/Intermediate/Shaders/WorkingDirectory/3124/).
[2018.07.12-10.43.53:902][  0]LogShaderCompilers: Cleaned the shader compiler working directory 'C:/Users/Hampuz/AppData/Local/Temp/UnrealShaderWorkingDir/9BE226124CAA75C058C5B99BBCD8B89B/'.
[2018.07.12-10.43.54:044][  0]LogTemp: Display: Loaded TP AllDesktopTargetPlatform
[2018.07.12-10.43.54:054][  0]LogTemp: Display: Loaded TP MacClientTargetPlatform
[2018.07.12-10.43.54:065][  0]LogTemp: Display: Loaded TP MacNoEditorTargetPlatform
[2018.07.12-10.43.54:076][  0]LogTemp: Display: Loaded TP MacServerTargetPlatform
[2018.07.12-10.43.54:086][  0]LogTemp: Display: Loaded TP MacTargetPlatform
[2018.07.12-10.43.54:097][  0]LogTemp: Display: Loaded TP WindowsClientTargetPlatform
[2018.07.12-10.43.54:109][  0]LogTemp: Display: Loaded TP WindowsNoEditorTargetPlatform
[2018.07.12-10.43.54:120][  0]LogTemp: Display: Loaded TP WindowsServerTargetPlatform
[2018.07.12-10.43.54:124][  0]LogTemp: Display: Loaded TP WindowsTargetPlatform
[2018.07.12-10.43.54:134][  0]LogTemp: Display: Loaded TP Android_ASTCTargetPlatform
[2018.07.12-10.43.54:144][  0]LogTemp: Display: Loaded TP Android_ATCTargetPlatform
[2018.07.12-10.43.54:153][  0]LogTemp: Display: Loaded TP Android_DXTTargetPlatform
[2018.07.12-10.43.54:163][  0]LogTemp: Display: Loaded TP Android_ETC1aTargetPlatform
[2018.07.12-10.43.54:172][  0]LogTemp: Display: Loaded TP Android_ETC1TargetPlatform
[2018.07.12-10.43.54:182][  0]LogTemp: Display: Loaded TP Android_ETC2TargetPlatform
[2018.07.12-10.43.54:201][  0]LogTemp: Display: Loaded TP Android_MultiTargetPlatform
[2018.07.12-10.43.54:201][  0]LogTemp: Display: Loaded TP Android_PVRTCTargetPlatform
[2018.07.12-10.43.54:211][  0]LogTemp: Display: Loaded TP AndroidTargetPlatform
[2018.07.12-10.43.54:212][  0]LogTemp: Display: Loaded TP HTML5TargetPlatform
[2018.07.12-10.43.54:245][  0]LogTemp: Display: Loaded TP IOSTargetPlatform
[2018.07.12-10.43.54:254][  0]LogTemp: Display: Loaded TP TVOSTargetPlatform
[2018.07.12-10.43.54:271][  0]LogTemp: Display: Loaded TP LinuxClientTargetPlatform
[2018.07.12-10.43.54:289][  0]LogTemp: Display: Loaded TP LinuxNoEditorTargetPlatform
[2018.07.12-10.43.54:299][  0]LogTemp: Display: Loaded TP LinuxServerTargetPlatform
[2018.07.12-10.43.54:309][  0]LogTemp: Display: Loaded TP LinuxTargetPlatform
[2018.07.12-10.43.54:309][  0]LogTargetPlatformManager: Display: Building Assets For Windows
[2018.07.12-10.43.54:374][  0]LogXGEController: Cleaning working directory: C:/Users/Hampuz/AppData/Local/Temp/UnrealXGEWorkingDir/
[2018.07.12-10.43.54:374][  0]LogXGEController: Cannot use XGE Controller as Incredibuild is not installed on this machine.
[2018.07.12-10.43.54:374][  0]LogShaderCompilers: Cannot use XGE Shader Compiler as Incredibuild is not installed on this machine.
[2018.07.12-10.43.54:374][  0]LogShaderCompilers: Display: Using Local Shader Compiler.
[2018.07.12-10.43.54:949][  0]LogDerivedDataCache: Display: Max Cache Size: 512 MB
[2018.07.12-10.43.55:009][  0]LogDerivedDataCache: Loaded boot cache 0.06s 75MB C:/Users/Hampuz/AppData/Local/UnrealEngine/4.19/DerivedDataCache/Boot.ddc.
[2018.07.12-10.43.55:009][  0]LogDerivedDataCache: Display: Loaded Boot cache: C:/Users/Hampuz/AppData/Local/UnrealEngine/4.19/DerivedDataCache/Boot.ddc
[2018.07.12-10.43.55:009][  0]LogDerivedDataCache: FDerivedDataBackendGraph:  Pak pak cache file D:/Unreal Projects/MultiplayerShootout/DerivedDataCache/DDC.ddp not found, will not use a pak cache.
[2018.07.12-10.43.55:009][  0]LogDerivedDataCache: Unable to find inner node Pak for hierarchical cache Hierarchy.
[2018.07.12-10.43.55:009][  0]LogDerivedDataCache: FDerivedDataBackendGraph:  CompressedPak pak cache file D:/Unreal Projects/MultiplayerShootout/DerivedDataCache/Compressed.ddp not found, will not use a pak cache.
[2018.07.12-10.43.55:009][  0]LogDerivedDataCache: Unable to find inner node CompressedPak for hierarchical cache Hierarchy.
[2018.07.12-10.43.55:023][  0]LogDerivedDataCache: Display: Pak cache opened for reading ../../../Engine/DerivedDataCache/Compressed.ddp.
[2018.07.12-10.43.55:035][  0]LogDerivedDataCache: Using Local data cache path C:/Users/Hampuz/AppData/Local/UnrealEngine/Common/DerivedDataCache: Writable
[2018.07.12-10.43.55:035][  0]LogDerivedDataCache: Shared data cache path not found in *engine.ini, will not use an Shared cache.
[2018.07.12-10.43.55:035][  0]LogDerivedDataCache: Unable to find inner node Shared for hierarchical cache Hierarchy.
[2018.07.12-10.43.55:045][  0]LogMaterial: Verifying Global Shaders for PCD3D_SM5
[2018.07.12-10.43.55:045][  0]LogSlate: Using Freetype 2.6.0
[2018.07.12-10.43.55:045][  0]LogSlate: SlateFontCache - WITH_FREETYPE: 1, WITH_HARFBUZZ: 1
[2018.07.12-10.43.55:045][  0]LogSlate: SlateFontCache - WITH_FREETYPE: 1, WITH_HARFBUZZ: 1
[2018.07.12-10.43.55:134][  0]LogAssetRegistry: FAssetRegistry took 0.0244 seconds to start up
[2018.07.12-10.43.55:374][  0]LogInit: Selected Device Profile: [Windows]
[2018.07.12-10.43.55:483][  0]LogSimplygon: Simplygon DLL not present - disabling.
[2018.07.12-10.43.55:485][  0]LogMeshReduction: Using SimplygonSwarm for distributed automatic mesh merging
[2018.07.12-10.43.55:485][  0]LogMeshReduction: Using QuadricMeshReduction for automatic static mesh reduction
[2018.07.12-10.43.55:485][  0]LogMeshReduction: No automatic skeletal mesh reduction module available
[2018.07.12-10.43.55:485][  0]LogMeshReduction: No automatic mesh merging module available
[2018.07.12-10.43.55:485][  0]LogMeshMerging: No automatic mesh merging module available
[2018.07.12-10.43.55:514][  0]LogNetVersion: MultiplayerShootout , NetCL: 3944462, EngineNetVer: 2, GameNetVer: 0 (Checksum: 1228754381)
[2018.07.12-10.43.55:575][  0]Warning: Missing opening '"' in string property value: ThirdParty/Steamworks)
[2018.07.12-10.43.55:833][  0]LogPackageLocalizationCache: Processed 9 localized package path(s) for 2 prioritized culture(s) in 0.051853 seconds
[2018.07.12-10.43.55:838][  0]LogUObjectArray: 36728 objects as part of root set at end of initial load.
[2018.07.12-10.43.55:838][  0]LogUObjectAllocator: 7314312 out of 0 bytes used by permanent object pool.
[2018.07.12-10.43.55:838][  0]LogUObjectArray: CloseDisregardForGC: 0/0 objects in disregard for GC pool
[2018.07.12-10.43.57:013][  0]LogTcpMessaging: Initializing TcpMessaging bridge
[2018.07.12-10.43.57:042][  0]LogUdpMessaging: Initializing bridge on interface 0.0.0.0:0 to multicast group 230.0.0.1:6666.
[2018.07.12-10.43.57:288][  0]SourceControl: Source control is disabled
[2018.07.12-10.43.57:288][  0]SourceControl: Source control is disabled
[2018.07.12-10.43.57:298][  0]SourceControl: Source control is disabled
[2018.07.12-10.43.57:307][  0]SourceControl: Source control is disabled
[2018.07.12-10.43.57:595][  0]LogAndroidPermission: UAndroidPermissionCallbackProxy::GetInstance
[2018.07.12-10.43.57:718][  0]LogOcInput: OculusInput pre-init called
[2018.07.12-10.43.57:788][  0]LogEngine: Initializing Engine...
[2018.07.12-10.43.57:789][  0]LogHMD: Failed to initialize OpenVR with code 110
[2018.07.12-10.43.57:790][  0]LogStats: UGameplayTagsManager::ConstructGameplayTagTree: Construct from data asset -  0.000 s
[2018.07.12-10.43.57:790][  0]LogStats: UGameplayTagsManager::ConstructGameplayTagTree: GameplayTagTreeChangedEvent.Broadcast -  0.000 s
[2018.07.12-10.43.57:965][  0]LogAIModule: Creating AISystem for world Untitled
[2018.07.12-10.43.57:987][  0]LogInit: XAudio2 using 'Speakers (3- USB Audio DAC   )' : 2 channels at 44.1 kHz using 16 bits per sample (channel mask 0x3)
[2018.07.12-10.43.57:991][  0]LogInit: FAudioDevice initialized.
[2018.07.12-10.43.58:053][  0]LogDerivedDataCache: Saved boot cache 0.06s 75MB C:/Users/Hampuz/AppData/Local/UnrealEngine/4.19/DerivedDataCache/Boot.ddc.
[2018.07.12-10.43.58:067][  0]LogInit: Texture streaming: Enabled
[2018.07.12-10.43.58:086][  0]LogEngineSessionManager: EngineSessionManager initialized
[2018.07.12-10.43.58:100][  0]LogInit: Transaction tracking system initialized
[2018.07.12-10.43.58:115][  0]BlueprintLog: New page: Editor Load
[2018.07.12-10.43.58:164][  0]LocalizationService: Localization service is disabled
[2018.07.12-10.43.58:243][  0]LogConsoleResponse: Display: 
[2018.07.12-10.43.58:349][  0]LogCook: Display: Max memory allowance for cook 16384mb min free memory 0mb
[2018.07.12-10.43.58:349][  0]LogCook: Display: Mobile HDR setting 1
[2018.07.12-10.43.58:349][  0]LogGameplayTags: Display: UGameplayTagsManager::DoneAddingNativeTags. DelegateIsBound: 0
[2018.07.12-10.43.58:349][  0]LogStats: UGameplayTagsManager::ConstructGameplayTagTree: Construct from data asset -  0.000 s
[2018.07.12-10.43.58:349][  0]LogStats: UGameplayTagsManager::ConstructGameplayTagTree: GameplayTagTreeChangedEvent.Broadcast -  0.000 s
[2018.07.12-10.43.58:560][  0]LogFileCache: Scanning file cache for directory 'D:/Unreal Projects/MultiplayerShootout/Content/' took 0.01s
[2018.07.12-10.43.58:560][  0]SourceControl: Source control is disabled
[2018.07.12-10.43.58:561][  0]Cmd: MAP LOAD FILE="D:/Unreal Projects/MultiplayerShootout/Content/Maps/Level_01.umap" TEMPLATE=0 SHOWPROGRESS=1 FEATURELEVEL=3
[2018.07.12-10.43.58:561][  0]LightingResults: New page: Lighting Build
[2018.07.12-10.43.58:563][  0]MapCheck: New page: Map Check
[2018.07.12-10.43.58:563][  0]LightingResults: New page: Lighting Build
[2018.07.12-10.43.58:598][  0]LogUObjectGlobals: Created PersistentFrame Addr=0x000002177f4cab00, Size=1672, Default__MyGameInstance_C Function /Game/Blueprints/MyGameInstance.MyGameInstance_C:ExecuteUbergraph_MyGameInstance
[2018.07.12-10.43.58:599][  0]LogUObjectGlobals: Created PersistentFrame Addr=0x000002170f2f38e0, Size=32, Default__ErrorDialog_C Function /Game/Blueprints/Widgets/ErrorDialog.ErrorDialog_C:ExecuteUbergraph_ErrorDialog
[2018.07.12-10.43.58:615][  0]LogUObjectGlobals: Created PersistentFrame Addr=0x000002170f2f35a0, Size=32, Default__ServerRow_C Function /Game/Blueprints/Widgets/ServerRow.ServerRow_C:ExecuteUbergraph_ServerRow
[2018.07.12-10.43.58:616][  0]LogUObjectGlobals: Created PersistentFrame Addr=0x000002170e695f60, Size=88, Default__MainMenu_C Function /Game/Blueprints/Widgets/MainMenu.MainMenu_C:ExecuteUbergraph_MainMenu
[2018.07.12-10.43.58:621][  0]LogUObjectGlobals: Created PersistentFrame Addr=0x000002170f2da000, Size=904, Default__ServerList_C Function /Game/Blueprints/Widgets/ServerList.ServerList_C:ExecuteUbergraph_ServerList
[2018.07.12-10.43.58:651][  0]LogUObjectGlobals: Destroyed PersistentFrame Addr=0x000002177f4cab00, Size=1672
[2018.07.12-10.43.58:651][  0]LogUObjectGlobals: Created PersistentFrame Addr=0x000002170ece9600, Size=1672, Default__MyGameInstance_C Function /Engine/Transient.REINST_MyGameInstance_C_3:ExecuteUbergraph_MyGameInstance
[2018.07.12-10.43.58:651][  0]LogUObjectGlobals: Destroyed PersistentFrame Addr=0x000002170f2f38e0, Size=32
[2018.07.12-10.43.58:651][  0]LogUObjectGlobals: Created PersistentFrame Addr=0x000002177f2787a0, Size=32, Default__ErrorDialog_C Function /Engine/Transient.REINST_ErrorDialog_C_0:ExecuteUbergraph_ErrorDialog
[2018.07.12-10.43.58:651][  0]LogUObjectGlobals: Destroyed PersistentFrame Addr=0x000002170e695f60, Size=88
[2018.07.12-10.43.58:651][  0]LogUObjectGlobals: Created PersistentFrame Addr=0x000002170ed4ee60, Size=88, Default__MainMenu_C Function /Engine/Transient.REINST_MainMenu_C_2:ExecuteUbergraph_MainMenu
[2018.07.12-10.43.58:652][  0]LogUObjectGlobals: Destroyed PersistentFrame Addr=0x000002170f2da000, Size=904
[2018.07.12-10.43.58:652][  0]LogUObjectGlobals: Created PersistentFrame Addr=0x000002170ece3400, Size=904, Default__ServerList_C Function /Engine/Transient.REINST_ServerList_C_3:ExecuteUbergraph_ServerList
[2018.07.12-10.43.58:653][  0]LogUObjectGlobals: Destroyed PersistentFrame Addr=0x000002170f2f35a0, Size=32
[2018.07.12-10.43.58:653][  0]LogUObjectGlobals: Created PersistentFrame Addr=0x000002177f278560, Size=32, Default__ServerRow_C Function /Engine/Transient.REINST_ServerRow_C_4:ExecuteUbergraph_ServerRow
[2018.07.12-10.43.58:687][  0]LogUObjectGlobals: Created PersistentFrame Addr=0x00000217096c1d00, Size=1680, Default__MyGameInstance_C Function /Game/Blueprints/MyGameInstance.MyGameInstance_C:ExecuteUbergraph_MyGameInstance
[2018.07.12-10.43.58:690][  0]LogUObjectGlobals: Created PersistentFrame Addr=0x0000021709616c20, Size=32, Default__ErrorDialog_C Function /Game/Blueprints/Widgets/ErrorDialog.ErrorDialog_C:ExecuteUbergraph_ErrorDialog
[2018.07.12-10.43.58:691][  0]LogUObjectGlobals: Created PersistentFrame Addr=0x00000217096826e0, Size=88, Default__MainMenu_C Function /Game/Blueprints/Widgets/MainMenu.MainMenu_C:ExecuteUbergraph_MainMenu
[2018.07.12-10.43.58:694][  0]LogUObjectGlobals: Created PersistentFrame Addr=0x000002170956bc00, Size=944, Default__ServerList_C Function /Game/Blueprints/Widgets/ServerList.ServerList_C:ExecuteUbergraph_ServerList
[2018.07.12-10.43.58:696][  0]LogUObjectGlobals: Created PersistentFrame Addr=0x0000021714767ea0, Size=32, Default__ServerRow_C Function /Game/Blueprints/Widgets/ServerRow.ServerRow_C:ExecuteUbergraph_ServerRow
[2018.07.12-10.43.58:711][  0]LogUObjectGlobals: Created PersistentFrame Addr=0x0000021709701e40, Size=320, Default__MyGameMode_C Function /Game/Blueprints/MyGameMode.MyGameMode_C:ExecuteUbergraph_MyGameMode
[2018.07.12-10.43.58:713][  0]LogUObjectGlobals: Created PersistentFrame Addr=0x00000217095d1080, Size=72, Default__MyPlayerController_C Function /Game/Blueprints/MyPlayerController.MyPlayerController_C:ExecuteUbergraph_MyPlayerController
[2018.07.12-10.43.58:747][  0]LogUObjectGlobals: Created PersistentFrame Addr=0x00000217097dba00, Size=768, Default__Gunslinger_BP_C Function /Game/Gunslinger/Gunslinger_BP.Gunslinger_BP_C:ExecuteUbergraph_Gunslinger_BP
[2018.07.12-10.43.58:765][  0]LogUObjectGlobals: Created PersistentFrame Addr=0x000002170ed5b9c0, Size=312, Default__BP_Projectile_C Function /Game/Blueprints/BP_Projectile.BP_Projectile_C:ExecuteUbergraph_BP_Projectile
[2018.07.12-10.43.58:774][  0]LogUObjectGlobals: Created PersistentFrame Addr=0x000002170ed07440, Size=64, Default__Gunslinger_AnimBP_C Function /Game/Gunslinger/Gunslinger_AnimBP.Gunslinger_AnimBP_C:ExecuteUbergraph_Gunslinger_AnimBP
[2018.07.12-10.43.58:812][  0]LogUObjectGlobals: Created PersistentFrame Addr=0x00000217147727f0, Size=104, Default__AmmoWidget_C Function /Game/Blueprints/Widgets/AmmoWidget.AmmoWidget_C:ExecuteUbergraph_AmmoWidget
[2018.07.12-10.43.58:823][  0]LogUObjectGlobals: Created PersistentFrame Addr=0x00000217096818a0, Size=88, Default__InGameMenu_C Function /Game/Blueprints/Widgets/InGameMenu.InGameMenu_C:ExecuteUbergraph_InGameMenu
[2018.07.12-10.43.58:833][  0]LogUObjectGlobals: Created PersistentFrame Addr=0x00000217095f5d80, Size=184, Default__MyHUD_C Function /Game/Blueprints/Widgets/MyHUD.MyHUD_C:ExecuteUbergraph_MyHUD
[2018.07.12-10.43.58:858][  0]LogUObjectGlobals: Destroyed PersistentFrame Addr=0x000002170ed5b9c0, Size=312
[2018.07.12-10.43.58:858][  0]LogUObjectGlobals: Created PersistentFrame Addr=0x0000021715712840, Size=312, Default__BP_Projectile_C Function /Engine/Transient.REINST_BP_Projectile_C_15:ExecuteUbergraph_BP_Projectile
[2018.07.12-10.43.58:859][  0]LogUObjectGlobals: Destroyed PersistentFrame Addr=0x000002170ed07440, Size=64
[2018.07.12-10.43.58:859][  0]LogUObjectGlobals: Created PersistentFrame Addr=0x000002171533f3c0, Size=64, Default__Gunslinger_AnimBP_C Function /Engine/Transient.REINST_Gunslinger_AnimBP_C_0:ExecuteUbergraph_Gunslinger_AnimBP
[2018.07.12-10.43.58:859][  0]LogUObjectGlobals: Destroyed PersistentFrame Addr=0x00000217147727f0, Size=104
[2018.07.12-10.43.58:859][  0]LogUObjectGlobals: Created PersistentFrame Addr=0x00000217095c0410, Size=104, Default__AmmoWidget_C Function /Engine/Transient.REINST_AmmoWidget_C_5:ExecuteUbergraph_AmmoWidget
[2018.07.12-10.43.58:860][  0]LogUObjectGlobals: Destroyed PersistentFrame Addr=0x00000217097dba00, Size=768
[2018.07.12-10.43.58:860][  0]LogUObjectGlobals: Created PersistentFrame Addr=0x0000021715333700, Size=768, Default__Gunslinger_BP_C Function /Engine/Transient.REINST_Gunslinger_BP_C_16:ExecuteUbergraph_Gunslinger_BP
[2018.07.12-10.43.58:860][  0]LogUObjectGlobals: Destroyed PersistentFrame Addr=0x00000217096818a0, Size=88
[2018.07.12-10.43.58:860][  0]LogUObjectGlobals: Created PersistentFrame Addr=0x000002170ed4fbe0, Size=88, Default__InGameMenu_C Function /Engine/Transient.REINST_InGameMenu_C_6:ExecuteUbergraph_InGameMenu
[2018.07.12-10.43.58:860][  0]LogUObjectGlobals: Destroyed PersistentFrame Addr=0x00000217095f5d80, Size=184
[2018.07.12-10.43.58:860][  0]LogUObjectGlobals: Created PersistentFrame Addr=0x00000217156e5180, Size=184, Default__MyHUD_C Function /Engine/Transient.REINST_MyHUD_C_7:ExecuteUbergraph_MyHUD
[2018.07.12-10.43.58:860][  0]LogUObjectGlobals: Destroyed PersistentFrame Addr=0x00000217095d1080, Size=72
[2018.07.12-10.43.58:860][  0]LogUObjectGlobals: Created PersistentFrame Addr=0x00000217156703b0, Size=72, Default__MyPlayerController_C Function /Engine/Transient.REINST_MyPlayerController_C_17:ExecuteUbergraph_MyPlayerController
[2018.07.12-10.43.58:861][  0]LogUObjectGlobals: Destroyed PersistentFrame Addr=0x0000021709701e40, Size=320
[2018.07.12-10.43.58:861][  0]LogUObjectGlobals: Created PersistentFrame Addr=0x0000021715712340, Size=320, Default__MyGameMode_C Function /Engine/Transient.REINST_MyGameMode_C_19:ExecuteUbergraph_MyGameMode
[2018.07.12-10.43.58:864][  0]LogBlueprint: Warning: [Compiler BP_Projectile] Set Physics Angular Velocity  is deprecated; Use SetPhysicsAngularVelocityInDegrees instead
[2018.07.12-10.43.58:898][  0]LogUObjectGlobals: Created PersistentFrame Addr=0x00000217151276e8, Size=8, Default__BP_MuzzleFlash_C Function /Game/Blueprints/BP_MuzzleFlash.BP_MuzzleFlash_C:ExecuteUbergraph_BP_MuzzleFlash
[2018.07.12-10.43.58:899][  0]LogUObjectGlobals: Created PersistentFrame Addr=0x00000217150daac0, Size=312, Default__BP_Projectile_C Function /Game/Blueprints/BP_Projectile.BP_Projectile_C:ExecuteUbergraph_BP_Projectile
[2018.07.12-10.43.58:901][  0]LogUObjectGlobals: Created PersistentFrame Addr=0x00000217150b1dc0, Size=64, Default__Gunslinger_AnimBP_C Function /Game/Gunslinger/Gunslinger_AnimBP.Gunslinger_AnimBP_C:ExecuteUbergraph_Gunslinger_AnimBP
[2018.07.12-10.43.58:902][  0]LogUObjectGlobals: Created PersistentFrame Addr=0x0000021715042780, Size=104, Default__AmmoWidget_C Function /Game/Blueprints/Widgets/AmmoWidget.AmmoWidget_C:ExecuteUbergraph_AmmoWidget
[2018.07.12-10.43.58:907][  0]LogUObjectGlobals: Created PersistentFrame Addr=0x0000021715039900, Size=768, Default__Gunslinger_BP_C Function /Game/Gunslinger/Gunslinger_BP.Gunslinger_BP_C:ExecuteUbergraph_Gunslinger_BP
[2018.07.12-10.43.58:910][  0]LogUObjectGlobals: Created PersistentFrame Addr=0x00000217150566e0, Size=88, Default__InGameMenu_C Function /Game/Blueprints/Widgets/InGameMenu.InGameMenu_C:ExecuteUbergraph_InGameMenu
[2018.07.12-10.43.58:912][  0]LogUObjectGlobals: Created PersistentFrame Addr=0x0000021714fb3340, Size=184, Default__MyHUD_C Function /Game/Blueprints/Widgets/MyHUD.MyHUD_C:ExecuteUbergraph_MyHUD
[2018.07.12-10.43.58:913][  0]LogUObjectGlobals: Created PersistentFrame Addr=0x0000021715f5b970, Size=72, Default__MyPlayerController_C Function /Game/Blueprints/MyPlayerController.MyPlayerController_C:ExecuteUbergraph_MyPlayerController
[2018.07.12-10.43.58:915][  0]LogUObjectGlobals: Created PersistentFrame Addr=0x00000217150dad40, Size=304, Default__MyGameMode_C Function /Game/Blueprints/MyGameMode.MyGameMode_C:ExecuteUbergraph_MyGameMode
[2018.07.12-10.43.58:923][  0]LogBlueprint: Warning: [Compiler BP_Projectile] [0007.37] Compile of BP_Projectile successful, but with 1 Warning(s) [in 80 ms] (/Game/Blueprints/BP_Projectile.BP_Projectile)
[2018.07.12-10.43.58:945][  0]LogUObjectGlobals: Created PersistentFrame Addr=0x00000217152e2778, Size=40, Default__Level_01_C Function /Game/Maps/Level_01.Level_01_C:ExecuteUbergraph_Level_01
[2018.07.12-10.43.58:946][  0]LogUObjectGlobals: Destroyed PersistentFrame Addr=0x00000217152e2778, Size=40
[2018.07.12-10.43.58:946][  0]LogUObjectGlobals: Created PersistentFrame Addr=0x00000217152e2778, Size=40, Default__Level_01_C Function /Engine/Transient.REINST_Level_01_C_31:ExecuteUbergraph_Level_01
[2018.07.12-10.43.58:947][  0]LogUObjectGlobals: Created PersistentFrame Addr=0x00000217152e1dc8, Size=40, Default__Level_01_C Function /Game/Maps/Level_01.Level_01_C:ExecuteUbergraph_Level_01
[2018.07.12-10.43.59:142][  0]LogSkeletalMesh: Skeletal Mesh found in DDC [0.677812ms] /Game/Gunslinger/GunslingerTTP.GunslingerTTP
[2018.07.12-10.43.59:190][  0]LogAIModule: Creating AISystem for world Level_01
[2018.07.12-10.43.59:196][  0]LogEditorServer: Finished looking for orphan Actors (0.000 secs)
[2018.07.12-10.43.59:209][  0]LogUObjectGlobals: Destroyed PersistentFrame Addr=0x000002170ece9600, Size=1672
[2018.07.12-10.43.59:209][  0]LogUObjectGlobals: Destroyed PersistentFrame Addr=0x000002177f2787a0, Size=32
[2018.07.12-10.43.59:209][  0]LogUObjectGlobals: Destroyed PersistentFrame Addr=0x000002177f278560, Size=32
[2018.07.12-10.43.59:209][  0]LogUObjectGlobals: Destroyed PersistentFrame Addr=0x000002170ed4ee60, Size=88
[2018.07.12-10.43.59:209][  0]LogUObjectGlobals: Destroyed PersistentFrame Addr=0x000002170ece3400, Size=904
[2018.07.12-10.43.59:209][  0]LogUObjectGlobals: Destroyed PersistentFrame Addr=0x0000021715712340, Size=320
[2018.07.12-10.43.59:209][  0]LogUObjectGlobals: Destroyed PersistentFrame Addr=0x00000217156703b0, Size=72
[2018.07.12-10.43.59:209][  0]LogUObjectGlobals: Destroyed PersistentFrame Addr=0x0000021715333700, Size=768
[2018.07.12-10.43.59:209][  0]LogUObjectGlobals: Destroyed PersistentFrame Addr=0x0000021715712840, Size=312
[2018.07.12-10.43.59:209][  0]LogUObjectGlobals: Destroyed PersistentFrame Addr=0x000002171533f3c0, Size=64
[2018.07.12-10.43.59:209][  0]LogUObjectGlobals: Destroyed PersistentFrame Addr=0x00000217095c0410, Size=104
[2018.07.12-10.43.59:209][  0]LogUObjectGlobals: Destroyed PersistentFrame Addr=0x000002170ed4fbe0, Size=88
[2018.07.12-10.43.59:209][  0]LogUObjectGlobals: Destroyed PersistentFrame Addr=0x00000217156e5180, Size=184
[2018.07.12-10.43.59:209][  0]LogUObjectGlobals: Destroyed PersistentFrame Addr=0x00000217152e2778, Size=40
[2018.07.12-10.43.59:211][  0]Cmd: MAP CHECKDEP NOCLEARLOG
[2018.07.12-10.43.59:245][  0]MapCheck: Map check complete: 0 Error(s), 0 Warning(s), took 33.538ms to complete.
[2018.07.12-10.43.59:245][  0]LogFileHelpers: Loading map 'Level_01' took 0.684
[2018.07.12-10.43.59:326][  0]LogWindowsTextInputMethodSystem: Display: IME system now deactivated.
[2018.07.12-10.43.59:326][  0]LogWindowsTextInputMethodSystem: Display: IME system now deactivated.
[2018.07.12-10.43.59:381][  0]LogCollectionManager: Loaded 0 collections in 0.001077 seconds
[2018.07.12-10.43.59:418][  0]LogFileCache: Scanning file cache for directory 'D:/Unreal Projects/MultiplayerShootout/Saved/Collections/' took 0.01s
[2018.07.12-10.43.59:418][  0]LogFileCache: Scanning file cache for directory 'D:/Unreal Projects/MultiplayerShootout/Content/Developers/Hampuz/Collections/' took 0.01s
[2018.07.12-10.43.59:418][  0]LogFileCache: Scanning file cache for directory 'D:/Unreal Projects/MultiplayerShootout/Content/Collections/' took 0.00s
[2018.07.12-10.43.59:418][  0]LogCollectionManager: Rebuilt the GUID cache for 0 collections in 0.000001 seconds
[2018.07.12-10.43.59:434][  0]LogContentBrowser: Native class hierarchy populated in 0.0155 seconds. Added 2452 classes and 558 folders.
[2018.07.12-10.43.59:446][  0]LogContentBrowser: Native class hierarchy updated for 'WidgetCarousel' in 0.0003 seconds. Added 0 classes and 0 folders.
[2018.07.12-10.43.59:469][  0]LogContentBrowser: Native class hierarchy updated for 'AddContentDialog' in 0.0002 seconds. Added 0 classes and 0 folders.
[2018.07.12-10.43.59:474][  0]LogContentBrowser: Native class hierarchy updated for 'SceneOutliner' in 0.0002 seconds. Added 1 classes and 2 folders.
[2018.07.12-10.44.00:391][  0]LogSlate: Only BGRA pngs, bmps or icos are supported in by External Image Picker
[2018.07.12-10.44.00:421][  0]LogTemp: Executing iPhonePackager certificates Engine -bundlename com.YourCompany.MultiplayerShootout
[2018.07.12-10.44.00:422][  0]LogTemp: CWD: C:\Program Files\Epic Games\UE_4.19\Engine\Binaries\DotNET\IOS
[2018.07.12-10.44.00:422][  0]LogTemp: Initial Dir: C:\Program Files\Epic Games\UE_4.19
[2018.07.12-10.44.00:422][  0]LogTemp: Env CWD: C:\Program Files\Epic Games\UE_4.19\Engine\Binaries\DotNET\IOS
[2018.07.12-10.44.00:422][  0]LogTemp: BranchPath = DESKTOP-CM5Q3TF/C/Program Files/Epic Games/UE_4.19/Engine/Binaries --- GameBranchPath = DESKTOP-CM5Q3TF/C/Program Files/Epic Games/UE_4.19/Engine/Binaries
[2018.07.12-10.44.00:422][  0]LogDirectoryWatcher: Warning: Failed to begin reading directory changes for D:/Unreal Projects/MultiplayerShootout/Plugins/. Error: The system cannot find the file specified. (0x00000002)
[2018.07.12-10.44.00:434][  0]LogTemp: IPP ERROR: Could not find provision directory 'C:\Users\Hampuz\AppData\Local/Apple Computer/MobileDevice/Provisioning Profiles/'.
[2018.07.12-10.44.00:434][  0]LogSlate: Took 0.000137 seconds to synchronously load lazily loaded font '../../../Engine/Content/Slate/Fonts/Roboto-Regular.ttf' (155K)
[2018.07.12-10.44.00:436][  0]LogSlate: Took 0.000116 seconds to synchronously load lazily loaded font '../../../Engine/Content/Slate/Fonts/Roboto-Bold.ttf' (160K)
[2018.07.12-10.44.00:440][  0]LogSlate: Took 0.000174 seconds to synchronously load lazily loaded font '../../../Engine/Content/Editor/Slate/Fonts/FontAwesome.ttf' (139K)
[2018.07.12-10.44.00:441][  0]LogSlate: Took 0.000077 seconds to synchronously load lazily loaded font '../../../Engine/Content/Slate/Fonts/DroidSansMono.ttf' (77K)
[2018.07.12-10.44.00:571][  0]LogRenderer: Reallocating scene render targets to support 1024x576 Format 10 NumSamples 1 (Frame:1).
[2018.07.12-10.44.00:698][  0]LogContentBrowser: Native class hierarchy updated for 'HierarchicalLODOutliner' in 0.0002 seconds. Added 0 classes and 0 folders.
[2018.07.12-10.44.00:698][  0]LogLoad: (Engine Initialization) Total time: 9.14 seconds
[2018.07.12-10.44.00:698][  0]LogLoad: (Engine Initialization) Total Blueprint compile time: 0.00 seconds
[2018.07.12-10.44.00:750][  0]LogAssetRegistry: Asset discovery search completed in 5.6370 seconds
[2018.07.12-10.44.00:752][  0]LogCollectionManager: Rebuilt the object cache for 0 collections in 0.000000 seconds (found 0 objects)
[2018.07.12-10.44.00:752][  0]LogCollectionManager: Fixed up redirectors for 0 collections in 0.000322 seconds (updated 0 objects)
[2018.07.12-10.44.00:754][  0]LogContentStreaming: Texture pool size now 1000 MB
[2018.07.12-10.44.00:818][  3]LogStaticMesh: Allocated 496x129x64 distance field atlas = 7.8Mb, with 48 objects containing 3.2Mb backing data
[2018.07.12-10.44.01:564][ 87]LogSlate: FSceneViewport::OnFocusLost() reason 2
[2018.07.12-10.44.19:037][174]LogSlate: FSceneViewport::OnFocusLost() reason 2
[2018.07.12-10.44.20:263][319]LogSlate: FSceneViewport::OnFocusLost() reason 2
[2018.07.12-10.44.21:356][448]LogSlate: FSceneViewport::OnFocusLost() reason 2
[2018.07.12-10.44.25:550][949]LogSlate: FSceneViewport::OnFocusLost() reason 2
[2018.07.12-10.44.25:691][964]LogSlate: FSceneViewport::OnFocusLost() reason 2
[2018.07.12-10.44.25:794][974]LogSlate: FSceneViewport::OnFocusLost() reason 2
[2018.07.12-10.46.11:730][595]LogSlate: Took 0.000149 seconds to synchronously load lazily loaded font '../../../Engine/Content/Slate/Fonts/Roboto-Light.ttf' (167K)
[2018.07.12-10.46.14:407][877]LogSlate: Took 0.000127 seconds to synchronously load lazily loaded font '../../../Engine/Content/Slate/Fonts/Roboto-Light.ttf' (167K)
[2018.07.12-10.46.14:440][877]LogSlate: Took 0.000142 seconds to synchronously load lazily loaded font '../../../Engine/Content/Slate/Fonts/Roboto-BoldCondensed.ttf' (158K)
[2018.07.12-10.46.16:858][161]Running C:/Program Files/Epic Games/UE_4.19/Engine/Binaries/DotNET/UnrealBuildTool.exe  -projectfiles -project="D:/Unreal Projects/MultiplayerShootout/MultiplayerShootout.uproject" -game -rocket -progress
[2018.07.12-10.46.17:061][161]Discovering modules, targets and source code for project...
[2018.07.12-10.46.20:179][161]LogHotReload: Recompiling module MultiplayerShootout...
[2018.07.12-10.46.20:179][161]LogVSAccessor: Warning: Couldn't access Visual Studio
[2018.07.12-10.46.20:201][161]Candidate modules for hot reload:
[2018.07.12-10.46.20:202][161]  MultiplayerShootout
[2018.07.12-10.46.20:202][161]Launching UnrealBuildTool... [C:/Program Files/Epic Games/UE_4.19/Engine/Binaries/DotNET/UnrealBuildTool.exe MultiplayerShootout -Module=MultiplayerShootout Win64 Development -editorrecompile -canskiplink "D:/Unreal Projects/MultiplayerShootout/MultiplayerShootout.uproject" ]
[2018.07.12-10.46.48:625][161]Performing full C++ include scan (hot reloading a new target)
Creating makefile for hot reloading MultiplayerShootout (no existing makefile)
Compiling game modules for hot reload
Parsing headers for MultiplayerShootoutEditor
  Running UnrealHeaderTool "D:\Unreal Projects\MultiplayerShootout\MultiplayerShootout.uproject" "D:\Unreal Projects\MultiplayerShootout\Intermediate\Build\Win64\MultiplayerShootoutEditor\Development\MultiplayerShootoutEditor.uhtmanifest" -LogCmds="loginit warning, logexit warning, logdatabase error" -Unattended -WarningsAsErrors -installed
Reflection code generated for MultiplayerShootoutEditor in 6.7522051 seconds
Performing 7 actions (4 in parallel)
[2/7] Resource ModuleVersionResource.rc.inl
[3/7] Resource PCLaunch.rc
SharedPCH.Engine.cpp
MyClass.cpp
MultiplayerShootout.cpp
[6/7] Link UE4Editor-MultiplayerShootout.dll
[7/7] Link UE4Editor-MultiplayerShootout.lib
   Creating library D:\Unreal Projects\MultiplayerShootout\Intermediate\Build\Win64\UE4Editor\Development\UE4Editor-MultiplayerShootout.lib and object D:\Unreal Projects\MultiplayerShootout\Intermediate\Build\Win64\UE4Editor\Development\UE4Editor-MultiplayerShootout.exp
   Creating library D:\Unreal Projects\MultiplayerShootout\Intermediate\Build\Win64\UE4Editor\Development\UE4Editor-MultiplayerShootout.suppressed.lib and object D:\Unreal Projects\MultiplayerShootout\Intermediate\Build\Win64\UE4Editor\Development\UE4Editor-MultiplayerShootout.suppressed.exp
Total build time: 28.27 seconds (Local executor: 17.46 seconds)

[2018.07.12-10.46.48:631][161]CompilerResultsLog: New page: Compilation - Jul 12, 2018, 2:46:48 PM
[2018.07.12-10.46.48:632][161]CompilerResultsLog: Performing full C++ include scan (hot reloading a new target)
[2018.07.12-10.46.48:632][161]CompilerResultsLog: Creating makefile for hot reloading MultiplayerShootout (no existing makefile)
[2018.07.12-10.46.48:632][161]CompilerResultsLog: Compiling game modules for hot reload
[2018.07.12-10.46.48:633][161]CompilerResultsLog: Parsing headers for MultiplayerShootoutEditor
[2018.07.12-10.46.48:633][161]CompilerResultsLog:   Running UnrealHeaderTool "D:\Unreal Projects\MultiplayerShootout\MultiplayerShootout.uproject" "D:\Unreal Projects\MultiplayerShootout\Intermediate\Build\Win64\MultiplayerShootoutEditor\Development\MultiplayerShootoutEditor.uhtmanifest" -LogCmds="loginit warning, logexit warning, logdatabase error" -Unattended -WarningsAsErrors -installed
[2018.07.12-10.46.48:634][161]CompilerResultsLog: Reflection code generated for MultiplayerShootoutEditor in 6.7522051 seconds
[2018.07.12-10.46.48:635][161]CompilerResultsLog: Performing 7 actions (4 in parallel)
[2018.07.12-10.46.48:635][161]CompilerResultsLog: [2/7] Resource ModuleVersionResource.rc.inl
[2018.07.12-10.46.48:636][161]CompilerResultsLog: [3/7] Resource PCLaunch.rc
[2018.07.12-10.46.48:636][161]CompilerResultsLog: SharedPCH.Engine.cpp
[2018.07.12-10.46.48:636][161]CompilerResultsLog: MyClass.cpp
[2018.07.12-10.46.48:636][161]CompilerResultsLog: MultiplayerShootout.cpp
[2018.07.12-10.46.48:637][161]CompilerResultsLog: [6/7] Link UE4Editor-MultiplayerShootout.dll
[2018.07.12-10.46.48:637][161]CompilerResultsLog: [7/7] Link UE4Editor-MultiplayerShootout.lib
[2018.07.12-10.46.48:637][161]CompilerResultsLog:    Creating library D:\Unreal Projects\MultiplayerShootout\Intermediate\Build\Win64\UE4Editor\Development\UE4Editor-MultiplayerShootout.lib and object D:\Unreal Projects\MultiplayerShootout\Intermediate\Build\Win64\UE4Editor\Development\UE4Editor-MultiplayerShootout.exp
[2018.07.12-10.46.48:638][161]CompilerResultsLog:    Creating library D:\Unreal Projects\MultiplayerShootout\Intermediate\Build\Win64\UE4Editor\Development\UE4Editor-MultiplayerShootout.suppressed.lib and object D:\Unreal Projects\MultiplayerShootout\Intermediate\Build\Win64\UE4Editor\Development\UE4Editor-MultiplayerShootout.suppressed.exp
[2018.07.12-10.46.48:639][161]CompilerResultsLog: Total build time: 28.27 seconds (Local executor: 17.46 seconds)
[2018.07.12-10.46.48:639][161]LogMainFrame: MainFrame: Module compiling took 28.460 seconds
[2018.07.12-10.46.48:640][161]Reloading module MultiplayerShootout after successful compile.
[2018.07.12-10.46.48:675][161]LogContentBrowser: Native class hierarchy populated in 0.0077 seconds. Added 2453 classes and 560 folders.
[2018.07.12-10.46.48:715][161]LogSlate: Window 'Add C++ Class' being destroyed
[2018.07.12-10.47.31:811][637]LogSlate: Window 'Plugins' being destroyed
[2018.07.12-10.47.31:813][637]LogDirectoryWatcher: A directory notification for '../../../Engine/Plugins/' was aborted.
[2018.07.12-10.47.31:814][637]LogSlate: Window 'MultiplayerShootout - Unreal Editor' being destroyed
[2018.07.12-10.47.31:815][637]LogWindowsTextInputMethodSystem: Display: IME system now deactivated.
[2018.07.12-10.47.31:815][637]LogWindowsTextInputMethodSystem: Display: IME system now deactivated.
[2018.07.12-10.47.31:982][638]Cmd: QUIT_EDITOR
[2018.07.12-10.47.32:008][638]LogSlate: Slate User Destroyed.  User Index 0, Is Virtual User: 0
[2018.07.12-10.47.32:008][638]LogExit: Preparing to exit.
[2018.07.12-10.47.32:120][638]LogExit: Editor shut down
[2018.07.12-10.47.32:123][638]LogExit: Transaction tracking system shut down
[2018.07.12-10.47.32:124][638]LogUObjectGlobals: Destroyed PersistentFrame Addr=0x00000217096c1d00, Size=1680
[2018.07.12-10.47.32:124][638]LogUObjectGlobals: Destroyed PersistentFrame Addr=0x0000021709616c20, Size=32
[2018.07.12-10.47.32:124][638]LogUObjectGlobals: Destroyed PersistentFrame Addr=0x00000217096826e0, Size=88
[2018.07.12-10.47.32:124][638]LogUObjectGlobals: Destroyed PersistentFrame Addr=0x000002170956bc00, Size=944
[2018.07.12-10.47.32:124][638]LogUObjectGlobals: Destroyed PersistentFrame Addr=0x0000021714767ea0, Size=32
[2018.07.12-10.47.32:124][638]LogUObjectGlobals: Destroyed PersistentFrame Addr=0x00000217151276e8, Size=8
[2018.07.12-10.47.32:124][638]LogUObjectGlobals: Destroyed PersistentFrame Addr=0x00000217150daac0, Size=312
[2018.07.12-10.47.32:124][638]LogUObjectGlobals: Destroyed PersistentFrame Addr=0x00000217150b1dc0, Size=64
[2018.07.12-10.47.32:124][638]LogUObjectGlobals: Destroyed PersistentFrame Addr=0x0000021715042780, Size=104
[2018.07.12-10.47.32:124][638]LogUObjectGlobals: Destroyed PersistentFrame Addr=0x0000021715039900, Size=768
[2018.07.12-10.47.32:124][638]LogUObjectGlobals: Destroyed PersistentFrame Addr=0x00000217150566e0, Size=88
[2018.07.12-10.47.32:124][638]LogUObjectGlobals: Destroyed PersistentFrame Addr=0x0000021714fb3340, Size=184
[2018.07.12-10.47.32:124][638]LogUObjectGlobals: Destroyed PersistentFrame Addr=0x0000021715f5b970, Size=72
[2018.07.12-10.47.32:124][638]LogUObjectGlobals: Destroyed PersistentFrame Addr=0x00000217150dad40, Size=304
[2018.07.12-10.47.32:128][638]LogUObjectGlobals: Destroyed PersistentFrame Addr=0x00000217152e1dc8, Size=40
[2018.07.12-10.47.32:272][638]LogDirectoryWatcher: A directory notification for '../../../Engine/Content/' was aborted.
[2018.07.12-10.47.32:272][638]LogDirectoryWatcher: A directory notification for 'D:/Unreal Projects/MultiplayerShootout/Content/' was aborted.
[2018.07.12-10.47.32:272][638]LogDirectoryWatcher: A directory notification for '../../Plugins/2D/Paper2D/Content/' was aborted.
[2018.07.12-10.47.32:272][638]LogDirectoryWatcher: A directory notification for '../../Plugins/Enterprise/DatasmithContent/Content/' was aborted.
[2018.07.12-10.47.32:272][638]LogDirectoryWatcher: A directory notification for '../../Plugins/Media/MediaCompositing/Content/' was aborted.
[2018.07.12-10.47.32:272][638]LogDirectoryWatcher: A directory notification for '../../Plugins/Runtime/AppleARKit/Content/' was aborted.
[2018.07.12-10.47.32:272][638]LogDirectoryWatcher: A directory notification for '../../Plugins/Runtime/Oculus/OculusVR/Content/' was aborted.
[2018.07.12-10.47.32:272][638]LogDirectoryWatcher: A directory notification for '../../Plugins/Runtime/Steam/SteamVR/Content/' was aborted.
[2018.07.12-10.47.32:321][638]LogExit: Object subsystem successfully closed.
[2018.07.12-10.47.32:338][638]LogShaderCompilers: Display: Shaders left to compile 0
[2018.07.12-10.47.32:341][638]LogD3D11RHI: Shutdown
[2018.07.12-10.47.32:341][638]LogD3D11RHI: CleanupD3DDevice
[2018.07.12-10.47.32:343][638]LogD3D11RHI: ~FD3D11DynamicRHI
[2018.07.12-10.47.32:357][638]LogModuleManager: Shutting down and abandoning module MultiplayerShootout (579)
[2018.07.12-10.47.32:357][638]LogModuleManager: Shutting down and abandoning module HierarchicalLODOutliner (577)
[2018.07.12-10.47.32:357][638]LogModuleManager: Shutting down and abandoning module ExternalImagePicker (575)
[2018.07.12-10.47.32:357][638]LogModuleManager: Shutting down and abandoning module SceneOutliner (573)
[2018.07.12-10.47.32:357][638]LogModuleManager: Shutting down and abandoning module AddContentDialog (571)
[2018.07.12-10.47.32:357][638]LogDirectoryWatcher: A directory notification for 'C:/Program Files/Epic Games/UE_4.19/FeaturePacks/' was aborted.
[2018.07.12-10.47.32:358][638]LogModuleManager: Shutting down and abandoning module WidgetCarousel (570)
[2018.07.12-10.47.32:358][638]LogModuleManager: Shutting down and abandoning module EditorWidgets (567)
[2018.07.12-10.47.32:358][638]LogModuleManager: Shutting down and abandoning module CollectionManager (565)
[2018.07.12-10.47.32:358][638]LogDirectoryWatcher: A directory notification for 'D:/Unreal Projects/MultiplayerShootout/Content/Collections/' was aborted.
[2018.07.12-10.47.32:358][638]LogDirectoryWatcher: A directory notification for 'D:/Unreal Projects/MultiplayerShootout/Content/Developers/Hampuz/Collections/' was aborted.
[2018.07.12-10.47.32:358][638]LogDirectoryWatcher: A directory notification for 'D:/Unreal Projects/MultiplayerShootout/Saved/Collections/' was aborted.
[2018.07.12-10.47.32:358][638]LogModuleManager: Shutting down and abandoning module StatsViewer (563)
[2018.07.12-10.47.32:358][638]LogModuleManager: Shutting down and abandoning module FoliageEdit (561)
[2018.07.12-10.47.32:358][638]LogModuleManager: Shutting down and abandoning module LandscapeEditor (559)
[2018.07.12-10.47.32:358][638]LogModuleManager: Shutting down and abandoning module MeshPaintMode (557)
[2018.07.12-10.47.32:358][638]LogModuleManager: Shutting down and abandoning module SceneDepthPickerMode (555)
[2018.07.12-10.47.32:358][638]LogModuleManager: Shutting down and abandoning module ActorPickerMode (553)
[2018.07.12-10.47.32:358][638]LogModuleManager: Shutting down and abandoning module GeometryMode (551)
[2018.07.12-10.47.32:358][638]LogModuleManager: Shutting down and abandoning module TextureAlignMode (549)
[2018.07.12-10.47.32:358][638]LogModuleManager: Shutting down and abandoning module BspMode (547)
[2018.07.12-10.47.32:358][638]LogModuleManager: Shutting down and abandoning module PIEPreviewDeviceProfileSelector (545)
[2018.07.12-10.47.32:359][638]LogModuleManager: Shutting down and abandoning module HardwareSurvey (543)
[2018.07.12-10.47.32:359][638]LogModuleManager: Shutting down and abandoning module SequenceRecorderSections (541)
[2018.07.12-10.47.32:359][638]LogModuleManager: Shutting down and abandoning module AutomationWorker (539)
[2018.07.12-10.47.32:359][638]LogModuleManager: Shutting down and abandoning module AudioCaptureEditor (537)
[2018.07.12-10.47.32:359][638]LogModuleManager: Shutting down and abandoning module SequenceRecorder (536)
[2018.07.12-10.47.32:359][638]LogModuleManager: Shutting down and abandoning module MatineeToLevelSequence (533)
[2018.07.12-10.47.32:359][638]LogModuleManager: Shutting down and abandoning module LevelSequenceEditor (531)
[2018.07.12-10.47.32:359][638]LogModuleManager: Shutting down and abandoning module PlacementMode (530)
[2018.07.12-10.47.32:359][638]LogModuleManager: Shutting down and abandoning module MaterialEditor (529)
[2018.07.12-10.47.32:359][638]LogModuleManager: Shutting down and abandoning module WmfMediaFactory (525)
[2018.07.12-10.47.32:359][638]LogModuleManager: Shutting down and abandoning module WmfMediaEditor (523)
[2018.07.12-10.47.32:359][638]LogModuleManager: Shutting down and abandoning module MediaPlayerEditor (521)
[2018.07.12-10.47.32:359][638]LogModuleManager: Shutting down and abandoning module OpenExrWrapper (519)
[2018.07.12-10.47.32:359][638]LogModuleManager: Shutting down and abandoning module ImgMediaFactory (517)
[2018.07.12-10.47.32:359][638]LogModuleManager: Shutting down and abandoning module ImgMediaEditor (515)
[2018.07.12-10.47.32:359][638]LogModuleManager: Shutting down and abandoning module AvfMediaFactory (513)
[2018.07.12-10.47.32:359][638]LogModuleManager: Shutting down and abandoning module AvfMediaEditor (511)
[2018.07.12-10.47.32:359][638]LogModuleManager: Shutting down and abandoning module AndroidMediaFactory (509)
[2018.07.12-10.47.32:359][638]LogModuleManager: Shutting down and abandoning module AndroidMediaEditor (507)
[2018.07.12-10.47.32:359][638]LogModuleManager: Shutting down and abandoning module CharacterAI (505)
[2018.07.12-10.47.32:359][638]LogModuleManager: Shutting down and abandoning module SmartSnapping (503)
[2018.07.12-10.47.32:359][638]LogModuleManager: Shutting down and abandoning module SessionServices (501)
[2018.07.12-10.47.32:359][638]LogModuleManager: Shutting down and abandoning module ViewportSnapping (499)
[2018.07.12-10.47.32:359][638]LogModuleManager: Shutting down and abandoning module ViewportInteraction (497)
[2018.07.12-10.47.32:359][638]LogModuleManager: Shutting down and abandoning module ClothPainter (495)
[2018.07.12-10.47.32:359][638]LogModuleManager: Shutting down and abandoning module SkeletalMeshEditor (494)
[2018.07.12-10.47.32:359][638]LogModuleManager: Shutting down and abandoning module LogVisualizer (491)
[2018.07.12-10.47.32:359][638]LogModuleManager: Shutting down and abandoning module IntroTutorials (489)
[2018.07.12-10.47.32:359][638]LogModuleManager: Shutting down and abandoning module GameProjectGeneration (488)
[2018.07.12-10.47.32:359][638]LogModuleManager: Shutting down and abandoning module IOSPlatformEditor (485)
[2018.07.12-10.47.32:359][638]LogModuleManager: Shutting down and abandoning module HTML5PlatformEditor (483)
[2018.07.12-10.47.32:359][638]LogModuleManager: Shutting down and abandoning module AndroidPlatformEditor (481)
[2018.07.12-10.47.32:359][638]LogModuleManager: Shutting down and abandoning module AndroidDeviceDetection (480)
[2018.07.12-10.47.33:248][638]LogModuleManager: Shutting down and abandoning module WindowsPlatformEditor (477)
[2018.07.12-10.47.33:249][638]LogModuleManager: Shutting down and abandoning module IOSRuntimeSettings (475)
[2018.07.12-10.47.33:249][638]LogModuleManager: Shutting down and abandoning module AndroidRuntimeSettings (473)
[2018.07.12-10.47.33:249][638]LogModuleManager: Shutting down and abandoning module InputBindingEditor (471)
[2018.07.12-10.47.33:249][638]LogModuleManager: Shutting down and abandoning module MergeActors (469)
[2018.07.12-10.47.33:249][638]LogModuleManager: Shutting down and abandoning module LocalizationDashboard (467)
[2018.07.12-10.47.33:249][638]LogModuleManager: Shutting down and abandoning module LocalizationService (466)
[2018.07.12-10.47.33:249][638]LogModuleManager: Shutting down and abandoning module HardwareTargeting (463)
[2018.07.12-10.47.33:249][638]LogModuleManager: Shutting down and abandoning module DeviceProfileEditor (461)
[2018.07.12-10.47.33:249][638]LogModuleManager: Shutting down and abandoning module UndoHistory (459)
[2018.07.12-10.47.33:249][638]LogModuleManager: Shutting down and abandoning module XmlParser (457)
[2018.07.12-10.47.33:249][638]LogModuleManager: Shutting down and abandoning module Blutility (455)
[2018.07.12-10.47.33:249][638]LogModuleManager: Shutting down and abandoning module ProjectSettingsViewer (453)
[2018.07.12-10.47.33:249][638]LogModuleManager: Shutting down and abandoning module ProjectTargetPlatformEditor (452)
[2018.07.12-10.47.33:249][638]LogModuleManager: Shutting down and abandoning module EditorSettingsViewer (449)
[2018.07.12-10.47.33:249][638]LogModuleManager: Shutting down and abandoning module SettingsEditor (447)
[2018.07.12-10.47.33:249][638]LogModuleManager: Shutting down and abandoning module ProjectLauncher (445)
[2018.07.12-10.47.33:249][638]LogModuleManager: Shutting down and abandoning module SessionFrontend (443)
[2018.07.12-10.47.33:249][638]LogModuleManager: Shutting down and abandoning module ProfilerClient (441)
[2018.07.12-10.47.33:249][638]LogModuleManager: Shutting down and abandoning module DeviceManager (439)
[2018.07.12-10.47.33:249][638]LogModuleManager: Shutting down and abandoning module TargetDeviceServices (438)
[2018.07.12-10.47.33:301][638]LogModuleManager: Shutting down and abandoning module AutomationController (435)
[2018.07.12-10.47.33:301][638]LogModuleManager: Shutting down and abandoning module AutomationWindow (433)
[2018.07.12-10.47.33:301][638]LogModuleManager: Shutting down and abandoning module Layers (431)
[2018.07.12-10.47.33:301][638]LogModuleManager: Shutting down and abandoning module ComponentVisualizers (429)
[2018.07.12-10.47.33:301][638]LogModuleManager: Shutting down and abandoning module DetailCustomizations (427)
[2018.07.12-10.47.33:301][638]LogModuleManager: Shutting down and abandoning module PackagesDialog (425)
[2018.07.12-10.47.33:301][638]LogModuleManager: Shutting down and abandoning module Persona (423)
[2018.07.12-10.47.33:301][638]LogModuleManager: Shutting down and abandoning module AdvancedPreviewScene (422)
[2018.07.12-10.47.33:301][638]LogModuleManager: Shutting down and abandoning module AnimGraph (420)
[2018.07.12-10.47.33:301][638]LogModuleManager: Shutting down and abandoning module Kismet (417)
[2018.07.12-10.47.33:302][638]LogModuleManager: Shutting down and abandoning module GraphEditor (415)
[2018.07.12-10.47.33:302][638]LogModuleManager: Shutting down and abandoning module ClassViewer (413)
[2018.07.12-10.47.33:303][638]LogModuleManager: Shutting down and abandoning module Toolbox (411)
[2018.07.12-10.47.33:303][638]LogModuleManager: Shutting down and abandoning module ModuleUI (409)
[2018.07.12-10.47.33:303][638]LogModuleManager: Shutting down and abandoning module MovieSceneTools (407)
[2018.07.12-10.47.33:303][638]LogModuleManager: Shutting down and abandoning module OutputLog (405)
[2018.07.12-10.47.33:303][638]LogModuleManager: Shutting down and abandoning module GammaUI (403)
[2018.07.12-10.47.33:303][638]LogModuleManager: Shutting down and abandoning module Documentation (401)
[2018.07.12-10.47.33:303][638]LogModuleManager: Shutting down and abandoning module MovieSceneTracks (399)
[2018.07.12-10.47.33:303][638]LogModuleManager: Shutting down and abandoning module MovieScene (397)
[2018.07.12-10.47.33:303][638]LogModuleManager: Shutting down and abandoning module StreamingPauseRendering (395)
[2018.07.12-10.47.33:303][638]LogModuleManager: Shutting down and abandoning module LauncherPlatform (393)
[2018.07.12-10.47.33:303][638]LogModuleManager: Shutting down and abandoning module AnalyticsET (391)
[2018.07.12-10.47.33:303][638]LogModuleManager: Shutting down and abandoning module PortalServices (389)
[2018.07.12-10.47.33:303][638]LogModuleManager: Shutting down and abandoning module PortalRpc (387)
[2018.07.12-10.47.33:303][638]LogModuleManager: Shutting down and abandoning module MessagingRpc (385)
[2018.07.12-10.47.33:303][638]LogModuleManager: Shutting down and abandoning module AIModule (383)
[2018.07.12-10.47.33:303][638]LogModuleManager: Shutting down and abandoning module GameplayDebugger (382)
[2018.07.12-10.47.33:303][638]LogModuleManager: Shutting down and abandoning module AITestSuite (380)
[2018.07.12-10.47.33:303][638]LogModuleManager: Shutting down and abandoning module DesktopPlatform (377)
[2018.07.12-10.47.33:303][638]LogModuleManager: Shutting down and abandoning module ProfilerService (375)
[2018.07.12-10.47.33:455][638]LogModuleManager: Shutting down and abandoning module TaskGraph (373)
[2018.07.12-10.47.33:456][638]LogModuleManager: Shutting down and abandoning module SteamVRController (371)
[2018.07.12-10.47.33:456][638]LogModuleManager: Shutting down and abandoning module ProceduralMeshComponentEditor (369)
[2018.07.12-10.47.33:456][638]LogModuleManager: Shutting down and abandoning module ProceduralMeshComponent (367)
[2018.07.12-10.47.33:456][638]LogModuleManager: Shutting down and abandoning module OculusInput (365)
[2018.07.12-10.47.33:456][638]LogModuleManager: Shutting down and abandoning module MobilePatchingUtils (363)
[2018.07.12-10.47.33:456][638]LogModuleManager: Shutting down and abandoning module CustomMeshComponent (361)
[2018.07.12-10.47.33:456][638]LogModuleManager: Shutting down and abandoning module CableComponent (359)
[2018.07.12-10.47.33:456][638]LogModuleManager: Shutting down and abandoning module AudioCapture (357)
[2018.07.12-10.47.33:456][638]LogModuleManager: Shutting down and abandoning module ArchVisCharacter (355)
[2018.07.12-10.47.33:456][638]LogModuleManager: Shutting down and abandoning module AndroidPermission (353)
[2018.07.12-10.47.33:456][638]LogModuleManager: Shutting down and abandoning module NUTUnrealEngine4 (351)
[2018.07.12-10.47.33:456][638]LogModuleManager: Shutting down and abandoning module NetcodeUnitTest (349)
[2018.07.12-10.47.33:456][638]LogModuleManager: Shutting down and abandoning module MediaCompositingEditor (347)
[2018.07.12-10.47.33:456][638]LogModuleManager: Shutting down and abandoning module MediaCompositing (345)
[2018.07.12-10.47.33:457][638]LogModuleManager: Shutting down and abandoning module LinearTimecode (343)
[2018.07.12-10.47.33:457][638]LogModuleManager: Shutting down and abandoning module ImgMedia (341)
[2018.07.12-10.47.33:465][638]LogModuleManager: Shutting down and abandoning module HTML5Networking (339)
[2018.07.12-10.47.33:465][638]LogModuleManager: Shutting down and abandoning module AlembicImporter (337)
[2018.07.12-10.47.33:465][638]LogModuleManager: Shutting down and abandoning module AlembicLibrary (336)
[2018.07.12-10.47.33:465][638]LogModuleManager: Shutting down and abandoning module GeometryCache (335)
[2018.07.12-10.47.33:465][638]LogModuleManager: Shutting down and abandoning module GeometryCacheEd (334)
[2018.07.12-10.47.33:465][638]LogModuleManager: Shutting down and abandoning module DatasmithContent (329)
[2018.07.12-10.47.33:465][638]LogModuleManager: Shutting down and abandoning module SpeedTreeImporter (327)
[2018.07.12-10.47.33:465][638]LogModuleManager: Shutting down and abandoning module PluginBrowser (325)
[2018.07.12-10.47.33:465][638]LogModuleManager: Shutting down and abandoning module MobileLauncherProfileWizard (323)
[2018.07.12-10.47.33:465][638]LogModuleManager: Shutting down and abandoning module CryptoKeysOpenSSL (321)
[2018.07.12-10.47.33:465][638]LogModuleManager: Shutting down and abandoning module CryptoKeys (319)
[2018.07.12-10.47.33:465][638]LogModuleManager: Shutting down and abandoning module VisualStudioSourceCodeAccess (317)
[2018.07.12-10.47.33:466][638]LogModuleManager: Shutting down and abandoning module VisualStudioCodeSourceCodeAccess (315)
[2018.07.12-10.47.33:466][638]LogModuleManager: Shutting down and abandoning module UObjectPlugin (313)
[2018.07.12-10.47.33:466][638]LogModuleManager: Shutting down and abandoning module SubversionSourceControl (311)
[2018.07.12-10.47.33:466][638]LogModuleManager: Shutting down and abandoning module PerforceSourceControl (309)
[2018.07.12-10.47.33:466][638]LogModuleManager: Shutting down and abandoning module GitSourceControl (307)
[2018.07.12-10.47.33:466][638]LogModuleManager: Shutting down and abandoning module SourceControl (306)
[2018.07.12-10.47.33:466][638]LogModuleManager: Shutting down and abandoning module CLionSourceCodeAccess (303)
[2018.07.12-10.47.33:466][638]LogModuleManager: Shutting down and abandoning module LightPropagationVolumeEditor (301)
[2018.07.12-10.47.33:466][638]LogModuleManager: Shutting down and abandoning module PaperTiledImporter (299)
[2018.07.12-10.47.33:466][638]LogModuleManager: Shutting down and abandoning module PaperSpriteSheetImporter (297)
[2018.07.12-10.47.33:466][638]LogModuleManager: Shutting down and abandoning module Paper2DEditor (295)
[2018.07.12-10.47.33:467][638]LogModuleManager: Shutting down and abandoning module MeshPaint (294)
[2018.07.12-10.47.33:467][638]LogModuleManager: Shutting down and abandoning module RuntimePhysXCooking (291)
[2018.07.12-10.47.33:467][638]LogModuleManager: Shutting down and abandoning module PhysXVehiclesEditor (289)
[2018.07.12-10.47.33:467][638]LogModuleManager: Shutting down and abandoning module PhysXVehicles (287)
[2018.07.12-10.47.33:467][638]LogModuleManager: Shutting down and abandoning module OculusEditor (285)
[2018.07.12-10.47.33:467][638]LogModuleManager: Shutting down and abandoning module LocationServicesBPLibrary (283)
[2018.07.12-10.47.33:467][638]LogModuleManager: Shutting down and abandoning module ImmediatePhysicsEditor (281)
[2018.07.12-10.47.33:467][638]LogModuleManager: Shutting down and abandoning module ImmediatePhysics (279)
[2018.07.12-10.47.33:467][638]LogModuleManager: Shutting down and abandoning module ActorSequence (277)
[2018.07.12-10.47.33:467][638]LogModuleManager: Shutting down and abandoning module UdpMessaging (275)
[2018.07.12-10.47.33:568][638]LogModuleManager: Shutting down and abandoning module TcpMessaging (273)
[2018.07.12-10.47.33:669][638]LogModuleManager: Shutting down and abandoning module GameplayTagsEditor (271)
[2018.07.12-10.47.33:669][638]LogModuleManager: Shutting down and abandoning module FacialAnimationEditor (269)
[2018.07.12-10.47.33:669][638]LogModuleManager: Shutting down and abandoning module FacialAnimation (267)
[2018.07.12-10.47.33:669][638]LogModuleManager: Shutting down and abandoning module DataValidation (265)
[2018.07.12-10.47.33:669][638]LogModuleManager: Shutting down and abandoning module AssetManagerEditor (263)
[2018.07.12-10.47.33:669][638]LogModuleManager: Shutting down and abandoning module LevelEditor (262)
[2018.07.12-10.47.33:669][638]LogModuleManager: Shutting down and abandoning module PixelInspectorModule (261)
[2018.07.12-10.47.33:669][638]LogModuleManager: Shutting down and abandoning module CommonMenuExtensions (259)
[2018.07.12-10.47.33:669][638]LogModuleManager: Shutting down and abandoning module MainFrame (257)
[2018.07.12-10.47.33:669][638]LogModuleManager: Shutting down and abandoning module HotReload (256)
[2018.07.12-10.47.33:670][638]LogModuleManager: Shutting down and abandoning module ContentBrowser (252)
[2018.07.12-10.47.33:670][638]LogModuleManager: Shutting down and abandoning module TreeMap (250)
[2018.07.12-10.47.33:670][638]LogModuleManager: Shutting down and abandoning module LightPropagationVolumeRuntime (247)
[2018.07.12-10.47.33:670][638]LogModuleManager: Shutting down and abandoning module LiveLinkEditor (245)
[2018.07.12-10.47.33:670][638]LogModuleManager: Shutting down and abandoning module LiveLink (243)
[2018.07.12-10.47.33:873][638]LogModuleManager: Shutting down and abandoning module Paper2D (241)
[2018.07.12-10.47.33:874][638]LogModuleManager: Shutting down and abandoning module WindowsMoviePlayer (239)
[2018.07.12-10.47.33:874][638]LogModuleManager: Shutting down and abandoning module WmfMedia (237)
[2018.07.12-10.47.33:874][638]LogModuleManager: Shutting down and abandoning module Media (236)
[2018.07.12-10.47.33:879][638]LogModuleManager: Shutting down and abandoning module PacketHandler (233)
[2018.07.12-10.47.33:879][638]LogModuleManager: Shutting down and abandoning module ClothingSystemEditor (231)
[2018.07.12-10.47.33:879][638]LogModuleManager: Shutting down and abandoning module ClothingSystemRuntime (229)
[2018.07.12-10.47.33:879][638]LogModuleManager: Shutting down and abandoning module MediaAssets (227)
[2018.07.12-10.47.33:879][638]LogModuleManager: Shutting down and abandoning module Overlay (225)
[2018.07.12-10.47.33:879][638]LogModuleManager: Shutting down and abandoning module OverlayEditor (224)
[2018.07.12-10.47.33:879][638]LogModuleManager: Shutting down and abandoning module VREditor (221)
[2018.07.12-10.47.33:879][638]LogModuleManager: Shutting down and abandoning module StringTableEditor (219)
[2018.07.12-10.47.33:879][638]LogModuleManager: Shutting down and abandoning module GameplayTasksEditor (217)
[2018.07.12-10.47.33:879][638]LogModuleManager: Shutting down and abandoning module BehaviorTreeEditor (215)
[2018.07.12-10.47.33:879][638]LogModuleManager: Shutting down and abandoning module FunctionalTesting (213)
[2018.07.12-10.47.33:879][638]LogModuleManager: Shutting down and abandoning module CollisionAnalyzer (211)
[2018.07.12-10.47.33:879][638]LogModuleManager: Shutting down and abandoning module WorkspaceMenuStructure (210)
[2018.07.12-10.47.33:879][638]LogModuleManager: Shutting down and abandoning module UMG (207)
[2018.07.12-10.47.33:879][638]LogModuleManager: Shutting down and abandoning module UMGEditor (206)
[2018.07.12-10.47.33:879][638]LogModuleManager: Shutting down and abandoning module Sequencer (205)
[2018.07.12-10.47.33:879][638]LogModuleManager: Shutting down and abandoning module MessageLog (202)
[2018.07.12-10.47.33:879][638]LogModuleManager: Shutting down and abandoning module SlateReflector (197)
[2018.07.12-10.47.33:879][638]LogModuleManager: Shutting down and abandoning module Slate (195)
[2018.07.12-10.47.33:879][638]LogModuleManager: Shutting down and abandoning module EditorStyle (193)
[2018.07.12-10.47.33:880][638]LogModuleManager: Shutting down and abandoning module MRMesh (191)
[2018.07.12-10.47.33:880][638]LogModuleManager: Shutting down and abandoning module SourceCodeAccess (189)
[2018.07.12-10.47.33:880][638]LogModuleManager: Shutting down and abandoning module HeadMountedDisplay (187)
[2018.07.12-10.47.33:880][638]LogModuleManager: Shutting down and abandoning module XAudio2 (185)
[2018.07.12-10.47.33:880][638]LogModuleManager: Shutting down and abandoning module Networking (183)
[2018.07.12-10.47.33:880][638]LogModuleManager: Shutting down and abandoning module Core (181)
[2018.07.12-10.47.33:881][638]LogModuleManager: Shutting down and abandoning module LevelSequence (179)
[2018.07.12-10.47.33:881][638]LogModuleManager: Shutting down and abandoning module KismetCompiler (177)
[2018.07.12-10.47.33:881][638]LogModuleManager: Shutting down and abandoning module MeshUtilities (175)
[2018.07.12-10.47.33:881][638]LogModuleManager: Shutting down and abandoning module MeshMergeUtilities (174)
[2018.07.12-10.47.33:881][638]LogModuleManager: Shutting down and abandoning module MeshReductionInterface (173)
[2018.07.12-10.47.33:881][638]LogModuleManager: Shutting down and abandoning module SimplygonSwarm (172)
[2018.07.12-10.47.33:881][638]LogModuleManager: Shutting down and abandoning module SimplygonMeshReduction (170)
[2018.07.12-10.47.33:881][638]LogModuleManager: Shutting down and abandoning module QuadricMeshReduction (168)
[2018.07.12-10.47.33:881][638]LogModuleManager: Shutting down and abandoning module MaterialBaking (164)
[2018.07.12-10.47.33:881][638]LogModuleManager: Shutting down and abandoning module DirectoryWatcher (160)
[2018.07.12-10.47.33:881][638]LogModuleManager: Shutting down and abandoning module DerivedDataCache (157)
[2018.07.12-10.47.33:937][638]LogDerivedDataCache: Shutdown
[2018.07.12-10.47.33:937][638]LogModuleManager: Shutting down and abandoning module XGEController (155)
[2018.07.12-10.47.33:937][638]LogXGEController: Cleaning working directory: C:/Users/Hampuz/AppData/Local/Temp/UnrealXGEWorkingDir/
[2018.07.12-10.47.33:937][638]LogModuleManager: Shutting down and abandoning module TargetPlatform (153)
[2018.07.12-10.47.33:937][638]LogModuleManager: Shutting down and abandoning module VulkanShaderFormat (152)
[2018.07.12-10.47.33:937][638]LogModuleManager: Shutting down and abandoning module ShaderFormatVectorVM (150)
[2018.07.12-10.47.33:937][638]LogModuleManager: Shutting down and abandoning module ShaderFormatOpenGL (148)
[2018.07.12-10.47.33:937][638]LogModuleManager: Shutting down and abandoning module ShaderFormatD3D (146)
[2018.07.12-10.47.33:937][638]LogModuleManager: Shutting down and abandoning module MetalShaderFormat (144)
[2018.07.12-10.47.33:937][638]LogModuleManager: Shutting down and abandoning module TextureFormatUncompressed (142)
[2018.07.12-10.47.33:937][638]LogModuleManager: Shutting down and abandoning module TextureFormatPVR (140)
[2018.07.12-10.47.33:937][638]LogModuleManager: Shutting down and abandoning module TextureFormatDXT (138)
[2018.07.12-10.47.33:937][638]LogModuleManager: Shutting down and abandoning module TextureFormatIntelISPCTexComp (136)
[2018.07.12-10.47.33:937][638]LogModuleManager: Shutting down and abandoning module TextureFormatASTC (134)
[2018.07.12-10.47.33:937][638]LogModuleManager: Shutting down and abandoning module ImageWrapper (133)
[2018.07.12-10.47.33:937][638]LogModuleManager: Shutting down and abandoning module TextureFormatAndroid (130)
[2018.07.12-10.47.33:937][638]LogModuleManager: Shutting down and abandoning module AudioFormatOpus (128)
[2018.07.12-10.47.33:937][638]LogModuleManager: Shutting down and abandoning module AudioFormatOgg (126)
[2018.07.12-10.47.33:937][638]LogModuleManager: Shutting down and abandoning module AudioFormatADPCM (124)
[2018.07.12-10.47.33:937][638]LogModuleManager: Shutting down and abandoning module LinuxTargetPlatform (122)
[2018.07.12-10.47.33:937][638]LogModuleManager: Shutting down and abandoning module LinuxServerTargetPlatform (120)
[2018.07.12-10.47.33:937][638]LogModuleManager: Shutting down and abandoning module LinuxNoEditorTargetPlatform (118)
[2018.07.12-10.47.33:937][638]LogModuleManager: Shutting down and abandoning module LinuxClientTargetPlatform (116)
[2018.07.12-10.47.33:937][638]LogModuleManager: Shutting down and abandoning module TVOSTargetPlatform (114)
[2018.07.12-10.47.33:937][638]LogModuleManager: Shutting down and abandoning module Messaging (112)
[2018.07.12-10.47.33:937][638]LogModuleManager: Shutting down and abandoning module IOSTargetPlatform (110)
[2018.07.12-10.47.33:937][638]LogModuleManager: Shutting down and abandoning module HTML5TargetPlatform (108)
[2018.07.12-10.47.33:937][638]LogModuleManager: Shutting down and abandoning module AndroidTargetPlatform (106)
[2018.07.12-10.47.33:938][638]LogModuleManager: Shutting down and abandoning module Android_PVRTCTargetPlatform (104)
[2018.07.12-10.47.33:938][638]LogModuleManager: Shutting down and abandoning module Android_MultiTargetPlatform (102)
[2018.07.12-10.47.33:938][638]LogModuleManager: Shutting down and abandoning module Android_ETC2TargetPlatform (100)
[2018.07.12-10.47.33:938][638]LogModuleManager: Shutting down and abandoning module Android_ETC1TargetPlatform (98)
[2018.07.12-10.47.33:938][638]LogModuleManager: Shutting down and abandoning module Android_ETC1aTargetPlatform (96)
[2018.07.12-10.47.33:938][638]LogModuleManager: Shutting down and abandoning module Android_DXTTargetPlatform (94)
[2018.07.12-10.47.33:938][638]LogModuleManager: Shutting down and abandoning module Android_ATCTargetPlatform (92)
[2018.07.12-10.47.33:938][638]LogModuleManager: Shutting down and abandoning module Android_ASTCTargetPlatform (90)
[2018.07.12-10.47.33:938][638]LogModuleManager: Shutting down and abandoning module WindowsTargetPlatform (88)
[2018.07.12-10.47.33:938][638]LogModuleManager: Shutting down and abandoning module WindowsServerTargetPlatform (86)
[2018.07.12-10.47.33:938][638]LogModuleManager: Shutting down and abandoning module WindowsNoEditorTargetPlatform (84)
[2018.07.12-10.47.33:938][638]LogModuleManager: Shutting down and abandoning module WindowsClientTargetPlatform (82)
[2018.07.12-10.47.33:938][638]LogModuleManager: Shutting down and abandoning module MacTargetPlatform (80)
[2018.07.12-10.47.33:938][638]LogModuleManager: Shutting down and abandoning module MacServerTargetPlatform (78)
[2018.07.12-10.47.33:938][638]LogModuleManager: Shutting down and abandoning module MacNoEditorTargetPlatform (76)
[2018.07.12-10.47.33:938][638]LogModuleManager: Shutting down and abandoning module MacClientTargetPlatform (74)
[2018.07.12-10.47.33:938][638]LogModuleManager: Shutting down and abandoning module AllDesktopTargetPlatform (72)
[2018.07.12-10.47.33:938][638]LogModuleManager: Shutting down and abandoning module InputCore (69)
[2018.07.12-10.47.33:938][638]LogModuleManager: Shutting down and abandoning module Settings (67)
[2018.07.12-10.47.33:938][638]LogModuleManager: Shutting down and abandoning module PhysXCooking (65)
[2018.07.12-10.47.33:938][638]LogModuleManager: Shutting down and abandoning module SteamVR (63)
[2018.07.12-10.47.33:938][638]LogModuleManager: Shutting down and abandoning module OculusHMD (61)
[2018.07.12-10.47.33:938][638]LogModuleManager: Shutting down and abandoning module ExampleDeviceProfileSelector (59)
[2018.07.12-10.47.33:938][638]LogModuleManager: Shutting down and abandoning module AppleARKit (57)
[2018.07.12-10.47.33:938][638]LogModuleManager: Shutting down and abandoning module AugmentedReality (56)
[2018.07.12-10.47.33:938][638]LogModuleManager: Shutting down and abandoning module OnlineBlueprintSupport (53)
[2018.07.12-10.47.33:938][638]LogModuleManager: Shutting down and abandoning module OnlineSubsystem (49)
[2018.07.12-10.47.33:938][638]LogOnline: Display: OSS: FOnlineSubsystemNull::Shutdown()
[2018.07.12-10.47.33:938][638]LogOnline: Display: OSS: FOnlineAsyncTaskManager::Stop() ActiveTask:0000000000000000 Tasks[0/0]
[2018.07.12-10.47.33:938][638]LogOnline: Display: OSS: FOnlineAsyncTaskManager::Exit() started
[2018.07.12-10.47.33:938][638]LogOnline: Display: OSS: FOnlineAsyncTaskManager::Exit() finished
[2018.07.12-10.47.33:938][638]LogModuleManager: Shutting down and abandoning module XMPP (43)
[2018.07.12-10.47.33:938][638]LogModuleManager: Shutting down and abandoning module HTTP (41)
[2018.07.12-10.47.33:938][638]LogHttp: Display: Http module shutting down, but needs to wait on 1 outstanding Http requests:
[2018.07.12-10.47.33:938][638]LogHttp: Display: 	verb=[POST] url=[https://datarouter.ol.epicgames.com/datarouter/api/v1/public/data?SessionID=%7BD893C266-4BC9-B8AB-92FD-A5BBB887C48B%7D&AppID=UEEditor.Rocket.Release&AppVersion=4.19.2-4033788%2B%2B%2BUE4%2BRelease-4.19&UserID=8032020b4ab79f03573d8ea481523435%7Ca28728bc994e46c6abddadc506f8f786%7C3acc9aa8-0024-4b93-baac-43c9380038e5&AppEnvironment=datacollector-binary&UploadType=eteventstream] status=Processing
[2018.07.12-10.47.33:957][638]LogModuleManager: Shutting down and abandoning module SSL (40)
[2018.07.12-10.47.33:958][638]LogModuleManager: Shutting down and abandoning module AnimationModifiers (36)
[2018.07.12-10.47.33:958][638]LogModuleManager: Shutting down and abandoning module PropertyEditor (35)
[2018.07.12-10.47.33:958][638]LogModuleManager: Shutting down and abandoning module AudioEditor (32)
[2018.07.12-10.47.33:958][638]LogModuleManager: Shutting down and abandoning module TextureCompressor (30)
[2018.07.12-10.47.33:958][638]LogModuleManager: Shutting down and abandoning module ShaderCore (28)
[2018.07.12-10.47.33:958][638]LogModuleManager: Shutting down and abandoning module Landscape (26)
[2018.07.12-10.47.33:958][638]LogModuleManager: Shutting down and abandoning module SlateRHIRenderer (24)
[2018.07.12-10.47.33:959][638]LogModuleManager: Shutting down and abandoning module OpenGLDrv (22)
[2018.07.12-10.47.33:959][638]LogModuleManager: Shutting down and abandoning module D3D11RHI (20)
[2018.07.12-10.47.33:959][638]LogModuleManager: Shutting down and abandoning module AnimGraphRuntime (18)
[2018.07.12-10.47.33:959][638]LogModuleManager: Shutting down and abandoning module Renderer (16)
[2018.07.12-10.47.33:959][638]LogModuleManager: Shutting down and abandoning module Engine (14)
[2018.07.12-10.47.33:959][638]LogModuleManager: Shutting down and abandoning module CoreUObject (12)
[2018.07.12-10.47.33:959][638]LogModuleManager: Shutting down and abandoning module NetworkFile (10)
[2018.07.12-10.47.33:959][638]LogModuleManager: Shutting down and abandoning module CookedIterativeFile (8)
[2018.07.12-10.47.33:959][638]LogModuleManager: Shutting down and abandoning module StreamingFile (6)
[2018.07.12-10.47.33:959][638]LogModuleManager: Shutting down and abandoning module SandboxFile (4)
[2018.07.12-10.47.33:959][638]LogModuleManager: Shutting down and abandoning module PakFile (2)
[2018.07.12-10.47.33:963][638]LogExit: Exiting.
[2018.07.12-10.47.33:971][638]Log file closed, 07/12/18 12:47:33
