Log file open, 07/12/18 12:47:37
LogWindows: Failed to load 'aqProf.dll' (GetLastError=126)
LogWindows: File 'aqProf.dll' does not exist
LogWindows: Failed to load 'VtuneApi.dll' (GetLastError=126)
LogWindows: File 'VtuneApi.dll' does not exist
LogWindows: Failed to load 'VtuneApi32e.dll' (GetLastError=126)
LogWindows: File 'VtuneApi32e.dll' does not exist
LogInit: Display: Running engine for game: MultiplayerShootout
LogPlatformFile: Not using cached read wrapper
LogInit: Display: RandInit(209256509) SRandInit(209256509).
LogInit: Read version file with build ID '3944462'
LogInit: Overriding engine version to CL 4033788, compatible CL 3944462
LogInit: Registered custom module enumerator with build ID '3944462'
LogTaskGraph: Started task graph with 5 named threads and 23 total threads with 3 sets of task threads.
LogStats: Stats thread started at 0.246362
LogD3D11RHI: Aftermath initialized
LogICUInternationalization: Display: ICU TimeZone Detection - Raw Offset: +1:00, Platform Override: ''
LogPluginManager: Mounting plugin Paper2D
LogPluginManager: Mounting plugin LiveLink
LogPluginManager: Mounting plugin LightPropagationVolume
LogPluginManager: Mounting plugin CLionSourceCodeAccess
LogPluginManager: Mounting plugin CodeLiteSourceCodeAccess
LogPluginManager: Mounting plugin GitSourceControl
LogPluginManager: Mounting plugin KDevelopSourceCodeAccess
LogPluginManager: Mounting plugin NullSourceCodeAccess
LogPluginManager: Mounting plugin PerforceSourceControl
LogPluginManager: Mounting plugin SubversionSourceControl
LogPluginManager: Mounting plugin UObjectPlugin
LogPluginManager: Mounting plugin VisualStudioCodeSourceCodeAccess
LogPluginManager: Mounting plugin VisualStudioSourceCodeAccess
LogPluginManager: Mounting plugin XCodeSourceCodeAccess
LogPluginManager: Mounting plugin AssetManagerEditor
LogPluginManager: Mounting plugin CryptoKeys
LogPluginManager: Mounting plugin DataValidation
LogPluginManager: Mounting plugin FacialAnimation
LogPluginManager: Mounting plugin GameplayTagsEditor
LogPluginManager: Mounting plugin MobileLauncherProfileWizard
LogPluginManager: Mounting plugin PluginBrowser
LogPluginManager: Mounting plugin SpeedTreeImporter
LogPluginManager: Mounting plugin DatasmithContent
LogPluginManager: Mounting plugin AlembicImporter
LogPluginManager: Mounting plugin CharacterAI
LogPluginManager: Mounting plugin HTML5Networking
LogPluginManager: Mounting plugin AndroidMedia
LogPluginManager: Mounting plugin AvfMedia
LogPluginManager: Mounting plugin ImgMedia
LogPluginManager: Mounting plugin LinearTimecode
LogPluginManager: Mounting plugin MediaCompositing
LogPluginManager: Mounting plugin MediaPlayerEditor
LogPluginManager: Mounting plugin WmfMedia
LogPluginManager: Mounting plugin TcpMessaging
LogPluginManager: Mounting plugin UdpMessaging
LogPluginManager: Mounting plugin ActorSequence
LogPluginManager: Mounting plugin LevelSequenceEditor
LogPluginManager: Mounting plugin MatineeToLevelSequence
LogPluginManager: Mounting plugin NetcodeUnitTest
LogPluginManager: Mounting plugin NUTUnrealEngine4
LogPluginManager: Mounting plugin OnlineSubsystemGooglePlay
LogPluginManager: Mounting plugin OnlineSubsystemIOS
LogPluginManager: Mounting plugin OnlineSubsystem
LogPluginManager: Mounting plugin OnlineSubsystemNull
LogPluginManager: Mounting plugin OnlineSubsystemUtils
LogPluginManager: Mounting plugin AndroidDeviceProfileSelector
LogPluginManager: Mounting plugin AndroidMoviePlayer
LogPluginManager: Mounting plugin AndroidPermission
LogPluginManager: Mounting plugin AppleARKit
LogPluginManager: Mounting plugin AppleMoviePlayer
LogPluginManager: Mounting plugin ArchVisCharacter
LogPluginManager: Mounting plugin AudioCapture
LogPluginManager: Mounting plugin CableComponent
LogPluginManager: Mounting plugin CustomMeshComponent
LogPluginManager: Mounting plugin ExampleDeviceProfileSelector
LogPluginManager: Mounting plugin GoogleCloudMessaging
LogPluginManager: Mounting plugin ImmediatePhysics
LogPluginManager: Mounting plugin IOSDeviceProfileSelector
LogPluginManager: Mounting plugin LinuxDeviceProfileSelector
LogPluginManager: Mounting plugin LocationServicesBPLibrary
LogPluginManager: Mounting plugin MobilePatchingUtils
LogPluginManager: Mounting plugin OculusVR
LogPluginManager: Plugin shader directory ../../../Engine/Plugins/Runtime/Oculus/OculusVR/Shaders found
LogPluginManager: Mapping shader source directory ../../../Engine/Plugins/Runtime/Oculus/OculusVR/Shaders to virtual directory /Plugin/OculusVR
LogPluginManager: Mounting plugin PhysXVehicles
LogPluginManager: Mounting plugin ProceduralMeshComponent
LogPluginManager: Mounting plugin RuntimePhysXCooking
LogPluginManager: Mounting plugin SteamVR
LogPluginManager: Mounting plugin WindowsMoviePlayer
LogStreaming: Display: Took  0.047s to configure plugins.
LogModuleManager: Display: Found up-to-date module file D:/Unreal Projects/MultiplayerShootout/Binaries/Win64/UE4Editor-MultiplayerShootout.dll (API version 3944462).
LogModuleManager: Display: Found up-to-date module file ../../../Engine/Plugins/2D/Paper2D/Binaries/Win64/UE4Editor-Paper2D.dll (API version 3944462).
LogModuleManager: Display: Found up-to-date module file ../../../Engine/Plugins/2D/Paper2D/Binaries/Win64/UE4Editor-Paper2DEditor.dll (API version 3944462).
LogModuleManager: Display: Found up-to-date module file ../../../Engine/Plugins/2D/Paper2D/Binaries/Win64/UE4Editor-PaperSpriteSheetImporter.dll (API version 3944462).
LogModuleManager: Display: Found up-to-date module file ../../../Engine/Plugins/2D/Paper2D/Binaries/Win64/UE4Editor-PaperTiledImporter.dll (API version 3944462).
LogModuleManager: Display: Found up-to-date module file ../../../Engine/Plugins/2D/Paper2D/Binaries/Win64/UE4Editor-SmartSnapping.dll (API version 3944462).
LogModuleManager: Display: Found up-to-date module file ../../../Engine/Plugins/Animation/LiveLink/Binaries/Win64/UE4Editor-LiveLink.dll (API version 3944462).
LogModuleManager: Display: Found up-to-date module file ../../../Engine/Plugins/Animation/LiveLink/Binaries/Win64/UE4Editor-LiveLinkEditor.dll (API version 3944462).
LogModuleManager: Display: Found up-to-date module file ../../../Engine/Plugins/Blendables/LightPropagationVolume/Binaries/Win64/UE4Editor-LightPropagationVolumeRuntime.dll (API version 3944462).
LogModuleManager: Display: Found up-to-date module file ../../../Engine/Plugins/Blendables/LightPropagationVolume/Binaries/Win64/UE4Editor-LightPropagationVolumeEditor.dll (API version 3944462).
LogModuleManager: Display: Found up-to-date module file ../../../Engine/Plugins/Developer/CLionSourceCodeAccess/Binaries/Win64/UE4Editor-CLionSourceCodeAccess.dll (API version 3944462).
LogModuleManager: Display: Found up-to-date module file ../../../Engine/Plugins/Developer/GitSourceControl/Binaries/Win64/UE4Editor-GitSourceControl.dll (API version 3944462).
LogModuleManager: Display: Found up-to-date module file ../../../Engine/Plugins/Developer/PerforceSourceControl/Binaries/Win64/UE4Editor-PerforceSourceControl.dll (API version 3944462).
LogModuleManager: Display: Found up-to-date module file ../../../Engine/Plugins/Developer/SubversionSourceControl/Binaries/Win64/UE4Editor-SubversionSourceControl.dll (API version 3944462).
LogModuleManager: Display: Found up-to-date module file ../../../Engine/Plugins/Developer/UObjectPlugin/Binaries/Win64/UE4Editor-UObjectPlugin.dll (API version 3944462).
LogModuleManager: Display: Found up-to-date module file ../../../Engine/Plugins/Developer/VisualStudioCodeSourceCodeAccess/Binaries/Win64/UE4Editor-VisualStudioCodeSourceCodeAccess.dll (API version 3944462).
LogModuleManager: Display: Found up-to-date module file ../../../Engine/Plugins/Developer/VisualStudioSourceCodeAccess/Binaries/Win64/UE4Editor-VisualStudioSourceCodeAccess.dll (API version 3944462).
LogModuleManager: Display: Found up-to-date module file ../../../Engine/Plugins/Editor/AssetManagerEditor/Binaries/Win64/UE4Editor-AssetManagerEditor.dll (API version 3944462).
LogModuleManager: Display: Found up-to-date module file ../../../Engine/Plugins/Editor/CryptoKeys/Binaries/Win64/UE4Editor-CryptoKeys.dll (API version 3944462).
LogModuleManager: Display: Found up-to-date module file ../../../Engine/Plugins/Editor/CryptoKeys/Binaries/Win64/UE4Editor-CryptoKeysOpenSSL.dll (API version 3944462).
LogModuleManager: Display: Found up-to-date module file ../../../Engine/Plugins/Editor/DataValidation/Binaries/Win64/UE4Editor-DataValidation.dll (API version 3944462).
LogModuleManager: Display: Found up-to-date module file ../../../Engine/Plugins/Editor/FacialAnimation/Binaries/Win64/UE4Editor-FacialAnimation.dll (API version 3944462).
LogModuleManager: Display: Found up-to-date module file ../../../Engine/Plugins/Editor/FacialAnimation/Binaries/Win64/UE4Editor-FacialAnimationEditor.dll (API version 3944462).
LogModuleManager: Display: Found up-to-date module file ../../../Engine/Plugins/Editor/GameplayTagsEditor/Binaries/Win64/UE4Editor-GameplayTagsEditor.dll (API version 3944462).
LogModuleManager: Display: Found up-to-date module file ../../../Engine/Plugins/Editor/MobileLauncherProfileWizard/Binaries/Win64/UE4Editor-MobileLauncherProfileWizard.dll (API version 3944462).
LogModuleManager: Display: Found up-to-date module file ../../../Engine/Plugins/Editor/PluginBrowser/Binaries/Win64/UE4Editor-PluginBrowser.dll (API version 3944462).
LogModuleManager: Display: Found up-to-date module file ../../../Engine/Plugins/Editor/SpeedTreeImporter/Binaries/Win64/UE4Editor-SpeedTreeImporter.dll (API version 3944462).
LogModuleManager: Display: Found up-to-date module file ../../../Engine/Plugins/Enterprise/DatasmithContent/Binaries/Win64/UE4Editor-DatasmithContent.dll (API version 3944462).
LogModuleManager: Display: Found up-to-date module file ../../../Engine/Plugins/Experimental/AlembicImporter/Binaries/Win64/UE4Editor-AlembicImporter.dll (API version 3944462).
LogModuleManager: Display: Found up-to-date module file ../../../Engine/Plugins/Experimental/AlembicImporter/Binaries/Win64/UE4Editor-AlembicLibrary.dll (API version 3944462).
LogModuleManager: Display: Found up-to-date module file ../../../Engine/Plugins/Experimental/CharacterAI/Binaries/Win64/UE4Editor-CharacterAI.dll (API version 3944462).
LogModuleManager: Display: Found up-to-date module file ../../../Engine/Plugins/Experimental/HTML5Networking/Binaries/Win64/UE4Editor-HTML5Networking.dll (API version 3944462).
LogModuleManager: Display: Found up-to-date module file ../../../Engine/Plugins/Media/AndroidMedia/Binaries/Win64/UE4Editor-AndroidMediaEditor.dll (API version 3944462).
LogModuleManager: Display: Found up-to-date module file ../../../Engine/Plugins/Media/AndroidMedia/Binaries/Win64/UE4Editor-AndroidMediaFactory.dll (API version 3944462).
LogModuleManager: Display: Found up-to-date module file ../../../Engine/Plugins/Media/AvfMedia/Binaries/Win64/UE4Editor-AvfMediaEditor.dll (API version 3944462).
LogModuleManager: Display: Found up-to-date module file ../../../Engine/Plugins/Media/AvfMedia/Binaries/Win64/UE4Editor-AvfMediaFactory.dll (API version 3944462).
LogModuleManager: Display: Found up-to-date module file ../../../Engine/Plugins/Media/AvfMedia/Binaries/Win64/UE4Editor-AvfMediaFactory.dll (API version 3944462).
LogModuleManager: Display: Found up-to-date module file ../../../Engine/Plugins/Media/ImgMedia/Binaries/Win64/UE4Editor-ImgMedia.dll (API version 3944462).
LogModuleManager: Display: Found up-to-date module file ../../../Engine/Plugins/Media/ImgMedia/Binaries/Win64/UE4Editor-ImgMediaEditor.dll (API version 3944462).
LogModuleManager: Display: Found up-to-date module file ../../../Engine/Plugins/Media/ImgMedia/Binaries/Win64/UE4Editor-ImgMediaFactory.dll (API version 3944462).
LogModuleManager: Display: Found up-to-date module file ../../../Engine/Plugins/Media/ImgMedia/Binaries/Win64/UE4Editor-ImgMediaFactory.dll (API version 3944462).
LogModuleManager: Display: Found up-to-date module file ../../../Engine/Plugins/Media/ImgMedia/Binaries/Win64/UE4Editor-OpenExrWrapper.dll (API version 3944462).
LogModuleManager: Display: Found up-to-date module file ../../../Engine/Plugins/Media/LinearTimecode/Binaries/Win64/UE4Editor-LinearTimecode.dll (API version 3944462).
LogModuleManager: Display: Found up-to-date module file ../../../Engine/Plugins/Media/MediaCompositing/Binaries/Win64/UE4Editor-MediaCompositing.dll (API version 3944462).
LogModuleManager: Display: Found up-to-date module file ../../../Engine/Plugins/Media/MediaCompositing/Binaries/Win64/UE4Editor-MediaCompositingEditor.dll (API version 3944462).
LogModuleManager: Display: Found up-to-date module file ../../../Engine/Plugins/Media/MediaPlayerEditor/Binaries/Win64/UE4Editor-MediaPlayerEditor.dll (API version 3944462).
LogModuleManager: Display: Found up-to-date module file ../../../Engine/Plugins/Media/WmfMedia/Binaries/Win64/UE4Editor-WmfMedia.dll (API version 3944462).
LogModuleManager: Display: Found up-to-date module file ../../../Engine/Plugins/Media/WmfMedia/Binaries/Win64/UE4Editor-WmfMediaEditor.dll (API version 3944462).
LogModuleManager: Display: Found up-to-date module file ../../../Engine/Plugins/Media/WmfMedia/Binaries/Win64/UE4Editor-WmfMediaFactory.dll (API version 3944462).
LogModuleManager: Display: Found up-to-date module file ../../../Engine/Plugins/Media/WmfMedia/Binaries/Win64/UE4Editor-WmfMediaFactory.dll (API version 3944462).
LogModuleManager: Display: Found up-to-date module file ../../../Engine/Plugins/Messaging/TcpMessaging/Binaries/Win64/UE4Editor-TcpMessaging.dll (API version 3944462).
LogModuleManager: Display: Found up-to-date module file ../../../Engine/Plugins/Messaging/UdpMessaging/Binaries/Win64/UE4Editor-UdpMessaging.dll (API version 3944462).
LogModuleManager: Display: Found up-to-date module file ../../../Engine/Plugins/MovieScene/ActorSequence/Binaries/Win64/UE4Editor-ActorSequence.dll (API version 3944462).
LogModuleManager: Display: Found up-to-date module file ../../../Engine/Plugins/MovieScene/LevelSequenceEditor/Binaries/Win64/UE4Editor-LevelSequenceEditor.dll (API version 3944462).
LogModuleManager: Display: Found up-to-date module file ../../../Engine/Plugins/MovieScene/MatineeToLevelSequence/Binaries/Win64/UE4Editor-MatineeToLevelSequence.dll (API version 3944462).
LogModuleManager: Display: Found up-to-date module file ../../../Engine/Plugins/NetcodeUnitTest/NetcodeUnitTest/Binaries/Win64/UE4Editor-NetcodeUnitTest.dll (API version 3944462).
LogModuleManager: Display: Found up-to-date module file ../../../Engine/Plugins/NetcodeUnitTest/NUTUnrealEngine4/Binaries/Win64/UE4Editor-NUTUnrealEngine4.dll (API version 3944462).
LogModuleManager: Display: Found up-to-date module file ../../../Engine/Plugins/Online/OnlineSubsystem/Binaries/Win64/UE4Editor-OnlineSubsystem.dll (API version 3944462).
LogModuleManager: Display: Found up-to-date module file ../../../Engine/Plugins/Online/OnlineSubsystemNull/Binaries/Win64/UE4Editor-OnlineSubsystemNull.dll (API version 3944462).
LogModuleManager: Display: Found up-to-date module file ../../../Engine/Plugins/Online/OnlineSubsystemUtils/Binaries/Win64/UE4Editor-OnlineSubsystemUtils.dll (API version 3944462).
LogModuleManager: Display: Found up-to-date module file ../../../Engine/Plugins/Online/OnlineSubsystemUtils/Binaries/Win64/UE4Editor-OnlineBlueprintSupport.dll (API version 3944462).
LogModuleManager: Display: Found up-to-date module file ../../../Engine/Plugins/Runtime/AndroidDeviceProfileSelector/Binaries/Win64/UE4Editor-AndroidDeviceProfileSelector.dll (API version 3944462).
LogModuleManager: Display: Found up-to-date module file ../../../Engine/Plugins/Runtime/AndroidPermission/Binaries/Win64/UE4Editor-AndroidPermission.dll (API version 3944462).
LogModuleManager: Display: Found up-to-date module file ../../../Engine/Plugins/Runtime/AppleARKit/Binaries/Win64/UE4Editor-AppleARKit.dll (API version 3944462).
LogModuleManager: Display: Found up-to-date module file ../../../Engine/Plugins/Runtime/ArchVisCharacter/Binaries/Win64/UE4Editor-ArchVisCharacter.dll (API version 3944462).
LogModuleManager: Display: Found up-to-date module file ../../../Engine/Plugins/Runtime/AudioCapture/Binaries/Win64/UE4Editor-AudioCapture.dll (API version 3944462).
LogModuleManager: Display: Found up-to-date module file ../../../Engine/Plugins/Runtime/AudioCapture/Binaries/Win64/UE4Editor-AudioCaptureEditor.dll (API version 3944462).
LogModuleManager: Display: Found up-to-date module file ../../../Engine/Plugins/Runtime/CableComponent/Binaries/Win64/UE4Editor-CableComponent.dll (API version 3944462).
LogModuleManager: Display: Found up-to-date module file ../../../Engine/Plugins/Runtime/CustomMeshComponent/Binaries/Win64/UE4Editor-CustomMeshComponent.dll (API version 3944462).
LogModuleManager: Display: Found up-to-date module file ../../../Engine/Plugins/Runtime/ExampleDeviceProfileSelector/Binaries/Win64/UE4Editor-ExampleDeviceProfileSelector.dll (API version 3944462).
LogModuleManager: Display: Found up-to-date module file ../../../Engine/Plugins/Runtime/ImmediatePhysics/Binaries/Win64/UE4Editor-ImmediatePhysics.dll (API version 3944462).
LogModuleManager: Display: Found up-to-date module file ../../../Engine/Plugins/Runtime/ImmediatePhysics/Binaries/Win64/UE4Editor-ImmediatePhysicsEditor.dll (API version 3944462).
LogModuleManager: Display: Found up-to-date module file ../../../Engine/Plugins/Runtime/LocationServicesBPLibrary/Binaries/Win64/UE4Editor-LocationServicesBPLibrary.dll (API version 3944462).
LogModuleManager: Display: Found up-to-date module file ../../../Engine/Plugins/Runtime/MobilePatchingUtils/Binaries/Win64/UE4Editor-MobilePatchingUtils.dll (API version 3944462).
LogModuleManager: Display: Found up-to-date module file ../../../Engine/Plugins/Runtime/Oculus/OculusVR/Binaries/Win64/UE4Editor-OculusHMD.dll (API version 3944462).
LogModuleManager: Display: Found up-to-date module file ../../../Engine/Plugins/Runtime/Oculus/OculusVR/Binaries/Win64/UE4Editor-OculusInput.dll (API version 3944462).
LogModuleManager: Display: Found up-to-date module file ../../../Engine/Plugins/Runtime/Oculus/OculusVR/Binaries/Win64/UE4Editor-OculusEditor.dll (API version 3944462).
LogModuleManager: Display: Found up-to-date module file ../../../Engine/Plugins/Runtime/PhysXVehicles/Binaries/Win64/UE4Editor-PhysXVehicles.dll (API version 3944462).
LogModuleManager: Display: Found up-to-date module file ../../../Engine/Plugins/Runtime/PhysXVehicles/Binaries/Win64/UE4Editor-PhysXVehiclesEditor.dll (API version 3944462).
LogModuleManager: Display: Found up-to-date module file ../../../Engine/Plugins/Runtime/ProceduralMeshComponent/Binaries/Win64/UE4Editor-ProceduralMeshComponent.dll (API version 3944462).
LogModuleManager: Display: Found up-to-date module file ../../../Engine/Plugins/Runtime/ProceduralMeshComponent/Binaries/Win64/UE4Editor-ProceduralMeshComponentEditor.dll (API version 3944462).
LogModuleManager: Display: Found up-to-date module file ../../../Engine/Plugins/Runtime/RuntimePhysXCooking/Binaries/Win64/UE4Editor-RuntimePhysXCooking.dll (API version 3944462).
LogModuleManager: Display: Found up-to-date module file ../../../Engine/Plugins/Runtime/Steam/SteamVR/Binaries/Win64/UE4Editor-SteamVR.dll (API version 3944462).
LogModuleManager: Display: Found up-to-date module file ../../../Engine/Plugins/Runtime/Steam/SteamVR/Binaries/Win64/UE4Editor-SteamVRController.dll (API version 3944462).
LogModuleManager: Display: Found up-to-date module file ../../../Engine/Plugins/Runtime/WindowsMoviePlayer/Binaries/Win64/UE4Editor-WindowsMoviePlayer.dll (API version 3944462).
LogInit: Using libcurl 7.47.1
LogInit:  - built for x86_64-pc-win32
LogInit:  - supports SSL with OpenSSL/1.0.2g
LogInit:  - supports HTTP deflate (compression) using libz 1.2.8
LogInit:  - other features:
LogInit:      CURL_VERSION_SSL
LogInit:      CURL_VERSION_LIBZ
LogInit:      CURL_VERSION_IPV6
LogInit:      CURL_VERSION_ASYNCHDNS
LogInit:      CURL_VERSION_LARGEFILE
LogInit:      CURL_VERSION_IDN
LogInit:  CurlRequestOptions (configurable via config and command line):
LogInit:  - bVerifyPeer = false  - Libcurl will NOT verify peer certificate
LogInit:  - bUseHttpProxy = false  - Libcurl will NOT use HTTP proxy
LogInit:  - bDontReuseConnections = false  - Libcurl will reuse connections
LogInit:  - CertBundlePath = nullptr  - Libcurl will use whatever was configured at build time.
LogInit:  - MaxHostConnections = 16  - Libcurl will limit the number of connections to a host
LogInit:  - LocalHostAddr = Default
LogModuleManager: Warning: No filename provided for module OnlineSubsystemSteam
LogModuleManager: Warning: ModuleManager: Unable to load module 'OnlineSubsystemSteam' because the file 'C:/Program Files/Epic Games/UE_4.19/Engine/Binaries/Win64/' was not found.
LogInit: WinSock: version 1.1 (2.2), MaxSocks=32767, MaxUdp=65467
LogInit: WinSock: I am DESKTOP-CM5Q3TF (192.168.8.102:0)
LogInit: Build: ++UE4+Release-4.19-CL-4033788
LogInit: Engine Version: 4.19.2-4033788+++UE4+Release-4.19
LogInit: Compatible Engine Version: 4.19.0-3944462+++UE4+Release-4.19
LogInit: Net CL: 3944462
LogDevObjectVersion: Number of dev versions registered: 18
LogDevObjectVersion:   Dev-Blueprints (B0D832E4-1F89-4F0D-ACCF-7EB736FD4AA2): 10
LogDevObjectVersion:   Dev-Build (E1C64328-A22C-4D53-A36C-8E866417BD8C): 0
LogDevObjectVersion:   Dev-Core (375EC13C-06E4-48FB-B500-84F0262A717E): 2
LogDevObjectVersion:   Dev-Editor (E4B068ED-F494-42E9-A231-DA0B2E46BB41): 23
LogDevObjectVersion:   Dev-Framework (CFFC743F-43B0-4480-9391-14DF171D2073): 33
LogDevObjectVersion:   Dev-Mobile (B02B49B5-BB20-44E9-A304-32B752E40360): 2
LogDevObjectVersion:   Dev-Networking (A4E4105C-59A1-49B5-A7C5-40C4547EDFEE): 0
LogDevObjectVersion:   Dev-Online (39C831C9-5AE6-47DC-9A44-9C173E1C8E7C): 0
LogDevObjectVersion:   Dev-Physics (78F01B33-EBEA-4F98-B9B4-84EACCB95AA2): 0
LogDevObjectVersion:   Dev-Platform (6631380F-2D4D-43E0-8009-CF276956A95A): 0
LogDevObjectVersion:   Dev-Rendering (12F88B9F-8875-4AFC-A67C-D90C383ABD29): 25
LogDevObjectVersion:   Dev-Sequencer (7B5AE74C-D270-4C10-A958-57980B212A5A): 6
LogDevObjectVersion:   Dev-VR (D7296918-1DD6-4BDD-9DE2-64A83CC13884): 1
LogDevObjectVersion:   Dev-LoadTimes (C2A15278-BFE7-4AFE-6C17-90FF531DF755): 1
LogDevObjectVersion:   Private-Geometry (6EACA3D4-40EC-4CC1-B786-8BED09428FC5): 2
LogDevObjectVersion:   Dev-AnimPhys (29E575DD-E0A3-4627-9D10-D276232CDCEA): 16
LogDevObjectVersion:   Dev-ReflectionCapture (6B266CEC-1EC7-4B8F-A30B-E4D90942FC07): 1
LogDevObjectVersion:   Dev-Automation (0DF73D61-A23F-47EA-B727-89E90C41499A): 1
LogInit: Compiled (64-bit): Apr 27 2018 02:06:57
LogInit: Compiled with Visual C++: 19.00.24215.01
LogInit: Build Configuration: Development
LogInit: Branch Name: ++UE4+Release-4.19
LogInit: Command Line:  
LogInit: Base Directory: C:/Program Files/Epic Games/UE_4.19/Engine/Binaries/Win64/
LogInit: Installed Engine Build: 1
LogStreaming: Display: Took  0.000s to delete old logs.
LogInit: Presizing for max 8388607 objects, including 0 objects not considered by GC, pre-allocating 0 bytes for permanent pool.
LogInit: Object subsystem initialized
[2018.07.12-10.47.38:319][  0]LogInit: Selected Device Profile: [Windows]
[2018.07.12-10.47.38:320][  0]LogInit: Applying CVar settings loaded from the selected device profile: [Windows]
[2018.07.12-10.47.38:331][  0]LogInit: Computer: DESKTOP-CM5Q3TF
[2018.07.12-10.47.38:331][  0]LogInit: User: Hampuz
[2018.07.12-10.47.38:331][  0]LogInit: CPU Page size=4096, Cores=4
[2018.07.12-10.47.38:331][  0]LogInit: High frequency timer resolution =3.914065 MHz
[2018.07.12-10.47.38:331][  0]LogMemory: Memory total: Physical=31.9GB (32GB approx)
[2018.07.12-10.47.38:331][  0]LogMemory: Platform Memory Stats for Windows
[2018.07.12-10.47.38:331][  0]LogMemory: Process Physical Memory: 274.19 MB used, 274.19 MB peak
[2018.07.12-10.47.38:331][  0]LogMemory: Process Virtual Memory: 264.80 MB used, 264.80 MB peak
[2018.07.12-10.47.38:331][  0]LogMemory: Physical Memory: 7698.70 MB used,  25008.43 MB free, 32707.13 MB total
[2018.07.12-10.47.38:331][  0]LogMemory: Virtual Memory: 659.57 MB used,  25008.43 MB free, 134217728.00 MB total
[2018.07.12-10.47.38:362][  0]LogInit: Using OS detected language (en-US).
[2018.07.12-10.47.38:362][  0]LogInit: Using OS detected locale (en-US).
[2018.07.12-10.47.38:364][  0]LogTextLocalizationManager: No specific localization for 'en-US' exists, so the 'en' localization will be used.
[2018.07.12-10.47.38:698][  0]LogStreaming: Display: Took  0.336s to EndInitTextLocalization.
[2018.07.12-10.47.38:698][  0]LogInit: Setting process to per monitor DPI aware
[2018.07.12-10.47.38:728][  0]LogSlate: New Slate User Created.  User Index 0, Is Virtual User: 0
[2018.07.12-10.47.38:728][  0]LogSlate: Slate User Registered.  User Index 0, Is Virtual User: 0
[2018.07.12-10.47.38:868][  0]LogD3D11RHI: D3D11 adapters:
[2018.07.12-10.47.38:898][  0]LogD3D11RHI:    0. 'NVIDIA GeForce GTX 980 Ti' (Feature Level 11_0)
[2018.07.12-10.47.38:898][  0]LogD3D11RHI:       6097/0/16353 MB DedicatedVideo/DedicatedSystem/SharedSystem, Outputs:3, VendorId:0x10de
[2018.07.12-10.47.38:899][  0]LogD3D11RHI:    1. 'Microsoft Basic Render Driver' (Feature Level 11_0)
[2018.07.12-10.47.38:899][  0]LogD3D11RHI:       0/0/16353 MB DedicatedVideo/DedicatedSystem/SharedSystem, Outputs:0, VendorId:0x1414
[2018.07.12-10.47.38:899][  0]LogD3D11RHI: Chosen D3D11 Adapter: 0
[2018.07.12-10.47.38:903][  0]LogD3D11RHI: Creating new Direct3DDevice
[2018.07.12-10.47.38:903][  0]LogD3D11RHI:     GPU DeviceId: 0x17c8 (for the marketing name, search the web for "GPU Device Id")
[2018.07.12-10.47.38:903][  0]LogWindows: EnumDisplayDevices:
[2018.07.12-10.47.38:903][  0]LogWindows:    0. 'NVIDIA GeForce GTX 980 Ti' (P:0 D:1)
[2018.07.12-10.47.38:903][  0]LogWindows:    1. 'NVIDIA GeForce GTX 980 Ti' (P:1 D:1)
[2018.07.12-10.47.38:903][  0]LogWindows:    2. 'NVIDIA GeForce GTX 980 Ti' (P:0 D:1)
[2018.07.12-10.47.38:903][  0]LogWindows:    3. 'NVIDIA GeForce GTX 980 Ti' (P:0 D:0)
[2018.07.12-10.47.38:903][  0]LogWindows: DebugString: FoundDriverCount:4 
[2018.07.12-10.47.38:903][  0]LogD3D11RHI:     Adapter Name: NVIDIA GeForce GTX 980 Ti
[2018.07.12-10.47.38:903][  0]LogD3D11RHI:   Driver Version: 397.93 (internal:24.21.13.9793, unified:397.93)
[2018.07.12-10.47.38:903][  0]LogD3D11RHI:      Driver Date: 5-22-2018
[2018.07.12-10.47.38:903][  0]LogRHI: Texture pool is 4268 MB (70% of 6097 MB)
[2018.07.12-10.47.38:918][  0]LogD3D11RHI: [Aftermath] Aftermath enabled and primed
[2018.07.12-10.47.38:918][  0]LogD3D11RHI: [Aftermath] Aftermath enabled and primed
[2018.07.12-10.47.38:918][  0]LogD3D11RHI: Async texture creation enabled
[2018.07.12-10.47.38:932][  0]LogD3D11RHI: GPU Timing Frequency: 1000.000000 (Debug: 2 2)
[2018.07.12-10.47.39:057][  0]LogShaderCompilers: Guid format shader working directory is 8 characters bigger than the processId version (D:/Unreal Projects/MultiplayerShootout/Intermediate/Shaders/WorkingDirectory/10332/).
[2018.07.12-10.47.39:057][  0]LogShaderCompilers: Cleaned the shader compiler working directory 'C:/Users/Hampuz/AppData/Local/Temp/UnrealShaderWorkingDir/511477A448ACC1D025585894352035AD/'.
[2018.07.12-10.47.39:209][  0]LogTemp: Display: Loaded TP AllDesktopTargetPlatform
[2018.07.12-10.47.39:220][  0]LogTemp: Display: Loaded TP MacClientTargetPlatform
[2018.07.12-10.47.39:231][  0]LogTemp: Display: Loaded TP MacNoEditorTargetPlatform
[2018.07.12-10.47.39:241][  0]LogTemp: Display: Loaded TP MacServerTargetPlatform
[2018.07.12-10.47.39:252][  0]LogTemp: Display: Loaded TP MacTargetPlatform
[2018.07.12-10.47.39:263][  0]LogTemp: Display: Loaded TP WindowsClientTargetPlatform
[2018.07.12-10.47.39:274][  0]LogTemp: Display: Loaded TP WindowsNoEditorTargetPlatform
[2018.07.12-10.47.39:285][  0]LogTemp: Display: Loaded TP WindowsServerTargetPlatform
[2018.07.12-10.47.39:290][  0]LogTemp: Display: Loaded TP WindowsTargetPlatform
[2018.07.12-10.47.39:300][  0]LogTemp: Display: Loaded TP Android_ASTCTargetPlatform
[2018.07.12-10.47.39:309][  0]LogTemp: Display: Loaded TP Android_ATCTargetPlatform
[2018.07.12-10.47.39:318][  0]LogTemp: Display: Loaded TP Android_DXTTargetPlatform
[2018.07.12-10.47.39:328][  0]LogTemp: Display: Loaded TP Android_ETC1aTargetPlatform
[2018.07.12-10.47.39:338][  0]LogTemp: Display: Loaded TP Android_ETC1TargetPlatform
[2018.07.12-10.47.39:348][  0]LogTemp: Display: Loaded TP Android_ETC2TargetPlatform
[2018.07.12-10.47.39:367][  0]LogTemp: Display: Loaded TP Android_MultiTargetPlatform
[2018.07.12-10.47.39:367][  0]LogTemp: Display: Loaded TP Android_PVRTCTargetPlatform
[2018.07.12-10.47.39:377][  0]LogTemp: Display: Loaded TP AndroidTargetPlatform
[2018.07.12-10.47.39:377][  0]LogTemp: Display: Loaded TP HTML5TargetPlatform
[2018.07.12-10.47.39:411][  0]LogTemp: Display: Loaded TP IOSTargetPlatform
[2018.07.12-10.47.39:421][  0]LogTemp: Display: Loaded TP TVOSTargetPlatform
[2018.07.12-10.47.39:431][  0]LogTemp: Display: Loaded TP LinuxClientTargetPlatform
[2018.07.12-10.47.39:443][  0]LogTemp: Display: Loaded TP LinuxNoEditorTargetPlatform
[2018.07.12-10.47.39:453][  0]LogTemp: Display: Loaded TP LinuxServerTargetPlatform
[2018.07.12-10.47.39:462][  0]LogTemp: Display: Loaded TP LinuxTargetPlatform
[2018.07.12-10.47.39:463][  0]LogTargetPlatformManager: Display: Building Assets For Windows
[2018.07.12-10.47.39:529][  0]LogXGEController: Cleaning working directory: C:/Users/Hampuz/AppData/Local/Temp/UnrealXGEWorkingDir/
[2018.07.12-10.47.39:529][  0]LogXGEController: Cannot use XGE Controller as Incredibuild is not installed on this machine.
[2018.07.12-10.47.39:529][  0]LogShaderCompilers: Cannot use XGE Shader Compiler as Incredibuild is not installed on this machine.
[2018.07.12-10.47.39:529][  0]LogShaderCompilers: Display: Using Local Shader Compiler.
[2018.07.12-10.47.40:069][  0]LogDerivedDataCache: Display: Max Cache Size: 512 MB
[2018.07.12-10.47.40:128][  0]LogDerivedDataCache: Loaded boot cache 0.06s 75MB C:/Users/Hampuz/AppData/Local/UnrealEngine/4.19/DerivedDataCache/Boot.ddc.
[2018.07.12-10.47.40:128][  0]LogDerivedDataCache: Display: Loaded Boot cache: C:/Users/Hampuz/AppData/Local/UnrealEngine/4.19/DerivedDataCache/Boot.ddc
[2018.07.12-10.47.40:129][  0]LogDerivedDataCache: FDerivedDataBackendGraph:  Pak pak cache file D:/Unreal Projects/MultiplayerShootout/DerivedDataCache/DDC.ddp not found, will not use a pak cache.
[2018.07.12-10.47.40:129][  0]LogDerivedDataCache: Unable to find inner node Pak for hierarchical cache Hierarchy.
[2018.07.12-10.47.40:129][  0]LogDerivedDataCache: FDerivedDataBackendGraph:  CompressedPak pak cache file D:/Unreal Projects/MultiplayerShootout/DerivedDataCache/Compressed.ddp not found, will not use a pak cache.
[2018.07.12-10.47.40:129][  0]LogDerivedDataCache: Unable to find inner node CompressedPak for hierarchical cache Hierarchy.
[2018.07.12-10.47.40:142][  0]LogDerivedDataCache: Display: Pak cache opened for reading ../../../Engine/DerivedDataCache/Compressed.ddp.
[2018.07.12-10.47.40:154][  0]LogDerivedDataCache: Using Local data cache path C:/Users/Hampuz/AppData/Local/UnrealEngine/Common/DerivedDataCache: Writable
[2018.07.12-10.47.40:154][  0]LogDerivedDataCache: Shared data cache path not found in *engine.ini, will not use an Shared cache.
[2018.07.12-10.47.40:154][  0]LogDerivedDataCache: Unable to find inner node Shared for hierarchical cache Hierarchy.
[2018.07.12-10.47.40:164][  0]LogMaterial: Verifying Global Shaders for PCD3D_SM5
[2018.07.12-10.47.40:164][  0]LogSlate: Using Freetype 2.6.0
[2018.07.12-10.47.40:165][  0]LogSlate: SlateFontCache - WITH_FREETYPE: 1, WITH_HARFBUZZ: 1
[2018.07.12-10.47.40:165][  0]LogSlate: SlateFontCache - WITH_FREETYPE: 1, WITH_HARFBUZZ: 1
[2018.07.12-10.47.40:251][  0]LogAssetRegistry: FAssetRegistry took 0.0244 seconds to start up
[2018.07.12-10.47.40:480][  0]LogInit: Selected Device Profile: [Windows]
[2018.07.12-10.47.40:587][  0]LogSimplygon: Simplygon DLL not present - disabling.
[2018.07.12-10.47.40:589][  0]LogMeshReduction: Using SimplygonSwarm for distributed automatic mesh merging
[2018.07.12-10.47.40:589][  0]LogMeshReduction: Using QuadricMeshReduction for automatic static mesh reduction
[2018.07.12-10.47.40:589][  0]LogMeshReduction: No automatic skeletal mesh reduction module available
[2018.07.12-10.47.40:589][  0]LogMeshReduction: No automatic mesh merging module available
[2018.07.12-10.47.40:589][  0]LogMeshMerging: No automatic mesh merging module available
[2018.07.12-10.47.40:617][  0]LogNetVersion: MultiplayerShootout , NetCL: 3944462, EngineNetVer: 2, GameNetVer: 0 (Checksum: 1228754381)
[2018.07.12-10.47.40:680][  0]Warning: Missing opening '"' in string property value: ThirdParty/Steamworks)
[2018.07.12-10.47.40:946][  0]LogPackageLocalizationCache: Processed 9 localized package path(s) for 2 prioritized culture(s) in 0.052153 seconds
[2018.07.12-10.47.40:951][  0]LogUObjectArray: 36728 objects as part of root set at end of initial load.
[2018.07.12-10.47.40:951][  0]LogUObjectAllocator: 7314312 out of 0 bytes used by permanent object pool.
[2018.07.12-10.47.40:951][  0]LogUObjectArray: CloseDisregardForGC: 0/0 objects in disregard for GC pool
[2018.07.12-10.47.42:165][  0]LogTcpMessaging: Initializing TcpMessaging bridge
[2018.07.12-10.47.42:186][  0]LogUdpMessaging: Initializing bridge on interface 0.0.0.0:0 to multicast group 230.0.0.1:6666.
[2018.07.12-10.47.42:426][  0]SourceControl: Source control is disabled
[2018.07.12-10.47.42:426][  0]SourceControl: Source control is disabled
[2018.07.12-10.47.42:436][  0]SourceControl: Source control is disabled
[2018.07.12-10.47.42:446][  0]SourceControl: Source control is disabled
[2018.07.12-10.47.42:772][  0]LogAndroidPermission: UAndroidPermissionCallbackProxy::GetInstance
[2018.07.12-10.47.42:901][  0]LogOcInput: OculusInput pre-init called
[2018.07.12-10.47.42:972][  0]LogEngine: Initializing Engine...
[2018.07.12-10.47.42:973][  0]LogHMD: Failed to initialize OpenVR with code 110
[2018.07.12-10.47.42:974][  0]LogStats: UGameplayTagsManager::ConstructGameplayTagTree: Construct from data asset -  0.000 s
[2018.07.12-10.47.42:974][  0]LogStats: UGameplayTagsManager::ConstructGameplayTagTree: GameplayTagTreeChangedEvent.Broadcast -  0.000 s
[2018.07.12-10.47.43:156][  0]LogAIModule: Creating AISystem for world Untitled
[2018.07.12-10.47.43:180][  0]LogInit: XAudio2 using 'Speakers (3- USB Audio DAC   )' : 2 channels at 44.1 kHz using 16 bits per sample (channel mask 0x3)
[2018.07.12-10.47.43:184][  0]LogInit: FAudioDevice initialized.
[2018.07.12-10.47.43:247][  0]LogDerivedDataCache: Saved boot cache 0.06s 75MB C:/Users/Hampuz/AppData/Local/UnrealEngine/4.19/DerivedDataCache/Boot.ddc.
[2018.07.12-10.47.43:261][  0]LogInit: Texture streaming: Enabled
[2018.07.12-10.47.43:272][  0]LogEngineSessionManager: EngineSessionManager initialized
[2018.07.12-10.47.43:280][  0]LogInit: Transaction tracking system initialized
[2018.07.12-10.47.43:296][  0]BlueprintLog: New page: Editor Load
[2018.07.12-10.47.43:346][  0]LocalizationService: Localization service is disabled
[2018.07.12-10.47.43:415][  0]LogConsoleResponse: Display: 
[2018.07.12-10.47.43:524][  0]LogCook: Display: Max memory allowance for cook 16384mb min free memory 0mb
[2018.07.12-10.47.43:524][  0]LogCook: Display: Mobile HDR setting 1
[2018.07.12-10.47.43:524][  0]LogGameplayTags: Display: UGameplayTagsManager::DoneAddingNativeTags. DelegateIsBound: 0
[2018.07.12-10.47.43:524][  0]LogStats: UGameplayTagsManager::ConstructGameplayTagTree: Construct from data asset -  0.000 s
[2018.07.12-10.47.43:524][  0]LogStats: UGameplayTagsManager::ConstructGameplayTagTree: GameplayTagTreeChangedEvent.Broadcast -  0.000 s
[2018.07.12-10.47.43:734][  0]LogFileCache: Scanning file cache for directory 'D:/Unreal Projects/MultiplayerShootout/Content/' took 0.01s
[2018.07.12-10.47.43:734][  0]SourceControl: Source control is disabled
[2018.07.12-10.47.43:734][  0]Cmd: MAP LOAD FILE="D:/Unreal Projects/MultiplayerShootout/Content/Maps/Level_01.umap" TEMPLATE=0 SHOWPROGRESS=1 FEATURELEVEL=3
[2018.07.12-10.47.43:734][  0]LightingResults: New page: Lighting Build
[2018.07.12-10.47.43:737][  0]MapCheck: New page: Map Check
[2018.07.12-10.47.43:737][  0]LightingResults: New page: Lighting Build
[2018.07.12-10.47.43:775][  0]LogUObjectGlobals: Created PersistentFrame Addr=0x000001cbf399b900, Size=1672, Default__MyGameInstance_C Function /Game/Blueprints/MyGameInstance.MyGameInstance_C:ExecuteUbergraph_MyGameInstance
[2018.07.12-10.47.43:776][  0]LogUObjectGlobals: Created PersistentFrame Addr=0x000001cb8e4b9460, Size=32, Default__ErrorDialog_C Function /Game/Blueprints/Widgets/ErrorDialog.ErrorDialog_C:ExecuteUbergraph_ErrorDialog
[2018.07.12-10.47.43:792][  0]LogUObjectGlobals: Created PersistentFrame Addr=0x000001cb8e4b9120, Size=32, Default__ServerRow_C Function /Game/Blueprints/Widgets/ServerRow.ServerRow_C:ExecuteUbergraph_ServerRow
[2018.07.12-10.47.43:794][  0]LogUObjectGlobals: Created PersistentFrame Addr=0x000001cbeaf01f60, Size=88, Default__MainMenu_C Function /Game/Blueprints/Widgets/MainMenu.MainMenu_C:ExecuteUbergraph_MainMenu
[2018.07.12-10.47.43:798][  0]LogUObjectGlobals: Created PersistentFrame Addr=0x000001cb90fabc00, Size=904, Default__ServerList_C Function /Game/Blueprints/Widgets/ServerList.ServerList_C:ExecuteUbergraph_ServerList
[2018.07.12-10.47.43:829][  0]LogUObjectGlobals: Destroyed PersistentFrame Addr=0x000001cbf399b900, Size=1672
[2018.07.12-10.47.43:829][  0]LogUObjectGlobals: Created PersistentFrame Addr=0x000001cb90f8c800, Size=1672, Default__MyGameInstance_C Function /Engine/Transient.REINST_MyGameInstance_C_3:ExecuteUbergraph_MyGameInstance
[2018.07.12-10.47.43:829][  0]LogUObjectGlobals: Destroyed PersistentFrame Addr=0x000001cb8e4b9460, Size=32
[2018.07.12-10.47.43:829][  0]LogUObjectGlobals: Created PersistentFrame Addr=0x000001cb91b5b220, Size=32, Default__ErrorDialog_C Function /Engine/Transient.REINST_ErrorDialog_C_0:ExecuteUbergraph_ErrorDialog
[2018.07.12-10.47.43:829][  0]LogUObjectGlobals: Destroyed PersistentFrame Addr=0x000001cbeaf01f60, Size=88
[2018.07.12-10.47.43:830][  0]LogUObjectGlobals: Created PersistentFrame Addr=0x000001cb90f4ae60, Size=88, Default__MainMenu_C Function /Engine/Transient.REINST_MainMenu_C_2:ExecuteUbergraph_MainMenu
[2018.07.12-10.47.43:830][  0]LogUObjectGlobals: Destroyed PersistentFrame Addr=0x000001cb90fabc00, Size=904
[2018.07.12-10.47.43:830][  0]LogUObjectGlobals: Created PersistentFrame Addr=0x000001cb90fabc00, Size=904, Default__ServerList_C Function /Engine/Transient.REINST_ServerList_C_3:ExecuteUbergraph_ServerList
[2018.07.12-10.47.43:831][  0]LogUObjectGlobals: Destroyed PersistentFrame Addr=0x000001cb8e4b9120, Size=32
[2018.07.12-10.47.43:831][  0]LogUObjectGlobals: Created PersistentFrame Addr=0x000001cb91b5afe0, Size=32, Default__ServerRow_C Function /Engine/Transient.REINST_ServerRow_C_4:ExecuteUbergraph_ServerRow
[2018.07.12-10.47.43:866][  0]LogUObjectGlobals: Created PersistentFrame Addr=0x000001cb91866400, Size=1680, Default__MyGameInstance_C Function /Game/Blueprints/MyGameInstance.MyGameInstance_C:ExecuteUbergraph_MyGameInstance
[2018.07.12-10.47.43:869][  0]LogUObjectGlobals: Created PersistentFrame Addr=0x000001cb91845920, Size=32, Default__ErrorDialog_C Function /Game/Blueprints/Widgets/ErrorDialog.ErrorDialog_C:ExecuteUbergraph_ErrorDialog
[2018.07.12-10.47.43:870][  0]LogUObjectGlobals: Created PersistentFrame Addr=0x000001cb918866e0, Size=88, Default__MainMenu_C Function /Game/Blueprints/Widgets/MainMenu.MainMenu_C:ExecuteUbergraph_MainMenu
[2018.07.12-10.47.43:873][  0]LogUObjectGlobals: Created PersistentFrame Addr=0x000001cb917f2000, Size=944, Default__ServerList_C Function /Game/Blueprints/Widgets/ServerList.ServerList_C:ExecuteUbergraph_ServerList
[2018.07.12-10.47.43:875][  0]LogUObjectGlobals: Created PersistentFrame Addr=0x000001cb9179a9e0, Size=32, Default__ServerRow_C Function /Game/Blueprints/Widgets/ServerRow.ServerRow_C:ExecuteUbergraph_ServerRow
[2018.07.12-10.47.43:892][  0]LogUObjectGlobals: Created PersistentFrame Addr=0x000001cb9190de40, Size=320, Default__MyGameMode_C Function /Game/Blueprints/MyGameMode.MyGameMode_C:ExecuteUbergraph_MyGameMode
[2018.07.12-10.47.43:893][  0]LogUObjectGlobals: Created PersistentFrame Addr=0x000001cb917e91c0, Size=72, Default__MyPlayerController_C Function /Game/Blueprints/MyPlayerController.MyPlayerController_C:ExecuteUbergraph_MyPlayerController
[2018.07.12-10.47.43:928][  0]LogUObjectGlobals: Created PersistentFrame Addr=0x000001cb90fa5c00, Size=768, Default__Gunslinger_BP_C Function /Game/Gunslinger/Gunslinger_BP.Gunslinger_BP_C:ExecuteUbergraph_Gunslinger_BP
[2018.07.12-10.47.43:945][  0]LogUObjectGlobals: Created PersistentFrame Addr=0x000001cb923cb9c0, Size=312, Default__BP_Projectile_C Function /Game/Blueprints/BP_Projectile.BP_Projectile_C:ExecuteUbergraph_BP_Projectile
[2018.07.12-10.47.43:953][  0]LogUObjectGlobals: Created PersistentFrame Addr=0x000001cb90f11100, Size=64, Default__Gunslinger_AnimBP_C Function /Game/Gunslinger/Gunslinger_AnimBP.Gunslinger_AnimBP_C:ExecuteUbergraph_Gunslinger_AnimBP
[2018.07.12-10.47.43:993][  0]LogUObjectGlobals: Created PersistentFrame Addr=0x000001cb917567f0, Size=104, Default__AmmoWidget_C Function /Game/Blueprints/Widgets/AmmoWidget.AmmoWidget_C:ExecuteUbergraph_AmmoWidget
[2018.07.12-10.47.44:004][  0]LogUObjectGlobals: Created PersistentFrame Addr=0x000001cb918858a0, Size=88, Default__InGameMenu_C Function /Game/Blueprints/Widgets/InGameMenu.InGameMenu_C:ExecuteUbergraph_InGameMenu
[2018.07.12-10.47.44:014][  0]LogUObjectGlobals: Created PersistentFrame Addr=0x000001cb917ddf00, Size=184, Default__MyHUD_C Function /Game/Blueprints/Widgets/MyHUD.MyHUD_C:ExecuteUbergraph_MyHUD
[2018.07.12-10.47.44:039][  0]LogUObjectGlobals: Destroyed PersistentFrame Addr=0x000001cb923cb9c0, Size=312
[2018.07.12-10.47.44:039][  0]LogUObjectGlobals: Created PersistentFrame Addr=0x000001cb986ca840, Size=312, Default__BP_Projectile_C Function /Engine/Transient.REINST_BP_Projectile_C_15:ExecuteUbergraph_BP_Projectile
[2018.07.12-10.47.44:039][  0]LogUObjectGlobals: Destroyed PersistentFrame Addr=0x000001cb90f11100, Size=64
[2018.07.12-10.47.44:039][  0]LogUObjectGlobals: Created PersistentFrame Addr=0x000001cb98661800, Size=64, Default__Gunslinger_AnimBP_C Function /Engine/Transient.REINST_Gunslinger_AnimBP_C_0:ExecuteUbergraph_Gunslinger_AnimBP
[2018.07.12-10.47.44:039][  0]LogUObjectGlobals: Destroyed PersistentFrame Addr=0x000001cb917567f0, Size=104
[2018.07.12-10.47.44:039][  0]LogUObjectGlobals: Created PersistentFrame Addr=0x000001cb917cc410, Size=104, Default__AmmoWidget_C Function /Engine/Transient.REINST_AmmoWidget_C_5:ExecuteUbergraph_AmmoWidget
[2018.07.12-10.47.44:040][  0]LogUObjectGlobals: Destroyed PersistentFrame Addr=0x000001cb90fa5c00, Size=768
[2018.07.12-10.47.44:040][  0]LogUObjectGlobals: Created PersistentFrame Addr=0x000001cb982dab00, Size=768, Default__Gunslinger_BP_C Function /Engine/Transient.REINST_Gunslinger_BP_C_16:ExecuteUbergraph_Gunslinger_BP
[2018.07.12-10.47.44:040][  0]LogUObjectGlobals: Destroyed PersistentFrame Addr=0x000001cb918858a0, Size=88
[2018.07.12-10.47.44:040][  0]LogUObjectGlobals: Created PersistentFrame Addr=0x000001cb90f4bbe0, Size=88, Default__InGameMenu_C Function /Engine/Transient.REINST_InGameMenu_C_6:ExecuteUbergraph_InGameMenu
[2018.07.12-10.47.44:041][  0]LogUObjectGlobals: Destroyed PersistentFrame Addr=0x000001cb917ddf00, Size=184
[2018.07.12-10.47.44:041][  0]LogUObjectGlobals: Created PersistentFrame Addr=0x000001cb9180f100, Size=184, Default__MyHUD_C Function /Engine/Transient.REINST_MyHUD_C_7:ExecuteUbergraph_MyHUD
[2018.07.12-10.47.44:041][  0]LogUObjectGlobals: Destroyed PersistentFrame Addr=0x000001cb917e91c0, Size=72
[2018.07.12-10.47.44:041][  0]LogUObjectGlobals: Created PersistentFrame Addr=0x000001cb98628db0, Size=72, Default__MyPlayerController_C Function /Engine/Transient.REINST_MyPlayerController_C_17:ExecuteUbergraph_MyPlayerController
[2018.07.12-10.47.44:041][  0]LogUObjectGlobals: Destroyed PersistentFrame Addr=0x000001cb9190de40, Size=320
[2018.07.12-10.47.44:041][  0]LogUObjectGlobals: Created PersistentFrame Addr=0x000001cb986ca340, Size=320, Default__MyGameMode_C Function /Engine/Transient.REINST_MyGameMode_C_19:ExecuteUbergraph_MyGameMode
[2018.07.12-10.47.44:044][  0]LogBlueprint: Warning: [Compiler BP_Projectile] Set Physics Angular Velocity  is deprecated; Use SetPhysicsAngularVelocityInDegrees instead
[2018.07.12-10.47.44:077][  0]LogUObjectGlobals: Created PersistentFrame Addr=0x000001cb98173000, Size=8, Default__BP_MuzzleFlash_C Function /Game/Blueprints/BP_MuzzleFlash.BP_MuzzleFlash_C:ExecuteUbergraph_BP_MuzzleFlash
[2018.07.12-10.47.44:078][  0]LogUObjectGlobals: Created PersistentFrame Addr=0x000001cb9807aac0, Size=312, Default__BP_Projectile_C Function /Game/Blueprints/BP_Projectile.BP_Projectile_C:ExecuteUbergraph_BP_Projectile
[2018.07.12-10.47.44:079][  0]LogUObjectGlobals: Created PersistentFrame Addr=0x000001cb9800f940, Size=64, Default__Gunslinger_AnimBP_C Function /Game/Gunslinger/Gunslinger_AnimBP.Gunslinger_AnimBP_C:ExecuteUbergraph_Gunslinger_AnimBP
[2018.07.12-10.47.44:080][  0]LogUObjectGlobals: Created PersistentFrame Addr=0x000001cb97fde780, Size=104, Default__AmmoWidget_C Function /Game/Blueprints/Widgets/AmmoWidget.AmmoWidget_C:ExecuteUbergraph_AmmoWidget
[2018.07.12-10.47.44:084][  0]LogUObjectGlobals: Created PersistentFrame Addr=0x000001cb97fe1600, Size=768, Default__Gunslinger_BP_C Function /Game/Gunslinger/Gunslinger_BP.Gunslinger_BP_C:ExecuteUbergraph_Gunslinger_BP
[2018.07.12-10.47.44:086][  0]LogUObjectGlobals: Created PersistentFrame Addr=0x000001cb980026e0, Size=88, Default__InGameMenu_C Function /Game/Blueprints/Widgets/InGameMenu.InGameMenu_C:ExecuteUbergraph_InGameMenu
[2018.07.12-10.47.44:088][  0]LogUObjectGlobals: Created PersistentFrame Addr=0x000001cb97f177c0, Size=184, Default__MyHUD_C Function /Game/Blueprints/Widgets/MyHUD.MyHUD_C:ExecuteUbergraph_MyHUD
[2018.07.12-10.47.44:089][  0]LogUObjectGlobals: Created PersistentFrame Addr=0x000001cb97f266b0, Size=72, Default__MyPlayerController_C Function /Game/Blueprints/MyPlayerController.MyPlayerController_C:ExecuteUbergraph_MyPlayerController
[2018.07.12-10.47.44:091][  0]LogUObjectGlobals: Created PersistentFrame Addr=0x000001cb9807ad40, Size=304, Default__MyGameMode_C Function /Game/Blueprints/MyGameMode.MyGameMode_C:ExecuteUbergraph_MyGameMode
[2018.07.12-10.47.44:098][  0]LogBlueprint: Warning: [Compiler BP_Projectile] [0007.61] Compile of BP_Projectile successful, but with 1 Warning(s) [in 74 ms] (/Game/Blueprints/BP_Projectile.BP_Projectile)
[2018.07.12-10.47.44:119][  0]LogUObjectGlobals: Created PersistentFrame Addr=0x000001cb98276778, Size=40, Default__Level_01_C Function /Game/Maps/Level_01.Level_01_C:ExecuteUbergraph_Level_01
[2018.07.12-10.47.44:120][  0]LogUObjectGlobals: Destroyed PersistentFrame Addr=0x000001cb98276778, Size=40
[2018.07.12-10.47.44:120][  0]LogUObjectGlobals: Created PersistentFrame Addr=0x000001cb98276778, Size=40, Default__Level_01_C Function /Engine/Transient.REINST_Level_01_C_31:ExecuteUbergraph_Level_01
[2018.07.12-10.47.44:121][  0]LogUObjectGlobals: Created PersistentFrame Addr=0x000001cb98275dc8, Size=40, Default__Level_01_C Function /Game/Maps/Level_01.Level_01_C:ExecuteUbergraph_Level_01
[2018.07.12-10.47.44:338][  0]LogSkeletalMesh: Skeletal Mesh found in DDC [0.514810ms] /Game/Gunslinger/GunslingerTTP.GunslingerTTP
[2018.07.12-10.47.44:358][  0]LogAIModule: Creating AISystem for world Level_01
[2018.07.12-10.47.44:365][  0]LogEditorServer: Finished looking for orphan Actors (0.000 secs)
[2018.07.12-10.47.44:379][  0]LogUObjectGlobals: Destroyed PersistentFrame Addr=0x000001cb90f8c800, Size=1672
[2018.07.12-10.47.44:379][  0]LogUObjectGlobals: Destroyed PersistentFrame Addr=0x000001cb91b5b220, Size=32
[2018.07.12-10.47.44:379][  0]LogUObjectGlobals: Destroyed PersistentFrame Addr=0x000001cb91b5afe0, Size=32
[2018.07.12-10.47.44:379][  0]LogUObjectGlobals: Destroyed PersistentFrame Addr=0x000001cb90f4ae60, Size=88
[2018.07.12-10.47.44:379][  0]LogUObjectGlobals: Destroyed PersistentFrame Addr=0x000001cb90fabc00, Size=904
[2018.07.12-10.47.44:380][  0]LogUObjectGlobals: Destroyed PersistentFrame Addr=0x000001cb986ca340, Size=320
[2018.07.12-10.47.44:380][  0]LogUObjectGlobals: Destroyed PersistentFrame Addr=0x000001cb98628db0, Size=72
[2018.07.12-10.47.44:380][  0]LogUObjectGlobals: Destroyed PersistentFrame Addr=0x000001cb982dab00, Size=768
[2018.07.12-10.47.44:380][  0]LogUObjectGlobals: Destroyed PersistentFrame Addr=0x000001cb986ca840, Size=312
[2018.07.12-10.47.44:380][  0]LogUObjectGlobals: Destroyed PersistentFrame Addr=0x000001cb98661800, Size=64
[2018.07.12-10.47.44:380][  0]LogUObjectGlobals: Destroyed PersistentFrame Addr=0x000001cb917cc410, Size=104
[2018.07.12-10.47.44:380][  0]LogUObjectGlobals: Destroyed PersistentFrame Addr=0x000001cb90f4bbe0, Size=88
[2018.07.12-10.47.44:380][  0]LogUObjectGlobals: Destroyed PersistentFrame Addr=0x000001cb9180f100, Size=184
[2018.07.12-10.47.44:380][  0]LogUObjectGlobals: Destroyed PersistentFrame Addr=0x000001cb98276778, Size=40
[2018.07.12-10.47.44:382][  0]Cmd: MAP CHECKDEP NOCLEARLOG
[2018.07.12-10.47.44:415][  0]MapCheck: Map check complete: 0 Error(s), 0 Warning(s), took 33.7ms to complete.
[2018.07.12-10.47.44:415][  0]LogFileHelpers: Loading map 'Level_01' took 0.681
[2018.07.12-10.47.44:516][  0]LogWindowsTextInputMethodSystem: Display: IME system now deactivated.
[2018.07.12-10.47.44:517][  0]LogWindowsTextInputMethodSystem: Display: IME system now deactivated.
[2018.07.12-10.47.44:585][  0]LogCollectionManager: Loaded 0 collections in 0.001181 seconds
[2018.07.12-10.47.44:633][  0]LogFileCache: Scanning file cache for directory 'D:/Unreal Projects/MultiplayerShootout/Saved/Collections/' took 0.01s
[2018.07.12-10.47.44:633][  0]LogFileCache: Scanning file cache for directory 'D:/Unreal Projects/MultiplayerShootout/Content/Developers/Hampuz/Collections/' took 0.01s
[2018.07.12-10.47.44:633][  0]LogFileCache: Scanning file cache for directory 'D:/Unreal Projects/MultiplayerShootout/Content/Collections/' took 0.01s
[2018.07.12-10.47.44:633][  0]LogCollectionManager: Rebuilt the GUID cache for 0 collections in 0.000000 seconds
[2018.07.12-10.47.44:641][  0]LogContentBrowser: Native class hierarchy populated in 0.0078 seconds. Added 2452 classes and 558 folders.
[2018.07.12-10.47.44:647][  0]LogContentBrowser: Native class hierarchy updated for 'WidgetCarousel' in 0.0003 seconds. Added 0 classes and 0 folders.
[2018.07.12-10.47.44:670][  0]LogContentBrowser: Native class hierarchy updated for 'AddContentDialog' in 0.0004 seconds. Added 0 classes and 0 folders.
[2018.07.12-10.47.44:675][  0]LogContentBrowser: Native class hierarchy updated for 'SceneOutliner' in 0.0003 seconds. Added 1 classes and 2 folders.
[2018.07.12-10.47.45:525][  0]LogSlate: Only BGRA pngs, bmps or icos are supported in by External Image Picker
[2018.07.12-10.47.45:558][  0]LogTemp: Executing iPhonePackager certificates Engine -bundlename com.YourCompany.MultiplayerShootout
[2018.07.12-10.47.45:558][  0]LogTemp: CWD: C:\Program Files\Epic Games\UE_4.19\Engine\Binaries\DotNET\IOS
[2018.07.12-10.47.45:558][  0]LogTemp: Initial Dir: C:\Program Files\Epic Games\UE_4.19
[2018.07.12-10.47.45:558][  0]LogTemp: Env CWD: C:\Program Files\Epic Games\UE_4.19\Engine\Binaries\DotNET\IOS
[2018.07.12-10.47.45:558][  0]LogTemp: BranchPath = DESKTOP-CM5Q3TF/C/Program Files/Epic Games/UE_4.19/Engine/Binaries --- GameBranchPath = DESKTOP-CM5Q3TF/C/Program Files/Epic Games/UE_4.19/Engine/Binaries
[2018.07.12-10.47.45:558][  0]LogDirectoryWatcher: Warning: Failed to begin reading directory changes for D:/Unreal Projects/MultiplayerShootout/Plugins/. Error: The system cannot find the file specified. (0x00000002)
[2018.07.12-10.47.45:566][  0]LogTemp: IPP ERROR: Could not find provision directory 'C:\Users\Hampuz\AppData\Local/Apple Computer/MobileDevice/Provisioning Profiles/'.
[2018.07.12-10.47.45:566][  0]LogSlate: Took 0.000143 seconds to synchronously load lazily loaded font '../../../Engine/Content/Slate/Fonts/Roboto-Regular.ttf' (155K)
[2018.07.12-10.47.45:568][  0]LogSlate: Took 0.000181 seconds to synchronously load lazily loaded font '../../../Engine/Content/Slate/Fonts/Roboto-Bold.ttf' (160K)
[2018.07.12-10.47.45:577][  0]LogSlate: Took 0.000121 seconds to synchronously load lazily loaded font '../../../Engine/Content/Editor/Slate/Fonts/FontAwesome.ttf' (139K)
[2018.07.12-10.47.45:661][  0]LogRenderer: Reallocating scene render targets to support 1024x576 Format 10 NumSamples 1 (Frame:1).
[2018.07.12-10.47.45:789][  0]LogContentBrowser: Native class hierarchy updated for 'HierarchicalLODOutliner' in 0.0003 seconds. Added 0 classes and 0 folders.
[2018.07.12-10.47.45:789][  0]LogLoad: (Engine Initialization) Total time: 9.30 seconds
[2018.07.12-10.47.45:789][  0]LogLoad: (Engine Initialization) Total Blueprint compile time: 0.00 seconds
[2018.07.12-10.47.45:819][  0]LogAssetRegistry: Asset discovery search completed in 5.5892 seconds
[2018.07.12-10.47.45:821][  0]LogCollectionManager: Rebuilt the object cache for 0 collections in 0.000000 seconds (found 0 objects)
[2018.07.12-10.47.45:821][  0]LogCollectionManager: Fixed up redirectors for 0 collections in 0.000063 seconds (updated 0 objects)
[2018.07.12-10.47.45:824][  0]LogContentStreaming: Texture pool size now 1000 MB
[2018.07.12-10.47.45:863][  0]LogSlate: Took 0.000133 seconds to synchronously load lazily loaded font '../../../Engine/Content/Slate/Fonts/Roboto-Light.ttf' (167K)
[2018.07.12-10.47.45:900][  3]LogStaticMesh: Allocated 496x129x64 distance field atlas = 7.8Mb, with 48 objects containing 3.2Mb backing data
[2018.07.12-10.48.11:774][ 98]LogSlate: FSceneViewport::OnFocusLost() reason 0
[2018.07.12-10.48.27:795][ 13]LogSlate: Window 'Plugins' being destroyed
[2018.07.12-10.48.27:797][ 13]LogDirectoryWatcher: A directory notification for '../../../Engine/Plugins/' was aborted.
[2018.07.12-10.48.27:797][ 13]LogSlate: Window 'MultiplayerShootout - Unreal Editor' being destroyed
[2018.07.12-10.48.27:798][ 13]LogWindowsTextInputMethodSystem: Display: IME system now deactivated.
[2018.07.12-10.48.27:798][ 13]LogWindowsTextInputMethodSystem: Display: IME system now deactivated.
[2018.07.12-10.48.27:955][ 14]Cmd: QUIT_EDITOR
[2018.07.12-10.48.27:979][ 14]LogSlate: Slate User Destroyed.  User Index 0, Is Virtual User: 0
[2018.07.12-10.48.27:979][ 14]LogExit: Preparing to exit.
[2018.07.12-10.48.28:284][ 14]LogExit: Editor shut down
[2018.07.12-10.48.28:286][ 14]LogExit: Transaction tracking system shut down
[2018.07.12-10.48.28:287][ 14]LogUObjectGlobals: Destroyed PersistentFrame Addr=0x000001cb91866400, Size=1680
[2018.07.12-10.48.28:287][ 14]LogUObjectGlobals: Destroyed PersistentFrame Addr=0x000001cb91845920, Size=32
[2018.07.12-10.48.28:287][ 14]LogUObjectGlobals: Destroyed PersistentFrame Addr=0x000001cb918866e0, Size=88
[2018.07.12-10.48.28:287][ 14]LogUObjectGlobals: Destroyed PersistentFrame Addr=0x000001cb917f2000, Size=944
[2018.07.12-10.48.28:287][ 14]LogUObjectGlobals: Destroyed PersistentFrame Addr=0x000001cb9179a9e0, Size=32
[2018.07.12-10.48.28:287][ 14]LogUObjectGlobals: Destroyed PersistentFrame Addr=0x000001cb98173000, Size=8
[2018.07.12-10.48.28:287][ 14]LogUObjectGlobals: Destroyed PersistentFrame Addr=0x000001cb9807aac0, Size=312
[2018.07.12-10.48.28:287][ 14]LogUObjectGlobals: Destroyed PersistentFrame Addr=0x000001cb9800f940, Size=64
[2018.07.12-10.48.28:287][ 14]LogUObjectGlobals: Destroyed PersistentFrame Addr=0x000001cb97fde780, Size=104
[2018.07.12-10.48.28:287][ 14]LogUObjectGlobals: Destroyed PersistentFrame Addr=0x000001cb97fe1600, Size=768
[2018.07.12-10.48.28:287][ 14]LogUObjectGlobals: Destroyed PersistentFrame Addr=0x000001cb980026e0, Size=88
[2018.07.12-10.48.28:287][ 14]LogUObjectGlobals: Destroyed PersistentFrame Addr=0x000001cb97f177c0, Size=184
[2018.07.12-10.48.28:287][ 14]LogUObjectGlobals: Destroyed PersistentFrame Addr=0x000001cb97f266b0, Size=72
[2018.07.12-10.48.28:287][ 14]LogUObjectGlobals: Destroyed PersistentFrame Addr=0x000001cb9807ad40, Size=304
[2018.07.12-10.48.28:288][ 14]LogUObjectGlobals: Destroyed PersistentFrame Addr=0x000001cb98275dc8, Size=40
[2018.07.12-10.48.28:331][ 14]LogDirectoryWatcher: A directory notification for '../../../Engine/Content/' was aborted.
[2018.07.12-10.48.28:331][ 14]LogDirectoryWatcher: A directory notification for 'D:/Unreal Projects/MultiplayerShootout/Content/' was aborted.
[2018.07.12-10.48.28:331][ 14]LogDirectoryWatcher: A directory notification for '../../Plugins/2D/Paper2D/Content/' was aborted.
[2018.07.12-10.48.28:331][ 14]LogDirectoryWatcher: A directory notification for '../../Plugins/Enterprise/DatasmithContent/Content/' was aborted.
[2018.07.12-10.48.28:331][ 14]LogDirectoryWatcher: A directory notification for '../../Plugins/Media/MediaCompositing/Content/' was aborted.
[2018.07.12-10.48.28:331][ 14]LogDirectoryWatcher: A directory notification for '../../Plugins/Runtime/AppleARKit/Content/' was aborted.
[2018.07.12-10.48.28:331][ 14]LogDirectoryWatcher: A directory notification for '../../Plugins/Runtime/Oculus/OculusVR/Content/' was aborted.
[2018.07.12-10.48.28:331][ 14]LogDirectoryWatcher: A directory notification for '../../Plugins/Runtime/Steam/SteamVR/Content/' was aborted.
[2018.07.12-10.48.28:381][ 14]LogExit: Object subsystem successfully closed.
[2018.07.12-10.48.28:454][ 14]LogShaderCompilers: Display: Shaders left to compile 0
[2018.07.12-10.48.28:464][ 14]LogD3D11RHI: Shutdown
[2018.07.12-10.48.28:464][ 14]LogD3D11RHI: CleanupD3DDevice
[2018.07.12-10.48.28:501][ 14]LogD3D11RHI: ~FD3D11DynamicRHI
[2018.07.12-10.48.28:512][ 14]LogModuleManager: Shutting down and abandoning module HierarchicalLODOutliner (579)
[2018.07.12-10.48.28:512][ 14]LogModuleManager: Shutting down and abandoning module ExternalImagePicker (577)
[2018.07.12-10.48.28:512][ 14]LogModuleManager: Shutting down and abandoning module DesktopPlatform (575)
[2018.07.12-10.48.28:512][ 14]LogModuleManager: Shutting down and abandoning module SceneOutliner (573)
[2018.07.12-10.48.28:512][ 14]LogModuleManager: Shutting down and abandoning module AddContentDialog (571)
[2018.07.12-10.48.28:512][ 14]LogDirectoryWatcher: A directory notification for 'C:/Program Files/Epic Games/UE_4.19/FeaturePacks/' was aborted.
[2018.07.12-10.48.28:512][ 14]LogModuleManager: Shutting down and abandoning module WidgetCarousel (570)
[2018.07.12-10.48.28:512][ 14]LogModuleManager: Shutting down and abandoning module EditorWidgets (567)
[2018.07.12-10.48.28:512][ 14]LogModuleManager: Shutting down and abandoning module CollectionManager (565)
[2018.07.12-10.48.28:512][ 14]LogDirectoryWatcher: A directory notification for 'D:/Unreal Projects/MultiplayerShootout/Content/Collections/' was aborted.
[2018.07.12-10.48.28:512][ 14]LogDirectoryWatcher: A directory notification for 'D:/Unreal Projects/MultiplayerShootout/Content/Developers/Hampuz/Collections/' was aborted.
[2018.07.12-10.48.28:512][ 14]LogDirectoryWatcher: A directory notification for 'D:/Unreal Projects/MultiplayerShootout/Saved/Collections/' was aborted.
[2018.07.12-10.48.28:512][ 14]LogModuleManager: Shutting down and abandoning module StatsViewer (563)
[2018.07.12-10.48.28:512][ 14]LogModuleManager: Shutting down and abandoning module FoliageEdit (561)
[2018.07.12-10.48.28:512][ 14]LogModuleManager: Shutting down and abandoning module LandscapeEditor (559)
[2018.07.12-10.48.28:513][ 14]LogModuleManager: Shutting down and abandoning module MeshPaintMode (557)
[2018.07.12-10.48.28:513][ 14]LogModuleManager: Shutting down and abandoning module SceneDepthPickerMode (555)
[2018.07.12-10.48.28:513][ 14]LogModuleManager: Shutting down and abandoning module ActorPickerMode (553)
[2018.07.12-10.48.28:513][ 14]LogModuleManager: Shutting down and abandoning module GeometryMode (551)
[2018.07.12-10.48.28:513][ 14]LogModuleManager: Shutting down and abandoning module TextureAlignMode (549)
[2018.07.12-10.48.28:513][ 14]LogModuleManager: Shutting down and abandoning module BspMode (547)
[2018.07.12-10.48.28:513][ 14]LogModuleManager: Shutting down and abandoning module PIEPreviewDeviceProfileSelector (545)
[2018.07.12-10.48.28:513][ 14]LogModuleManager: Shutting down and abandoning module HardwareSurvey (543)
[2018.07.12-10.48.28:513][ 14]LogModuleManager: Shutting down and abandoning module SequenceRecorderSections (541)
[2018.07.12-10.48.28:513][ 14]LogModuleManager: Shutting down and abandoning module AutomationWorker (539)
[2018.07.12-10.48.28:513][ 14]LogModuleManager: Shutting down and abandoning module AudioCaptureEditor (537)
[2018.07.12-10.48.28:513][ 14]LogModuleManager: Shutting down and abandoning module SequenceRecorder (536)
[2018.07.12-10.48.28:513][ 14]LogModuleManager: Shutting down and abandoning module MatineeToLevelSequence (533)
[2018.07.12-10.48.28:513][ 14]LogModuleManager: Shutting down and abandoning module LevelSequenceEditor (531)
[2018.07.12-10.48.28:513][ 14]LogModuleManager: Shutting down and abandoning module PlacementMode (530)
[2018.07.12-10.48.28:513][ 14]LogModuleManager: Shutting down and abandoning module MaterialEditor (529)
[2018.07.12-10.48.28:513][ 14]LogModuleManager: Shutting down and abandoning module WmfMediaFactory (525)
[2018.07.12-10.48.28:513][ 14]LogModuleManager: Shutting down and abandoning module WmfMediaEditor (523)
[2018.07.12-10.48.28:513][ 14]LogModuleManager: Shutting down and abandoning module MediaPlayerEditor (521)
[2018.07.12-10.48.28:513][ 14]LogModuleManager: Shutting down and abandoning module OpenExrWrapper (519)
[2018.07.12-10.48.28:513][ 14]LogModuleManager: Shutting down and abandoning module ImgMediaFactory (517)
[2018.07.12-10.48.28:513][ 14]LogModuleManager: Shutting down and abandoning module ImgMediaEditor (515)
[2018.07.12-10.48.28:513][ 14]LogModuleManager: Shutting down and abandoning module AvfMediaFactory (513)
[2018.07.12-10.48.28:513][ 14]LogModuleManager: Shutting down and abandoning module AvfMediaEditor (511)
[2018.07.12-10.48.28:513][ 14]LogModuleManager: Shutting down and abandoning module AndroidMediaFactory (509)
[2018.07.12-10.48.28:513][ 14]LogModuleManager: Shutting down and abandoning module AndroidMediaEditor (507)
[2018.07.12-10.48.28:513][ 14]LogModuleManager: Shutting down and abandoning module CharacterAI (505)
[2018.07.12-10.48.28:513][ 14]LogModuleManager: Shutting down and abandoning module SmartSnapping (503)
[2018.07.12-10.48.28:513][ 14]LogModuleManager: Shutting down and abandoning module SessionServices (501)
[2018.07.12-10.48.28:513][ 14]LogModuleManager: Shutting down and abandoning module ViewportSnapping (499)
[2018.07.12-10.48.28:513][ 14]LogModuleManager: Shutting down and abandoning module ViewportInteraction (497)
[2018.07.12-10.48.28:513][ 14]LogModuleManager: Shutting down and abandoning module ClothPainter (495)
[2018.07.12-10.48.28:513][ 14]LogModuleManager: Shutting down and abandoning module SkeletalMeshEditor (494)
[2018.07.12-10.48.28:513][ 14]LogModuleManager: Shutting down and abandoning module LogVisualizer (491)
[2018.07.12-10.48.28:513][ 14]LogModuleManager: Shutting down and abandoning module IntroTutorials (489)
[2018.07.12-10.48.28:513][ 14]LogModuleManager: Shutting down and abandoning module GameProjectGeneration (488)
[2018.07.12-10.48.28:513][ 14]LogModuleManager: Shutting down and abandoning module IOSPlatformEditor (485)
[2018.07.12-10.48.28:513][ 14]LogModuleManager: Shutting down and abandoning module HTML5PlatformEditor (483)
[2018.07.12-10.48.28:513][ 14]LogModuleManager: Shutting down and abandoning module AndroidPlatformEditor (481)
[2018.07.12-10.48.28:513][ 14]LogModuleManager: Shutting down and abandoning module AndroidDeviceDetection (480)
[2018.07.12-10.48.29:389][ 14]LogModuleManager: Shutting down and abandoning module WindowsPlatformEditor (477)
[2018.07.12-10.48.29:389][ 14]LogModuleManager: Shutting down and abandoning module IOSRuntimeSettings (475)
[2018.07.12-10.48.29:389][ 14]LogModuleManager: Shutting down and abandoning module AndroidRuntimeSettings (473)
[2018.07.12-10.48.29:389][ 14]LogModuleManager: Shutting down and abandoning module InputBindingEditor (471)
[2018.07.12-10.48.29:389][ 14]LogModuleManager: Shutting down and abandoning module MergeActors (469)
[2018.07.12-10.48.29:389][ 14]LogModuleManager: Shutting down and abandoning module LocalizationDashboard (467)
[2018.07.12-10.48.29:389][ 14]LogModuleManager: Shutting down and abandoning module LocalizationService (466)
[2018.07.12-10.48.29:389][ 14]LogModuleManager: Shutting down and abandoning module HardwareTargeting (463)
[2018.07.12-10.48.29:389][ 14]LogModuleManager: Shutting down and abandoning module DeviceProfileEditor (461)
[2018.07.12-10.48.29:389][ 14]LogModuleManager: Shutting down and abandoning module UndoHistory (459)
[2018.07.12-10.48.29:389][ 14]LogModuleManager: Shutting down and abandoning module XmlParser (457)
[2018.07.12-10.48.29:389][ 14]LogModuleManager: Shutting down and abandoning module Blutility (455)
[2018.07.12-10.48.29:389][ 14]LogModuleManager: Shutting down and abandoning module ProjectSettingsViewer (453)
[2018.07.12-10.48.29:389][ 14]LogModuleManager: Shutting down and abandoning module ProjectTargetPlatformEditor (452)
[2018.07.12-10.48.29:389][ 14]LogModuleManager: Shutting down and abandoning module EditorSettingsViewer (449)
[2018.07.12-10.48.29:389][ 14]LogModuleManager: Shutting down and abandoning module SettingsEditor (447)
[2018.07.12-10.48.29:390][ 14]LogModuleManager: Shutting down and abandoning module ProjectLauncher (445)
[2018.07.12-10.48.29:390][ 14]LogModuleManager: Shutting down and abandoning module SessionFrontend (443)
[2018.07.12-10.48.29:390][ 14]LogModuleManager: Shutting down and abandoning module ProfilerClient (441)
[2018.07.12-10.48.29:390][ 14]LogModuleManager: Shutting down and abandoning module DeviceManager (439)
[2018.07.12-10.48.29:390][ 14]LogModuleManager: Shutting down and abandoning module TargetDeviceServices (438)
[2018.07.12-10.48.29:442][ 14]LogModuleManager: Shutting down and abandoning module AutomationController (435)
[2018.07.12-10.48.29:442][ 14]LogModuleManager: Shutting down and abandoning module AutomationWindow (433)
[2018.07.12-10.48.29:442][ 14]LogModuleManager: Shutting down and abandoning module Layers (431)
[2018.07.12-10.48.29:442][ 14]LogModuleManager: Shutting down and abandoning module ComponentVisualizers (429)
[2018.07.12-10.48.29:442][ 14]LogModuleManager: Shutting down and abandoning module DetailCustomizations (427)
[2018.07.12-10.48.29:442][ 14]LogModuleManager: Shutting down and abandoning module PackagesDialog (425)
[2018.07.12-10.48.29:442][ 14]LogModuleManager: Shutting down and abandoning module Persona (423)
[2018.07.12-10.48.29:442][ 14]LogModuleManager: Shutting down and abandoning module AdvancedPreviewScene (422)
[2018.07.12-10.48.29:442][ 14]LogModuleManager: Shutting down and abandoning module AnimGraph (420)
[2018.07.12-10.48.29:443][ 14]LogModuleManager: Shutting down and abandoning module Kismet (417)
[2018.07.12-10.48.29:443][ 14]LogModuleManager: Shutting down and abandoning module GraphEditor (415)
[2018.07.12-10.48.29:443][ 14]LogModuleManager: Shutting down and abandoning module ClassViewer (413)
[2018.07.12-10.48.29:443][ 14]LogModuleManager: Shutting down and abandoning module Toolbox (411)
[2018.07.12-10.48.29:443][ 14]LogModuleManager: Shutting down and abandoning module ModuleUI (409)
[2018.07.12-10.48.29:443][ 14]LogModuleManager: Shutting down and abandoning module MovieSceneTools (407)
[2018.07.12-10.48.29:443][ 14]LogModuleManager: Shutting down and abandoning module OutputLog (405)
[2018.07.12-10.48.29:443][ 14]LogModuleManager: Shutting down and abandoning module GammaUI (403)
[2018.07.12-10.48.29:443][ 14]LogModuleManager: Shutting down and abandoning module Documentation (401)
[2018.07.12-10.48.29:443][ 14]LogModuleManager: Shutting down and abandoning module MovieSceneTracks (399)
[2018.07.12-10.48.29:444][ 14]LogModuleManager: Shutting down and abandoning module MovieScene (397)
[2018.07.12-10.48.29:444][ 14]LogModuleManager: Shutting down and abandoning module StreamingPauseRendering (395)
[2018.07.12-10.48.29:444][ 14]LogModuleManager: Shutting down and abandoning module LauncherPlatform (393)
[2018.07.12-10.48.29:444][ 14]LogModuleManager: Shutting down and abandoning module AnalyticsET (391)
[2018.07.12-10.48.29:444][ 14]LogModuleManager: Shutting down and abandoning module PortalServices (389)
[2018.07.12-10.48.29:444][ 14]LogModuleManager: Shutting down and abandoning module PortalRpc (387)
[2018.07.12-10.48.29:444][ 14]LogModuleManager: Shutting down and abandoning module MessagingRpc (385)
[2018.07.12-10.48.29:444][ 14]LogModuleManager: Shutting down and abandoning module AIModule (383)
[2018.07.12-10.48.29:444][ 14]LogModuleManager: Shutting down and abandoning module GameplayDebugger (382)
[2018.07.12-10.48.29:444][ 14]LogModuleManager: Shutting down and abandoning module AITestSuite (380)
[2018.07.12-10.48.29:444][ 14]LogModuleManager: Shutting down and abandoning module ProfilerService (377)
[2018.07.12-10.48.29:475][ 14]LogModuleManager: Shutting down and abandoning module TaskGraph (375)
[2018.07.12-10.48.29:475][ 14]LogModuleManager: Shutting down and abandoning module SteamVRController (373)
[2018.07.12-10.48.29:475][ 14]LogModuleManager: Shutting down and abandoning module ProceduralMeshComponentEditor (371)
[2018.07.12-10.48.29:475][ 14]LogModuleManager: Shutting down and abandoning module ProceduralMeshComponent (369)
[2018.07.12-10.48.29:475][ 14]LogModuleManager: Shutting down and abandoning module OculusInput (367)
[2018.07.12-10.48.29:475][ 14]LogModuleManager: Shutting down and abandoning module MobilePatchingUtils (365)
[2018.07.12-10.48.29:475][ 14]LogModuleManager: Shutting down and abandoning module CustomMeshComponent (363)
[2018.07.12-10.48.29:475][ 14]LogModuleManager: Shutting down and abandoning module CableComponent (361)
[2018.07.12-10.48.29:475][ 14]LogModuleManager: Shutting down and abandoning module AudioCapture (359)
[2018.07.12-10.48.29:475][ 14]LogModuleManager: Shutting down and abandoning module ArchVisCharacter (357)
[2018.07.12-10.48.29:475][ 14]LogModuleManager: Shutting down and abandoning module AndroidPermission (355)
[2018.07.12-10.48.29:475][ 14]LogModuleManager: Shutting down and abandoning module NUTUnrealEngine4 (353)
[2018.07.12-10.48.29:475][ 14]LogModuleManager: Shutting down and abandoning module NetcodeUnitTest (351)
[2018.07.12-10.48.29:475][ 14]LogModuleManager: Shutting down and abandoning module MediaCompositingEditor (349)
[2018.07.12-10.48.29:475][ 14]LogModuleManager: Shutting down and abandoning module MediaCompositing (347)
[2018.07.12-10.48.29:475][ 14]LogModuleManager: Shutting down and abandoning module LinearTimecode (345)
[2018.07.12-10.48.29:475][ 14]LogModuleManager: Shutting down and abandoning module ImgMedia (343)
[2018.07.12-10.48.29:479][ 14]LogModuleManager: Shutting down and abandoning module HTML5Networking (341)
[2018.07.12-10.48.29:479][ 14]LogModuleManager: Shutting down and abandoning module AlembicImporter (339)
[2018.07.12-10.48.29:479][ 14]LogModuleManager: Shutting down and abandoning module AlembicLibrary (338)
[2018.07.12-10.48.29:479][ 14]LogModuleManager: Shutting down and abandoning module GeometryCache (337)
[2018.07.12-10.48.29:479][ 14]LogModuleManager: Shutting down and abandoning module GeometryCacheEd (336)
[2018.07.12-10.48.29:479][ 14]LogModuleManager: Shutting down and abandoning module DatasmithContent (331)
[2018.07.12-10.48.29:479][ 14]LogModuleManager: Shutting down and abandoning module SpeedTreeImporter (329)
[2018.07.12-10.48.29:479][ 14]LogModuleManager: Shutting down and abandoning module PluginBrowser (327)
[2018.07.12-10.48.29:479][ 14]LogModuleManager: Shutting down and abandoning module MobileLauncherProfileWizard (325)
[2018.07.12-10.48.29:479][ 14]LogModuleManager: Shutting down and abandoning module CryptoKeysOpenSSL (323)
[2018.07.12-10.48.29:479][ 14]LogModuleManager: Shutting down and abandoning module CryptoKeys (321)
[2018.07.12-10.48.29:479][ 14]LogModuleManager: Shutting down and abandoning module VisualStudioSourceCodeAccess (319)
[2018.07.12-10.48.29:479][ 14]LogModuleManager: Shutting down and abandoning module VisualStudioCodeSourceCodeAccess (317)
[2018.07.12-10.48.29:479][ 14]LogModuleManager: Shutting down and abandoning module UObjectPlugin (315)
[2018.07.12-10.48.29:479][ 14]LogModuleManager: Shutting down and abandoning module SubversionSourceControl (313)
[2018.07.12-10.48.29:479][ 14]LogModuleManager: Shutting down and abandoning module PerforceSourceControl (311)
[2018.07.12-10.48.29:479][ 14]LogModuleManager: Shutting down and abandoning module GitSourceControl (309)
[2018.07.12-10.48.29:479][ 14]LogModuleManager: Shutting down and abandoning module SourceControl (308)
[2018.07.12-10.48.29:479][ 14]LogModuleManager: Shutting down and abandoning module CLionSourceCodeAccess (305)
[2018.07.12-10.48.29:479][ 14]LogModuleManager: Shutting down and abandoning module LightPropagationVolumeEditor (303)
[2018.07.12-10.48.29:479][ 14]LogModuleManager: Shutting down and abandoning module PaperTiledImporter (301)
[2018.07.12-10.48.29:479][ 14]LogModuleManager: Shutting down and abandoning module PaperSpriteSheetImporter (299)
[2018.07.12-10.48.29:479][ 14]LogModuleManager: Shutting down and abandoning module Paper2DEditor (297)
[2018.07.12-10.48.29:479][ 14]LogModuleManager: Shutting down and abandoning module MeshPaint (296)
[2018.07.12-10.48.29:480][ 14]LogModuleManager: Shutting down and abandoning module MultiplayerShootout (293)
[2018.07.12-10.48.29:480][ 14]LogModuleManager: Shutting down and abandoning module RuntimePhysXCooking (291)
[2018.07.12-10.48.29:480][ 14]LogModuleManager: Shutting down and abandoning module PhysXVehiclesEditor (289)
[2018.07.12-10.48.29:480][ 14]LogModuleManager: Shutting down and abandoning module PhysXVehicles (287)
[2018.07.12-10.48.29:480][ 14]LogModuleManager: Shutting down and abandoning module OculusEditor (285)
[2018.07.12-10.48.29:480][ 14]LogModuleManager: Shutting down and abandoning module LocationServicesBPLibrary (283)
[2018.07.12-10.48.29:480][ 14]LogModuleManager: Shutting down and abandoning module ImmediatePhysicsEditor (281)
[2018.07.12-10.48.29:480][ 14]LogModuleManager: Shutting down and abandoning module ImmediatePhysics (279)
[2018.07.12-10.48.29:480][ 14]LogModuleManager: Shutting down and abandoning module ActorSequence (277)
[2018.07.12-10.48.29:480][ 14]LogModuleManager: Shutting down and abandoning module UdpMessaging (275)
[2018.07.12-10.48.29:581][ 14]LogModuleManager: Shutting down and abandoning module TcpMessaging (273)
[2018.07.12-10.48.29:681][ 14]LogModuleManager: Shutting down and abandoning module GameplayTagsEditor (271)
[2018.07.12-10.48.29:681][ 14]LogModuleManager: Shutting down and abandoning module FacialAnimationEditor (269)
[2018.07.12-10.48.29:681][ 14]LogModuleManager: Shutting down and abandoning module FacialAnimation (267)
[2018.07.12-10.48.29:681][ 14]LogModuleManager: Shutting down and abandoning module DataValidation (265)
[2018.07.12-10.48.29:681][ 14]LogModuleManager: Shutting down and abandoning module AssetManagerEditor (263)
[2018.07.12-10.48.29:681][ 14]LogModuleManager: Shutting down and abandoning module LevelEditor (262)
[2018.07.12-10.48.29:682][ 14]LogModuleManager: Shutting down and abandoning module PixelInspectorModule (261)
[2018.07.12-10.48.29:682][ 14]LogModuleManager: Shutting down and abandoning module CommonMenuExtensions (259)
[2018.07.12-10.48.29:683][ 14]LogModuleManager: Shutting down and abandoning module MainFrame (257)
[2018.07.12-10.48.29:683][ 14]LogModuleManager: Shutting down and abandoning module HotReload (256)
[2018.07.12-10.48.29:683][ 14]LogDirectoryWatcher: A directory notification for 'D:/Unreal Projects/MultiplayerShootout/Binaries/Win64' was aborted.
[2018.07.12-10.48.29:683][ 14]LogModuleManager: Shutting down and abandoning module ContentBrowser (252)
[2018.07.12-10.48.29:685][ 14]LogModuleManager: Shutting down and abandoning module TreeMap (250)
[2018.07.12-10.48.29:685][ 14]LogModuleManager: Shutting down and abandoning module LightPropagationVolumeRuntime (247)
[2018.07.12-10.48.29:685][ 14]LogModuleManager: Shutting down and abandoning module LiveLinkEditor (245)
[2018.07.12-10.48.29:685][ 14]LogModuleManager: Shutting down and abandoning module LiveLink (243)
[2018.07.12-10.48.29:972][ 14]LogModuleManager: Shutting down and abandoning module Paper2D (241)
[2018.07.12-10.48.29:972][ 14]LogModuleManager: Shutting down and abandoning module WindowsMoviePlayer (239)
[2018.07.12-10.48.29:972][ 14]LogModuleManager: Shutting down and abandoning module WmfMedia (237)
[2018.07.12-10.48.29:972][ 14]LogModuleManager: Shutting down and abandoning module Media (236)
[2018.07.12-10.48.29:978][ 14]LogModuleManager: Shutting down and abandoning module PacketHandler (233)
[2018.07.12-10.48.29:978][ 14]LogModuleManager: Shutting down and abandoning module ClothingSystemEditor (231)
[2018.07.12-10.48.29:978][ 14]LogModuleManager: Shutting down and abandoning module ClothingSystemRuntime (229)
[2018.07.12-10.48.29:978][ 14]LogModuleManager: Shutting down and abandoning module MediaAssets (227)
[2018.07.12-10.48.29:978][ 14]LogModuleManager: Shutting down and abandoning module Overlay (225)
[2018.07.12-10.48.29:978][ 14]LogModuleManager: Shutting down and abandoning module OverlayEditor (224)
[2018.07.12-10.48.29:978][ 14]LogModuleManager: Shutting down and abandoning module VREditor (221)
[2018.07.12-10.48.29:978][ 14]LogModuleManager: Shutting down and abandoning module StringTableEditor (219)
[2018.07.12-10.48.29:978][ 14]LogModuleManager: Shutting down and abandoning module GameplayTasksEditor (217)
[2018.07.12-10.48.29:978][ 14]LogModuleManager: Shutting down and abandoning module BehaviorTreeEditor (215)
[2018.07.12-10.48.29:978][ 14]LogModuleManager: Shutting down and abandoning module FunctionalTesting (213)
[2018.07.12-10.48.29:979][ 14]LogModuleManager: Shutting down and abandoning module CollisionAnalyzer (211)
[2018.07.12-10.48.29:979][ 14]LogModuleManager: Shutting down and abandoning module WorkspaceMenuStructure (210)
[2018.07.12-10.48.29:979][ 14]LogModuleManager: Shutting down and abandoning module UMG (207)
[2018.07.12-10.48.29:979][ 14]LogModuleManager: Shutting down and abandoning module UMGEditor (206)
[2018.07.12-10.48.29:979][ 14]LogModuleManager: Shutting down and abandoning module Sequencer (205)
[2018.07.12-10.48.29:979][ 14]LogModuleManager: Shutting down and abandoning module MessageLog (202)
[2018.07.12-10.48.29:979][ 14]LogModuleManager: Shutting down and abandoning module SlateReflector (197)
[2018.07.12-10.48.29:979][ 14]LogModuleManager: Shutting down and abandoning module Slate (195)
[2018.07.12-10.48.29:979][ 14]LogModuleManager: Shutting down and abandoning module EditorStyle (193)
[2018.07.12-10.48.29:981][ 14]LogModuleManager: Shutting down and abandoning module MRMesh (191)
[2018.07.12-10.48.29:981][ 14]LogModuleManager: Shutting down and abandoning module SourceCodeAccess (189)
[2018.07.12-10.48.29:981][ 14]LogModuleManager: Shutting down and abandoning module HeadMountedDisplay (187)
[2018.07.12-10.48.29:981][ 14]LogModuleManager: Shutting down and abandoning module XAudio2 (185)
[2018.07.12-10.48.29:981][ 14]LogModuleManager: Shutting down and abandoning module Networking (183)
[2018.07.12-10.48.29:981][ 14]LogModuleManager: Shutting down and abandoning module Core (181)
[2018.07.12-10.48.29:981][ 14]LogModuleManager: Shutting down and abandoning module LevelSequence (179)
[2018.07.12-10.48.29:981][ 14]LogModuleManager: Shutting down and abandoning module KismetCompiler (177)
[2018.07.12-10.48.29:981][ 14]LogModuleManager: Shutting down and abandoning module MeshUtilities (175)
[2018.07.12-10.48.29:982][ 14]LogModuleManager: Shutting down and abandoning module MeshMergeUtilities (174)
[2018.07.12-10.48.29:982][ 14]LogModuleManager: Shutting down and abandoning module MeshReductionInterface (173)
[2018.07.12-10.48.29:982][ 14]LogModuleManager: Shutting down and abandoning module SimplygonSwarm (172)
[2018.07.12-10.48.29:982][ 14]LogModuleManager: Shutting down and abandoning module SimplygonMeshReduction (170)
[2018.07.12-10.48.29:982][ 14]LogModuleManager: Shutting down and abandoning module QuadricMeshReduction (168)
[2018.07.12-10.48.29:982][ 14]LogModuleManager: Shutting down and abandoning module MaterialBaking (164)
[2018.07.12-10.48.29:982][ 14]LogModuleManager: Shutting down and abandoning module DirectoryWatcher (160)
[2018.07.12-10.48.29:982][ 14]LogModuleManager: Shutting down and abandoning module DerivedDataCache (157)
[2018.07.12-10.48.30:175][ 14]LogDerivedDataCache: Shutdown
[2018.07.12-10.48.30:175][ 14]LogModuleManager: Shutting down and abandoning module XGEController (155)
[2018.07.12-10.48.30:175][ 14]LogXGEController: Cleaning working directory: C:/Users/Hampuz/AppData/Local/Temp/UnrealXGEWorkingDir/
[2018.07.12-10.48.30:175][ 14]LogModuleManager: Shutting down and abandoning module TargetPlatform (153)
[2018.07.12-10.48.30:176][ 14]LogModuleManager: Shutting down and abandoning module VulkanShaderFormat (152)
[2018.07.12-10.48.30:176][ 14]LogModuleManager: Shutting down and abandoning module ShaderFormatVectorVM (150)
[2018.07.12-10.48.30:176][ 14]LogModuleManager: Shutting down and abandoning module ShaderFormatOpenGL (148)
[2018.07.12-10.48.30:176][ 14]LogModuleManager: Shutting down and abandoning module ShaderFormatD3D (146)
[2018.07.12-10.48.30:176][ 14]LogModuleManager: Shutting down and abandoning module MetalShaderFormat (144)
[2018.07.12-10.48.30:176][ 14]LogModuleManager: Shutting down and abandoning module TextureFormatUncompressed (142)
[2018.07.12-10.48.30:176][ 14]LogModuleManager: Shutting down and abandoning module TextureFormatPVR (140)
[2018.07.12-10.48.30:176][ 14]LogModuleManager: Shutting down and abandoning module TextureFormatDXT (138)
[2018.07.12-10.48.30:176][ 14]LogModuleManager: Shutting down and abandoning module TextureFormatIntelISPCTexComp (136)
[2018.07.12-10.48.30:176][ 14]LogModuleManager: Shutting down and abandoning module TextureFormatASTC (134)
[2018.07.12-10.48.30:176][ 14]LogModuleManager: Shutting down and abandoning module ImageWrapper (133)
[2018.07.12-10.48.30:176][ 14]LogModuleManager: Shutting down and abandoning module TextureFormatAndroid (130)
[2018.07.12-10.48.30:176][ 14]LogModuleManager: Shutting down and abandoning module AudioFormatOpus (128)
[2018.07.12-10.48.30:176][ 14]LogModuleManager: Shutting down and abandoning module AudioFormatOgg (126)
[2018.07.12-10.48.30:176][ 14]LogModuleManager: Shutting down and abandoning module AudioFormatADPCM (124)
[2018.07.12-10.48.30:176][ 14]LogModuleManager: Shutting down and abandoning module LinuxTargetPlatform (122)
[2018.07.12-10.48.30:176][ 14]LogModuleManager: Shutting down and abandoning module LinuxServerTargetPlatform (120)
[2018.07.12-10.48.30:176][ 14]LogModuleManager: Shutting down and abandoning module LinuxNoEditorTargetPlatform (118)
[2018.07.12-10.48.30:176][ 14]LogModuleManager: Shutting down and abandoning module LinuxClientTargetPlatform (116)
[2018.07.12-10.48.30:176][ 14]LogModuleManager: Shutting down and abandoning module TVOSTargetPlatform (114)
[2018.07.12-10.48.30:176][ 14]LogModuleManager: Shutting down and abandoning module Messaging (112)
[2018.07.12-10.48.30:176][ 14]LogModuleManager: Shutting down and abandoning module IOSTargetPlatform (110)
[2018.07.12-10.48.30:176][ 14]LogModuleManager: Shutting down and abandoning module HTML5TargetPlatform (108)
[2018.07.12-10.48.30:176][ 14]LogModuleManager: Shutting down and abandoning module AndroidTargetPlatform (106)
[2018.07.12-10.48.30:176][ 14]LogModuleManager: Shutting down and abandoning module Android_PVRTCTargetPlatform (104)
[2018.07.12-10.48.30:176][ 14]LogModuleManager: Shutting down and abandoning module Android_MultiTargetPlatform (102)
[2018.07.12-10.48.30:176][ 14]LogModuleManager: Shutting down and abandoning module Android_ETC2TargetPlatform (100)
[2018.07.12-10.48.30:176][ 14]LogModuleManager: Shutting down and abandoning module Android_ETC1TargetPlatform (98)
[2018.07.12-10.48.30:176][ 14]LogModuleManager: Shutting down and abandoning module Android_ETC1aTargetPlatform (96)
[2018.07.12-10.48.30:176][ 14]LogModuleManager: Shutting down and abandoning module Android_DXTTargetPlatform (94)
[2018.07.12-10.48.30:176][ 14]LogModuleManager: Shutting down and abandoning module Android_ATCTargetPlatform (92)
[2018.07.12-10.48.30:176][ 14]LogModuleManager: Shutting down and abandoning module Android_ASTCTargetPlatform (90)
[2018.07.12-10.48.30:176][ 14]LogModuleManager: Shutting down and abandoning module WindowsTargetPlatform (88)
[2018.07.12-10.48.30:176][ 14]LogModuleManager: Shutting down and abandoning module WindowsServerTargetPlatform (86)
[2018.07.12-10.48.30:176][ 14]LogModuleManager: Shutting down and abandoning module WindowsNoEditorTargetPlatform (84)
[2018.07.12-10.48.30:177][ 14]LogModuleManager: Shutting down and abandoning module WindowsClientTargetPlatform (82)
[2018.07.12-10.48.30:177][ 14]LogModuleManager: Shutting down and abandoning module MacTargetPlatform (80)
[2018.07.12-10.48.30:177][ 14]LogModuleManager: Shutting down and abandoning module MacServerTargetPlatform (78)
[2018.07.12-10.48.30:177][ 14]LogModuleManager: Shutting down and abandoning module MacNoEditorTargetPlatform (76)
[2018.07.12-10.48.30:177][ 14]LogModuleManager: Shutting down and abandoning module MacClientTargetPlatform (74)
[2018.07.12-10.48.30:177][ 14]LogModuleManager: Shutting down and abandoning module AllDesktopTargetPlatform (72)
[2018.07.12-10.48.30:177][ 14]LogModuleManager: Shutting down and abandoning module InputCore (69)
[2018.07.12-10.48.30:177][ 14]LogModuleManager: Shutting down and abandoning module Settings (67)
[2018.07.12-10.48.30:177][ 14]LogModuleManager: Shutting down and abandoning module PhysXCooking (65)
[2018.07.12-10.48.30:177][ 14]LogModuleManager: Shutting down and abandoning module SteamVR (63)
[2018.07.12-10.48.30:177][ 14]LogModuleManager: Shutting down and abandoning module OculusHMD (61)
[2018.07.12-10.48.30:177][ 14]LogModuleManager: Shutting down and abandoning module ExampleDeviceProfileSelector (59)
[2018.07.12-10.48.30:177][ 14]LogModuleManager: Shutting down and abandoning module AppleARKit (57)
[2018.07.12-10.48.30:177][ 14]LogModuleManager: Shutting down and abandoning module AugmentedReality (56)
[2018.07.12-10.48.30:177][ 14]LogModuleManager: Shutting down and abandoning module OnlineBlueprintSupport (53)
[2018.07.12-10.48.30:177][ 14]LogModuleManager: Shutting down and abandoning module OnlineSubsystem (49)
[2018.07.12-10.48.30:177][ 14]LogOnline: Display: OSS: FOnlineSubsystemNull::Shutdown()
[2018.07.12-10.48.30:177][ 14]LogOnline: Display: OSS: FOnlineAsyncTaskManager::Stop() ActiveTask:0000000000000000 Tasks[0/0]
[2018.07.12-10.48.30:178][ 14]LogOnline: Display: OSS: FOnlineAsyncTaskManager::Exit() started
[2018.07.12-10.48.30:178][ 14]LogOnline: Display: OSS: FOnlineAsyncTaskManager::Exit() finished
[2018.07.12-10.48.30:178][ 14]LogModuleManager: Shutting down and abandoning module XMPP (43)
[2018.07.12-10.48.30:178][ 14]LogModuleManager: Shutting down and abandoning module HTTP (41)
[2018.07.12-10.48.30:178][ 14]LogHttp: Display: Http module shutting down, but needs to wait on 1 outstanding Http requests:
[2018.07.12-10.48.30:178][ 14]LogHttp: Display: 	verb=[POST] url=[https://datarouter.ol.epicgames.com/datarouter/api/v1/public/data?SessionID=%7B4ED28E76-4901-D564-7FE7-6388ECAFBD45%7D&AppID=UEEditor.Rocket.Release&AppVersion=4.19.2-4033788%2B%2B%2BUE4%2BRelease-4.19&UserID=8032020b4ab79f03573d8ea481523435%7Ca28728bc994e46c6abddadc506f8f786%7C3acc9aa8-0024-4b93-baac-43c9380038e5&AppEnvironment=datacollector-binary&UploadType=eteventstream] status=Processing
[2018.07.12-10.48.30:193][ 14]LogModuleManager: Shutting down and abandoning module SSL (40)
[2018.07.12-10.48.30:195][ 14]LogModuleManager: Shutting down and abandoning module AnimationModifiers (36)
[2018.07.12-10.48.30:195][ 14]LogModuleManager: Shutting down and abandoning module PropertyEditor (35)
[2018.07.12-10.48.30:195][ 14]LogModuleManager: Shutting down and abandoning module AudioEditor (32)
[2018.07.12-10.48.30:195][ 14]LogModuleManager: Shutting down and abandoning module TextureCompressor (30)
[2018.07.12-10.48.30:195][ 14]LogModuleManager: Shutting down and abandoning module ShaderCore (28)
[2018.07.12-10.48.30:195][ 14]LogModuleManager: Shutting down and abandoning module Landscape (26)
[2018.07.12-10.48.30:195][ 14]LogModuleManager: Shutting down and abandoning module SlateRHIRenderer (24)
[2018.07.12-10.48.30:196][ 14]LogModuleManager: Shutting down and abandoning module OpenGLDrv (22)
[2018.07.12-10.48.30:196][ 14]LogModuleManager: Shutting down and abandoning module D3D11RHI (20)
[2018.07.12-10.48.30:196][ 14]LogModuleManager: Shutting down and abandoning module AnimGraphRuntime (18)
[2018.07.12-10.48.30:196][ 14]LogModuleManager: Shutting down and abandoning module Renderer (16)
[2018.07.12-10.48.30:196][ 14]LogModuleManager: Shutting down and abandoning module Engine (14)
[2018.07.12-10.48.30:196][ 14]LogModuleManager: Shutting down and abandoning module CoreUObject (12)
[2018.07.12-10.48.30:196][ 14]LogModuleManager: Shutting down and abandoning module NetworkFile (10)
[2018.07.12-10.48.30:196][ 14]LogModuleManager: Shutting down and abandoning module CookedIterativeFile (8)
[2018.07.12-10.48.30:196][ 14]LogModuleManager: Shutting down and abandoning module StreamingFile (6)
[2018.07.12-10.48.30:196][ 14]LogModuleManager: Shutting down and abandoning module SandboxFile (4)
[2018.07.12-10.48.30:196][ 14]LogModuleManager: Shutting down and abandoning module PakFile (2)
[2018.07.12-10.48.30:204][ 14]LogExit: Exiting.
[2018.07.12-10.48.30:222][ 14]Log file closed, 07/12/18 12:48:30
